number,value,params_alpha,user_attrs_mae_valid,user_attrs_rmse_valid,user_attrs_smape_valid,state,nivel,familia,params_l1_ratio,params_max_depth,params_max_features,params_min_samples_leaf,params_min_samples_split,params_n_estimators,params_l2_regularization,params_learning_rate,params_max_iter,params_max_leaf_nodes,params_colsample_bytree,params_min_child_weight,params_reg_alpha,params_reg_lambda,params_subsample
0,0.7212198249299551,0.041858227295469716,1.3483721226552638,1.9497897981511183,7.462590670329296,COMPLETE,banco_rango,ridge,,,,,,,,,,,,,,,
1,0.6249198218501568,451.85609510240965,1.9210891169902011,2.2616162047889716,10.317363439415862,COMPLETE,banco_rango,ridge,,,,,,,,,,,,,,,
2,0.6440700157602828,13.3032451015229,1.8715323602867135,2.2031249973464013,10.15896560161721,COMPLETE,banco_rango,ridge,,,,,,,,,,,,,,,
3,0.7186979199242536,1.55099139875943,1.5557918225018295,1.9585890504502605,8.493382397149235,COMPLETE,banco_rango,ridge,,,,,,,,,,,,,,,
4,0.7196177753566881,0.0012363188277052211,1.3393679344229745,1.9553841434513124,7.420561061884875,COMPLETE,banco_rango,ridge,,,,,,,,,,,,,,,
5,0.7196177549824514,0.0012358382772306934,1.3393678244230187,1.95538421449622,7.420560541661398,COMPLETE,banco_rango,ridge,,,,,,,,,,,,,,,
6,0.7195760976786634,0.00025502648504032837,1.3391430274628715,1.9555294680034778,7.419497081741115,COMPLETE,banco_rango,ridge,,,,,,,,,,,,,,,
7,0.6100389205461909,115.67327199145953,1.98528286809321,2.3060434313598157,10.654997960242623,COMPLETE,banco_rango,ridge,,,,,,,,,,,,,,,
8,0.7178415491457816,1.6136341713591311,1.561695524799939,1.9615680611810953,8.524457266893181,COMPLETE,banco_rango,ridge,,,,,,,,,,,,,,,
9,0.6564336780729096,9.047071957568372,1.8292023247734879,2.1645226924806154,9.946409708770892,COMPLETE,banco_rango,ridge,,,,,,,,,,,,,,,
10,0.7212182579974583,0.04181541491912686,1.348362458990214,1.949795277709883,7.4625459443368864,COMPLETE,banco_rango,ridge,,,,,,,,,,,,,,,
11,0.7212924443141759,0.04384978187324618,1.3488205850725412,1.9495358314611997,7.464665113359602,COMPLETE,banco_rango,ridge,,,,,,,,,,,,,,,
12,0.7207700900577494,0.029837668744492403,1.3457194490152329,1.951361888232617,7.45032678048923,COMPLETE,banco_rango,ridge,,,,,,,,,,,,,,,
13,0.721990985476106,0.06379392055618104,1.3532117933037187,1.9470911804686313,7.484855306770584,COMPLETE,banco_rango,ridge,,,,,,,,,,,,,,,
14,0.725747058316959,0.21008469056904142,1.3830016990639726,1.9338932509048505,7.622618673892602,COMPLETE,banco_rango,ridge,,,,,,,,,,,,,,,
15,0.7276192862135497,0.35007694079467766,1.4082799473569922,1.9272809437691696,7.740906023572033,COMPLETE,banco_rango,ridge,,,,,,,,,,,,,,,
16,0.7283245560052491,0.5839082727519415,1.4444320198591227,1.9247841920291011,7.9174126647343375,COMPLETE,banco_rango,ridge,,,,,,,,,,,,,,,
17,0.7283663475066067,0.5364321346032482,1.4375791044005453,1.9246361427359606,7.883263176915012,COMPLETE,banco_rango,ridge,,,,,,,,,,,,,,,
18,0.6386308853436917,16.31647335758847,1.890066567796513,2.219894659131146,10.24838666029271,COMPLETE,banco_rango,ridge,,,,,,,,,,,,,,,
19,0.7198162047767217,0.005956206078345206,1.340441790850096,1.9546920981277363,7.425632193571335,COMPLETE,banco_rango,ridge,,,,,,,,,,,,,,,
20,0.7178237271891564,1.6149327689917015,1.5618158500689798,1.961630009403428,8.525090157459578,COMPLETE,banco_rango,ridge,,,,,,,,,,,,,,,
21,0.7279202272159901,0.3896827361483827,1.414852981584976,1.9262159672093735,7.770991722237302,COMPLETE,banco_rango,ridge,,,,,,,,,,,,,,,
22,0.7279651051129771,0.3967820424141215,1.41599924034713,1.9260571018777386,7.7762095402292575,COMPLETE,banco_rango,ridge,,,,,,,,,,,,,,,
23,0.6861800050006944,4.232247383795248,1.718860458774486,2.0686982927698314,9.363639916648046,COMPLETE,banco_rango,ridge,,,,,,,,,,,,,,,
24,0.6191897055157436,50.54115717447489,1.9557870325503897,2.278826129714937,10.53684995705428,COMPLETE,banco_rango,ridge,,,,,,,,,,,,,,,
25,0.7259625570488687,0.2219772053588687,1.38529278723568,1.933133307474207,7.633534579794933,COMPLETE,banco_rango,ridge,,,,,,,,,,,,,,,
26,0.7277946897019051,0.7245191587232096,1.4637596386180065,1.926660293656426,8.012740541570814,COMPLETE,banco_rango,ridge,,,,,,,,,,,,,,,
27,0.7198532852759865,0.006847141440387159,1.3406430380047132,1.954562748467982,7.426580888573637,COMPLETE,banco_rango,ridge,,,,,,,,,,,,,,,
28,0.6918389943391683,3.668991381341545,1.6951261548034287,2.049961439190076,9.23353810497922,COMPLETE,banco_rango,ridge,,,,,,,,,,,,,,,
29,0.7199498918469498,0.009181791932246278,1.3411682282666253,1.9542257109866217,7.429054190769378,COMPLETE,banco_rango,ridge,,,,,,,,,,,,,,,
30,0.7238749918516463,0.12655727227567934,1.366259634299344,1.9404824591226257,7.543548237348433,COMPLETE,banco_rango,ridge,,,,,,,,,,,,,,,
31,0.7283346263262749,0.49482570399500975,1.4314238310659457,1.9247485182595863,7.852417921790074,COMPLETE,banco_rango,ridge,,,,,,,,,,,,,,,
32,0.7283300909749757,0.5805293293523074,1.4439521711685275,1.9247645846690473,7.915027257984986,COMPLETE,banco_rango,ridge,,,,,,,,,,,,,,,
33,0.7264697077428554,0.902766693043203,1.4855829084142376,1.9313436908789454,8.11907244679017,COMPLETE,banco_rango,ridge,,,,,,,,,,,,,,,
34,0.6834331966351506,4.530694515469078,1.7299899962874576,2.0777320349123034,9.424059267550271,COMPLETE,banco_rango,ridge,,,,,,,,,,,,,,,
35,0.7233314099040358,0.10683647321500514,1.362303440253586,1.9423915448377358,7.525912399237655,COMPLETE,banco_rango,ridge,,,,,,,,,,,,,,,
36,0.7202737569184894,0.017154771605244215,1.3429385215843426,1.9530953980200216,7.437364487335412,COMPLETE,banco_rango,ridge,,,,,,,,,,,,,,,
37,0.6729002553564203,937.8118632537149,1.7205087300135513,2.1120147796069917,9.339574859283141,COMPLETE,banco_rango,ridge,,,,,,,,,,,,,,,
38,0.6144955795779032,74.82573141984301,1.9714741788311012,2.2928282899799752,10.60020867997109,COMPLETE,banco_rango,ridge,,,,,,,,,,,,,,,
39,0.7194642729332614,1.4944319945120823,1.550304404173589,1.9559193327528537,8.46447466599618,COMPLETE,banco_rango,ridge,,,,,,,,,,,,,,,
40,0.6445709398230398,13.07311604086945,1.8698132450133247,2.201574148951047,10.150541340065276,COMPLETE,banco_rango,ridge,,,,,,,,,,,,,,,
41,0.7283384022343897,0.49728290810683856,1.431794752055954,1.9247351420631567,7.854280269212402,COMPLETE,banco_rango,ridge,,,,,,,,,,,,,,,
42,0.7279162653817912,0.7017872692690775,1.4607410459955232,1.926229991259076,7.997941045215909,COMPLETE,banco_rango,ridge,,,,,,,,,,,,,,,
43,0.7072698566639521,2.3841543577165756,1.623516841786568,1.9979774080119566,8.846842437519186,COMPLETE,banco_rango,ridge,,,,,,,,,,,,,,,
44,0.7228190227260507,0.08953947394295607,1.3587327888414047,1.9441893567018078,7.509900198532564,COMPLETE,banco_rango,ridge,,,,,,,,,,,,,,,
45,0.7283498797322141,0.5656751245677705,1.441822538201769,1.924694482328903,7.904432414970759,COMPLETE,banco_rango,ridge,,,,,,,,,,,,,,,
46,0.7247857209197364,0.1635543615719936,1.373723149766284,1.937279718790625,7.577931966556535,COMPLETE,banco_rango,ridge,,,,,,,,,,,,,,,
47,0.6271927500309225,28.711447823477975,1.928679703557122,2.2547532687581477,10.423790683042238,COMPLETE,banco_rango,ridge,,,,,,,,,,,,,,,
48,0.6667181748723361,6.868331705921029,1.7928586754262628,2.131879561128036,9.757893674831616,COMPLETE,banco_rango,ridge,,,,,,,,,,,,,,,
49,0.7196649982678733,0.00235235530876822,1.339623031653759,1.9552194703515962,7.421767074235131,COMPLETE,banco_rango,ridge,,,,,,,,,,,,,,,
50,0.7204763145882555,0.02226057080971398,1.3440537182481431,1.952388124199132,7.442578323853477,COMPLETE,banco_rango,ridge,,,,,,,,,,,,,,,
51,0.728080396302992,0.6662577691922197,1.455910614153234,1.9256489172072642,7.974198461291506,COMPLETE,banco_rango,ridge,,,,,,,,,,,,,,,
52,0.7207202409753928,1.4002936343476426,1.54078427458768,1.9515360623719082,8.414239639599055,COMPLETE,banco_rango,ridge,,,,,,,,,,,,,,,
53,0.7271790106862954,0.30630856583746974,1.400763948966032,1.9288379409706358,7.706123453164876,COMPLETE,banco_rango,ridge,,,,,,,,,,,,,,,
54,0.7220993190320848,0.06702374726965536,1.3539218206880936,1.9467117757488057,7.4880948396627,COMPLETE,banco_rango,ridge,,,,,,,,,,,,,,,
55,0.7282079537623336,0.44645770267086726,1.4239372640542245,1.9251972033675169,7.814724235854915,COMPLETE,banco_rango,ridge,,,,,,,,,,,,,,,
56,0.6998646941615769,2.964352474831306,1.6595340200944344,2.023090884983108,9.034963905436303,COMPLETE,banco_rango,ridge,,,,,,,,,,,,,,,
57,0.7258419795353498,0.21524343087064773,1.3840000087055593,1.9335585536928614,7.6273789180917735,COMPLETE,banco_rango,ridge,,,,,,,,,,,,,,,
58,0.71957032485896,0.00011937800715915961,1.3391118925890861,1.9555495962109026,7.4193497388108405,COMPLETE,banco_rango,ridge,,,,,,,,,,,,,,,
59,0.7249301529748617,1.056330575416871,1.5032306945777592,1.9367713112834604,8.21392973305082,COMPLETE,banco_rango,ridge,,,,,,,,,,,,,,,
60,0.7213193890925547,0.04459245204063823,1.3489872849685847,1.949441590957984,7.4654356343051305,COMPLETE,banco_rango,ridge,,,,,,,,,,,,,,,
61,0.7282585464428825,0.4615684813245351,1.4263212962304272,1.9250180122882683,7.826747121770336,COMPLETE,banco_rango,ridge,,,,,,,,,,,,,,,
62,0.7105144004126458,2.1439838515561167,1.605986231298063,1.9868740280753379,8.755707403913679,COMPLETE,banco_rango,ridge,,,,,,,,,,,,,,,
63,0.7283643976565544,0.525248874431389,1.4359449344381403,1.9246430504683318,7.875088132702183,COMPLETE,banco_rango,ridge,,,,,,,,,,,,,,,
64,0.726604783274462,0.26198820228231023,1.392826038232425,1.9308667610874448,7.669103630340243,COMPLETE,banco_rango,ridge,,,,,,,,,,,,,,,
65,0.7282328654709862,0.6233634515268708,1.4500339268285332,1.925108972215221,7.945174120687493,COMPLETE,banco_rango,ridge,,,,,,,,,,,,,,,
66,0.7245604439315576,0.15386789816871968,1.3717460381114503,1.9380724379571934,7.568301088570265,COMPLETE,banco_rango,ridge,,,,,,,,,,,,,,,
67,0.7231285591026657,1.2114000995303413,1.5205542738706461,1.9431034859468201,8.306947596666298,COMPLETE,banco_rango,ridge,,,,,,,,,,,,,,,
68,0.6618123710864634,7.807260840688758,1.8103038379274448,2.1475125419118655,9.848956527196558,COMPLETE,banco_rango,ridge,,,,,,,,,,,,,,,
69,0.7283115540831144,0.4823258416764222,1.429527854007176,1.9248302499178929,7.842889369921043,COMPLETE,banco_rango,ridge,,,,,,,,,,,,,,,
70,0.6769340872428564,5.317871740804431,1.755354831143261,2.098951575152704,9.560330605032958,COMPLETE,banco_rango,ridge,,,,,,,,,,,,,,,
71,0.7283383022676547,0.49721572040819895,1.4317846236509937,1.9247354961976235,7.854229421555637,COMPLETE,banco_rango,ridge,,,,,,,,,,,,,,,
72,0.7266487655707066,0.8825249829548423,1.4832574968424916,1.9307114413076951,8.107800803294756,COMPLETE,banco_rango,ridge,,,,,,,,,,,,,,,
73,0.7263660375696068,0.24619380339669256,1.3898857448841326,1.9317096535762994,7.655281429674235,COMPLETE,banco_rango,ridge,,,,,,,,,,,,,,,
74,0.7164077216678695,1.7176371466934581,1.571067503222591,1.96654573619997,8.573685374871832,COMPLETE,banco_rango,ridge,,,,,,,,,,,,,,,
75,0.7220705961694774,0.06616360559823808,1.3537332352108946,1.9468123758803917,7.487234943437807,COMPLETE,banco_rango,ridge,,,,,,,,,,,,,,,
76,0.7235110573260768,0.11318638377534643,1.3635915373768743,1.9417608221804352,7.531666787533919,COMPLETE,banco_rango,ridge,,,,,,,,,,,,,,,
77,0.7276767399418489,0.3568143803187707,1.4094148121533618,1.9270776707219237,7.746123390240485,COMPLETE,banco_rango,ridge,,,,,,,,,,,,,,,
78,0.7258290871115074,0.9703129520720974,1.4934248441354416,1.9336040164579067,8.161026928751278,COMPLETE,banco_rango,ridge,,,,,,,,,,,,,,,
79,0.7249209042607221,0.16956098559931687,1.3749313697476833,1.936803871183861,7.583800717057922,COMPLETE,banco_rango,ridge,,,,,,,,,,,,,,,
0,0.6148943442168737,0.0074593432857265485,1.969812982229472,2.291642135741267,10.62949741647503,COMPLETE,banco_rango,elasticnet,0.9056428757689245,,,,,,,,,,,,,,
1,0.7612362810268398,0.4570563099801455,1.3344000488318293,1.80443406728189,7.506280007582912,COMPLETE,banco_rango,elasticnet,0.588792635777333,,,,,,,,,,,,,,
2,0.7236507206672167,0.0006026889128682511,1.5035039549332814,1.941270337719876,8.207352762462266,COMPLETE,banco_rango,elasticnet,0.19039506830258235,,,,,,,,,,,,,,
3,0.7208375598803078,0.00019517224641449495,1.384708789617338,1.9511261219524054,7.645415981048891,COMPLETE,banco_rango,elasticnet,0.8295585311974416,,,,,,,,,,,,,,
4,0.6889862253396177,0.10129197956845731,1.702714055666689,2.0594282343951513,9.18878276526834,COMPLETE,banco_rango,elasticnet,0.6872653200164409,,,,,,,,,,,,,,
5,0.7199940885673155,0.00012674255898937226,1.3655265917472479,1.9540714996995763,7.5542922086647355,COMPLETE,banco_rango,elasticnet,0.9229188669457948,,,,,,,,,,,,,,
6,0.7021593391790424,1.452824663751602,1.3384016559475456,2.0153424089012444,7.759359729778168,COMPLETE,banco_rango,elasticnet,0.24110519961044852,,,,,,,,,,,,,,
7,0.7193618824564767,0.0008111941985431928,1.5424599333006284,1.9562762378161662,8.41333753110499,COMPLETE,banco_rango,elasticnet,0.21506405886809044,,,,,,,,,,,,,,
8,0.6690514429021047,0.0033205591037519565,1.7867087628018623,2.1244039313614382,9.677801904105907,COMPLETE,banco_rango,elasticnet,0.522280788469014,,,,,,,,,,,,,,
9,0.6176492827990768,0.01444525102276306,1.959130637882513,2.283430538785949,10.577201264448552,COMPLETE,banco_rango,elasticnet,0.3121062261782377,,,,,,,,,,,,,,
10,-1.1733466865763331,7.103285457179474,4.133768128416462,5.444040597116097,19.86284771223101,COMPLETE,banco_rango,elasticnet,0.4759945893092017,,,,,,,,,,,,,,
11,0.6140969444444764,0.1730779525382564,1.9636318708551006,2.294013445974979,10.526230829227199,COMPLETE,banco_rango,elasticnet,0.059463518652435154,,,,,,,,,,,,,,
12,0.7588173213913671,0.44337966503967596,1.3465559729951335,1.813551561256749,7.5538807110181905,COMPLETE,banco_rango,elasticnet,0.5575631104001643,,,,,,,,,,,,,,
13,0.7617297411462041,0.5390964383604716,1.3144684500710846,1.8025684639302615,7.452442847274003,COMPLETE,banco_rango,elasticnet,0.5999758398545837,,,,,,,,,,,,,,
14,0.3603968336887846,1.8735676388271143,2.060777486956702,2.9533311967566576,11.316012931188697,COMPLETE,banco_rango,elasticnet,0.7145649902525189,,,,,,,,,,,,,,
15,0.655447391139375,0.12294840185763721,1.8228585673367674,2.1676273485094093,9.795238926239156,COMPLETE,banco_rango,elasticnet,0.40575616608650744,,,,,,,,,,,,,,
16,0.7287683413087143,0.8995286976318013,1.3170419504892616,1.9232114697352678,7.642927940132638,COMPLETE,banco_rango,elasticnet,0.6539001789321557,,,,,,,,,,,,,,
17,-1.3233779173040787,8.976047333858538,4.288974887283437,5.6288124594759745,20.448758204852965,COMPLETE,banco_rango,elasticnet,0.6075805488202393,,,,,,,,,,,,,,
18,0.6722539354399883,0.07352836149311404,1.7687126868457526,2.1141003263027827,9.517591374038412,COMPLETE,banco_rango,elasticnet,0.7408633979307121,,,,,,,,,,,,,,
19,0.6093243924256695,0.031817052986528864,1.9836968920947233,2.3081551533604543,10.681332502400798,COMPLETE,banco_rango,elasticnet,0.3988347836575648,,,,,,,,,,,,,,
20,0.7768799962548196,0.35703865847630456,1.2855758267993398,1.7443197766571958,7.254491607444313,COMPLETE,banco_rango,elasticnet,0.8267542764185698,,,,,,,,,,,,,,
21,0.7737198639068041,0.42845417948363307,1.2843690520331015,1.7566290724210412,7.284657834317495,COMPLETE,banco_rango,elasticnet,0.7804273503479368,,,,,,,,,,,,,,
22,0.7751230194212259,0.3204888885341094,1.3011366877130595,1.7511742040044054,7.308071748856937,COMPLETE,banco_rango,elasticnet,0.8226298585221032,,,,,,,,,,,,,,
23,0.635341217737726,0.038459774919206484,1.8984624539270145,2.2299760007417633,10.206676149433997,COMPLETE,banco_rango,elasticnet,0.823030933469415,,,,,,,,,,,,,,
24,-0.040105256931577626,2.468220781828075,2.7418985901180823,3.7661316404487652,14.294084364826103,COMPLETE,banco_rango,elasticnet,0.8163093152069905,,,,,,,,,,,,,,
25,0.7555182242503575,0.20217267226081487,1.4119961345193512,1.8259130649156488,7.795932864866682,COMPLETE,banco_rango,elasticnet,0.7626410275729736,,,,,,,,,,,,,,
26,0.7812667590395677,0.25850422689314023,1.2841693045824745,1.7270871162428139,7.215875800831174,COMPLETE,banco_rango,elasticnet,0.9474940304688015,,,,,,,,,,,,,,
27,-0.8670569378307933,3.7191732309419736,3.8004798009457557,5.045865054621083,18.583126533278055,COMPLETE,banco_rango,elasticnet,0.9492464915200658,,,,,,,,,,,,,,
28,0.6660588500986907,0.053734230729726815,1.7939361277611028,2.133987246608958,9.648448946991854,COMPLETE,banco_rango,elasticnet,0.8702033433523166,,,,,,,,,,,,,,
29,0.6283132071670882,0.005762454276967318,1.9283847111293255,2.2513624341346494,10.394661747936716,COMPLETE,banco_rango,elasticnet,0.8910916603493448,,,,,,,,,,,,,,
30,0.6007160040668684,0.019149633810612732,2.002335744612652,2.3334462528165365,10.811070422323567,COMPLETE,banco_rango,elasticnet,0.8603501396805833,,,,,,,,,,,,,,
31,0.7660537382694865,0.24630808497292314,1.3560728381043377,1.7861375692276593,7.53651386930064,COMPLETE,banco_rango,elasticnet,0.789093067404053,,,,,,,,,,,,,,
32,0.681798699351174,0.8805031092094547,1.4131560209762657,2.0830890006386897,8.208948093517574,COMPLETE,banco_rango,elasticnet,0.9382409027018548,,,,,,,,,,,,,,
33,0.762051921507436,0.32425229945998846,1.3555481885304388,1.8013493679917572,7.5543429898155825,COMPLETE,banco_rango,elasticnet,0.6693943958857975,,,,,,,,,,,,,,
34,0.7149731538112879,0.9069816004319937,1.3466127314954388,1.9715134041926359,7.829605692022026,COMPLETE,banco_rango,elasticnet,0.7658483829020443,,,,,,,,,,,,,,
35,0.7773425434821946,0.48521847820117664,1.2417598141628339,1.7425107751015718,7.134483026028003,COMPLETE,banco_rango,elasticnet,0.8680950280397159,,,,,,,,,,,,,,
36,0.7278738570652887,0.11124050347214585,1.5469208514448227,1.9263801012765085,8.423812615059784,COMPLETE,banco_rango,elasticnet,0.8798233995665604,,,,,,,,,,,,,,
37,-1.1696395372342598,4.520161783628878,4.129870575646902,5.4393955754056185,19.848054464810126,COMPLETE,banco_rango,elasticnet,0.8516244312851741,,,,,,,,,,,,,,
38,0.6467539015602137,1.2024885029897556,1.4822179190110762,2.194802960726358,8.55480859584928,COMPLETE,banco_rango,elasticnet,0.7100180932892799,,,,,,,,,,,,,,
39,0.7580357762481745,0.6232324515829335,1.2543347052729636,1.8164875640439158,7.30136314014206,COMPLETE,banco_rango,elasticnet,0.9188882021687304,,,,,,,,,,,,,,
40,0.6802028597920206,0.07101392636029695,1.7402189195822835,2.088306009929643,9.372781108360758,COMPLETE,banco_rango,elasticnet,0.8173475565268205,,,,,,,,,,,,,,
41,0.7798682955841842,0.3083889674601232,1.2814596623582648,1.73259935574973,7.218397718371672,COMPLETE,banco_rango,elasticnet,0.8861626958610838,,,,,,,,,,,,,,
42,0.04698474289638366,2.2549660400627647,2.608738555368022,3.6050125187583304,13.725014073036416,COMPLETE,banco_rango,elasticnet,0.9002036189389991,,,,,,,,,,,,,,
43,0.7640672227513018,0.1986300168801713,1.373559591716324,1.7937048831225293,7.613861104429017,COMPLETE,banco_rango,elasticnet,0.838814816481887,,,,,,,,,,,,,,
44,0.7824266436471226,0.3128959551512094,1.267900172589001,1.7225018861773893,7.162386779013019,COMPLETE,banco_rango,elasticnet,0.9153110543950856,,,,,,,,,,,,,,
45,0.7595864319774075,0.14470147176137865,1.402598823045546,1.8106576231846099,7.744026844680659,COMPLETE,banco_rango,elasticnet,0.9475511545384709,,,,,,,,,,,,,,
46,0.7077603681548741,0.0010542893478118652,1.553027692568073,1.9963027568194212,8.475047500058638,COMPLETE,banco_rango,elasticnet,0.899677179590391,,,,,,,,,,,,,,
47,0.7726454200421294,0.54082850459368,1.2325647003021893,1.7607946262015093,7.137152663098996,COMPLETE,banco_rango,elasticnet,0.9027772358702613,,,,,,,,,,,,,,
48,0.6222894842749842,0.01598042186693168,1.9449101590556954,2.2695324070795335,10.498856651010136,COMPLETE,banco_rango,elasticnet,0.13835328318411316,,,,,,,,,,,,,,
49,0.5382925456836842,1.3805226009918905,1.7188739203869758,2.50922897373939,9.727257606859606,COMPLETE,banco_rango,elasticnet,0.793598045127772,,,,,,,,,,,,,,
50,0.7785365106252117,0.3192946602505313,1.2855069139262547,1.737832519002357,7.239543946901004,COMPLETE,banco_rango,elasticnet,0.8634353682354017,,,,,,,,,,,,,,
51,0.7803940718024909,0.36132484590284314,1.2671689425033061,1.73052899487608,7.178502808900143,COMPLETE,banco_rango,elasticnet,0.871794033850764,,,,,,,,,,,,,,
52,0.7515761808182608,0.6793300157522317,1.2708251239749673,1.8405747827060177,7.394195187995914,COMPLETE,banco_rango,elasticnet,0.8706215536455267,,,,,,,,,,,,,,
53,0.7032202598732659,0.1099560141415144,1.6461878529115548,2.0117498405178504,8.910040528783272,COMPLETE,banco_rango,elasticnet,0.7351489294552926,,,,,,,,,,,,,,
54,0.7776785243320039,0.2468826841149449,1.3030666717360144,1.7411955905980003,7.295972693500205,COMPLETE,banco_rango,elasticnet,0.9194484342242885,,,,,,,,,,,,,,
55,0.69435285785429,0.07069512678476696,1.687109842674548,2.041582903314495,9.106782356013127,COMPLETE,banco_rango,elasticnet,0.9218177672245117,,,,,,,,,,,,,,
56,0.7458354433861512,0.248187854401097,1.4453819041834532,1.8617199146584889,7.960655558740026,COMPLETE,banco_rango,elasticnet,0.62548461481906,,,,,,,,,,,,,,
57,0.658141453826411,0.04426525872483379,1.8235755620568044,2.159136360658925,9.805315774496446,COMPLETE,banco_rango,elasticnet,0.9232891854046538,,,,,,,,,,,,,,
58,0.6933301817315597,0.16690132450153924,1.6750990576586526,2.0449955550927,9.057465694954818,COMPLETE,banco_rango,elasticnet,0.49793380911895563,,,,,,,,,,,,,,
59,0.6120035476918104,0.023665196998705153,1.97767627786974,2.3002271635625235,10.654090016677886,COMPLETE,banco_rango,elasticnet,0.3185421166984794,,,,,,,,,,,,,,
60,0.7719819038369771,0.3003724660533833,1.31889454144387,1.7633621236346664,7.3803311210979,COMPLETE,banco_rango,elasticnet,0.8009874414983378,,,,,,,,,,,,,,
61,0.7772333445985491,0.4802478618082879,1.2455044932816317,1.7429380163673296,7.146905605585759,COMPLETE,banco_rango,elasticnet,0.8589874834604515,,,,,,,,,,,,,,
