number,value,params_alpha,user_attrs_mae_valid,user_attrs_rmse_valid,user_attrs_smape_valid,state,nivel,familia,params_l1_ratio,params_max_depth,params_max_features,params_min_samples_leaf,params_min_samples_split,params_n_estimators,params_l2_regularization,params_learning_rate,params_max_iter,params_max_leaf_nodes,params_colsample_bytree,params_min_child_weight,params_reg_alpha,params_reg_lambda,params_subsample
41,0.9187072904492561,2.650272448003613,0.37323613120015586,0.4836242001872808,1.734838315440561,COMPLETE,rango,ridge,,,,,,,,,,,,,,,
42,0.9243481596109165,4.290043210423001,0.37952830212190886,0.46654331802870985,1.737015474677969,COMPLETE,rango,ridge,,,,,,,,,,,,,,,
43,0.9236371564371115,4.452020479481322,0.3823301175556478,0.46873056177547895,1.7472352058523501,COMPLETE,rango,ridge,,,,,,,,,,,,,,,
44,0.8647867643457734,1.0174844937543979,0.4777068690841003,0.6237230985205183,2.209274510524486,COMPLETE,rango,ridge,,,,,,,,,,,,,,,
45,0.7925936227107238,19.619011952521117,0.6231788565383714,0.7724907323252763,2.793168815872016,COMPLETE,rango,ridge,,,,,,,,,,,,,,,
46,0.7931357953245678,157.6692047775816,0.6243046833828033,0.7714804032539325,2.9094427883386937,COMPLETE,rango,ridge,,,,,,,,,,,,,,,
47,0.8485216491408277,0.6375341900006707,0.507720190983146,0.6601726209630605,2.3391203331495274,COMPLETE,rango,ridge,,,,,,,,,,,,,,,
48,0.8347388865554478,13.364861700791327,0.5554236118171918,0.6895528569136731,2.4909704499797187,COMPLETE,rango,ridge,,,,,,,,,,,,,,,
49,0.9235658269600683,4.466644972252888,0.3825790145806108,0.4689494280479987,1.748143866144752,COMPLETE,rango,ridge,,,,,,,,,,,,,,,
50,0.8401461331656928,99.86982851457037,0.5656596041647531,0.6781781574210838,2.5655409833468283,COMPLETE,rango,ridge,,,,,,,,,,,,,,,
51,0.9251334609741619,3.473868293543823,0.3673460140596524,0.4641155326627154,1.695608113085141,COMPLETE,rango,ridge,,,,,,,,,,,,,,,
52,0.9180557600822528,2.605178493642944,0.3746085231037296,0.48555836518313006,1.7414292936263718,COMPLETE,rango,ridge,,,,,,,,,,,,,,,
53,0.8697155264420212,1.1154342843317306,0.4687768780691979,0.6122496649566834,2.169467759820934,COMPLETE,rango,ridge,,,,,,,,,,,,,,,
54,0.8182194879628839,15.419572676704448,0.5832947609279796,0.7231957847256643,2.6153129066535192,COMPLETE,rango,ridge,,,,,,,,,,,,,,,
55,0.851857900696238,0.3648284279003514,0.5067793204978551,0.6528621219737424,2.3270816526069873,COMPLETE,rango,ridge,,,,,,,,,,,,,,,
56,0.9177903262526131,5.3185443135112696,0.3975154670329322,0.4863441398467197,1.8046461731782506,COMPLETE,rango,ridge,,,,,,,,,,,,,,,
57,0.9005354463574796,1.845318194102753,0.41414032245954224,0.534953944222473,1.9233879250812498,COMPLETE,rango,ridge,,,,,,,,,,,,,,,
58,0.8749849151891378,0.19409111924835104,0.47013800679989043,0.59974057932782,2.1609425184741644,COMPLETE,rango,ridge,,,,,,,,,,,,,,,
59,0.7653084099504172,29.327193790836454,0.6608942307046227,0.8217334927341751,2.9586187085940536,COMPLETE,rango,ridge,,,,,,,,,,,,,,,
60,0.8580490792592348,0.8808704393588321,0.4891038871275472,0.6390742688545004,2.2598207680409383,COMPLETE,rango,ridge,,,,,,,,,,,,,,,
61,0.9243267998199126,4.295464920148765,0.37962344835122086,0.4666091760726699,1.7373622559554447,COMPLETE,rango,ridge,,,,,,,,,,,,,,,
62,0.8705822863593311,9.731106022769179,0.49144978034337533,0.6102096711561054,2.207300611973859,COMPLETE,rango,ridge,,,,,,,,,,,,,,,
63,0.9254763717717178,3.7683968415395253,0.3701344377554916,0.46305141986401355,1.7030755454303155,COMPLETE,rango,ridge,,,,,,,,,,,,,,,
64,0.8907439887559483,1.574814311422057,0.4317530058278715,0.5606668715667381,2.0034622581995905,COMPLETE,rango,ridge,,,,,,,,,,,,,,,
65,0.9014628849218695,6.964323857966422,0.42961739981832914,0.5324540643290857,1.9375750786349004,COMPLETE,rango,ridge,,,,,,,,,,,,,,,
66,0.8449658563406139,12.239379319655269,0.5375949895244028,0.6678760997014417,2.4115866376434485,COMPLETE,rango,ridge,,,,,,,,,,,,,,,
67,0.8546458928373015,0.33045274840311,0.5032180811550648,0.6466896031226922,2.3104699450687027,COMPLETE,rango,ridge,,,,,,,,,,,,,,,
68,0.9250730801867583,3.4516481139459523,0.3672431693403454,0.4643026523933269,1.6955235260207095,COMPLETE,rango,ridge,,,,,,,,,,,,,,,
69,0.9017327705692236,1.8828459377852742,0.4117771399469005,0.5317243888067547,1.9126235038873531,COMPLETE,rango,ridge,,,,,,,,,,,,,,,
70,0.8514930131639724,0.7300670153775699,0.5004555162398643,0.6536656570252768,2.3090061298288624,COMPLETE,rango,ridge,,,,,,,,,,,,,,,
71,0.9254492629352554,3.6663240765870984,0.3689822512384741,0.4631356323759737,1.699646475028451,COMPLETE,rango,ridge,,,,,,,,,,,,,,,
72,0.8891833648616273,8.063148035248243,0.4535366070154794,0.564656984392941,2.0415535784878203,COMPLETE,rango,ridge,,,,,,,,,,,,,,,
73,0.925235865511047,3.516912358127746,0.3675439457896513,0.46379800897123225,1.6957716136931127,COMPLETE,rango,ridge,,,,,,,,,,,,,,,
74,0.8783102896917776,1.2911141207473666,0.4526709151359794,0.5917103331731286,2.0976081024615034,COMPLETE,rango,ridge,,,,,,,,,,,,,,,
75,0.8470306988272146,0.5012614307381437,0.5123945718052676,0.6634135937556808,2.356081856333275,COMPLETE,rango,ridge,,,,,,,,,,,,,,,
76,0.9019618965403465,1.8901672929128808,0.4113176377068773,0.5311041262417961,1.9105299315223183,COMPLETE,rango,ridge,,,,,,,,,,,,,,,
77,0.7669570069770897,28.052902171879197,0.658576625753605,0.8188422625257213,2.948733500556065,COMPLETE,rango,ridge,,,,,,,,,,,,,,,
78,0.9241223496715151,3.220894302515046,0.36769660116879,0.4672390818143188,1.7013343866738928,COMPLETE,rango,ridge,,,,,,,,,,,,,,,
79,0.7783918123283512,49.88338761514473,0.6420616208645734,0.7985003777750733,2.8675887519593943,COMPLETE,rango,ridge,,,,,,,,,,,,,,,
0,0.9032606240280252,0.0074593432857265485,0.42619733445879554,0.5275745846622344,1.9575455185136068,COMPLETE,rango,elasticnet,0.9056428757689245,,,,,,,,,,,,,,
1,0.8161642089463146,0.4570563099801455,0.6277964030068659,0.7272726555814504,2.882235141886629,COMPLETE,rango,elasticnet,0.588792635777333,,,,,,,,,,,,,,
2,0.9022504252251496,0.0006026889128682511,0.4178262724540325,0.5303220237619245,1.9546824515540044,COMPLETE,rango,elasticnet,0.19039506830258235,,,,,,,,,,,,,,
3,0.8844726398914373,0.00019517224641449495,0.4729089520968983,0.5765336356925195,2.233570592596738,COMPLETE,rango,elasticnet,0.8295585311974416,,,,,,,,,,,,,,
4,0.564970963496181,0.10129197956845731,1.0001704989515998,1.1187713793046292,4.651858359034566,COMPLETE,rango,elasticnet,0.6872653200164409,,,,,,,,,,,,,,
5,0.8744193558530192,0.00012674255898937226,0.49112921763475165,0.6010956403314427,2.3244314312906034,COMPLETE,rango,elasticnet,0.9229188669457948,,,,,,,,,,,,,,
6,0.6570527109020222,1.452824663751602,0.7686553403784024,0.9933353979535342,3.6040669388445328,COMPLETE,rango,elasticnet,0.24110519961044852,,,,,,,,,,,,,,
7,0.9017530444099615,0.0008111941985431928,0.41284687090975036,0.5316695350588965,1.9239341766273497,COMPLETE,rango,elasticnet,0.21506405886809044,,,,,,,,,,,,,,
8,0.8542432020194377,0.0033205591037519565,0.5014660339112254,0.6475847819888855,2.2974782625427004,COMPLETE,rango,elasticnet,0.522280788469014,,,,,,,,,,,,,,
9,0.9175086077336139,0.01444525102276306,0.3898199625940403,0.48717673634016084,1.797908064424085,COMPLETE,rango,elasticnet,0.3121062261782377,,,,,,,,,,,,,,
10,0.887512564961566,0.04053834553028507,0.4818385144597216,0.5688977706846119,2.198972096295722,COMPLETE,rango,elasticnet,0.3744314479323736,,,,,,,,,,,,,,
11,0.8508080335214282,0.006281794940963532,0.5029194649091489,0.655171419691854,2.315232479415927,COMPLETE,rango,elasticnet,0.06551926031976962,,,,,,,,,,,,,,
12,0.881044074793496,0.008838418082097649,0.44459879815628117,0.5850261304802286,2.048499473131359,COMPLETE,rango,elasticnet,0.38583020689477593,,,,,,,,,,,,,,
13,0.5994215699585,0.13338909781875083,0.9526033725861929,1.0735592171646622,4.412320081437098,COMPLETE,rango,elasticnet,0.6981507649354339,,,,,,,,,,,,,,
14,-4.802210300406053,5.430119434848277,3.7576919214587736,4.085817439179103,16.100191690044422,COMPLETE,rango,elasticnet,0.3916438190782011,,,,,,,,,,,,,,
15,0.9131912127135843,0.02022643837430259,0.42604271909817737,0.49976296497110173,1.947011028566565,COMPLETE,rango,elasticnet,0.7481465341598608,,,,,,,,,,,,,,
16,0.9101139346031095,0.022013992067404408,0.43674117347286323,0.508543854090351,1.9954416892249878,COMPLETE,rango,elasticnet,0.7189184742520933,,,,,,,,,,,,,,
17,0.8933312940104017,0.0014428051314247258,0.42940654513659293,0.55398848563276,1.9821416557667277,COMPLETE,rango,elasticnet,0.5381018473149289,,,,,,,,,,,,,,
18,0.8482100415202554,0.033722967191180835,0.559059165970882,0.6608512959439903,2.561542804634989,COMPLETE,rango,elasticnet,0.8075483236841248,,,,,,,,,,,,,,
19,0.6951375295415231,0.2920304343846599,0.8210421411965745,0.9365569849353633,3.773105196501865,COMPLETE,rango,elasticnet,0.3057529130341303,,,,,,,,,,,,,,
20,0.9181605849348494,0.020847510702835057,0.38050757598215046,0.48524769739139795,1.764046528721094,COMPLETE,rango,elasticnet,0.07373127596522683,,,,,,,,,,,,,,
21,0.9210011663462003,0.022055966549515135,0.37336943236465636,0.4767520449938191,1.7312000172878892,COMPLETE,rango,elasticnet,0.07616686772010013,,,,,,,,,,,,,,
22,0.9040684421335077,0.064681327113543,0.4335405766615062,0.5253672221484299,1.9592486691528714,COMPLETE,rango,elasticnet,0.08022729644102494,,,,,,,,,,,,,,
23,0.851212201796685,0.0031273522971813667,0.5115671899218105,0.6542833722622425,2.3451065735979415,COMPLETE,rango,elasticnet,0.13352471390355578,,,,,,,,,,,,,,
24,0.9045649704568073,0.014360938384159354,0.40808148909441466,0.5240058446650974,1.8863809857736737,COMPLETE,rango,elasticnet,0.15582246421938392,,,,,,,,,,,,,,
25,0.6308540042769719,0.1758127854204071,0.9139282559951027,1.0305790407581201,4.225900744936037,COMPLETE,rango,elasticnet,0.2956424495746496,,,,,,,,,,,,,,
26,0.8623722780964338,0.0025709265319273354,0.49430901575577213,0.6292673309960465,2.2682411154532787,COMPLETE,rango,elasticnet,0.10079031430400667,,,,,,,,,,,,,,
27,0.8446308153749971,0.6332236522587709,0.5870418799343293,0.668597376591275,2.692378473606127,COMPLETE,rango,elasticnet,0.2785449640782746,,,,,,,,,,,,,,
28,0.9193832620868719,0.053734230729726815,0.39650151431217967,0.48160926745393057,1.7972472062540643,COMPLETE,rango,elasticnet,0.05677089823673908,,,,,,,,,,,,,,
29,0.9171306575857545,0.055901288045430715,0.40151090677979856,0.4882915077800247,1.8182575977887467,COMPLETE,rango,elasticnet,0.05121589754275854,,,,,,,,,,,,,,
30,0.7598984348636626,1.4199533830879367,0.6387672523250051,0.8311505956366834,2.999028795030688,COMPLETE,rango,elasticnet,0.15523978091616633,,,,,,,,,,,,,,
31,0.8863709474406355,0.011913327527919097,0.43652012829079134,0.5717773107196087,2.0176640087976985,COMPLETE,rango,elasticnet,0.12653017032163655,,,,,,,,,,,,,,
32,0.8703796871356606,0.06493138856192554,0.5093849749847047,0.6106871160749834,2.3088716508900764,COMPLETE,rango,elasticnet,0.1995633337026461,,,,,,,,,,,,,,
33,0.8463487143082116,0.005422831830834223,0.512835024783435,0.6648908007547418,2.3576474072473785,COMPLETE,rango,elasticnet,0.05164097536273915,,,,,,,,,,,,,,
34,0.9196466614689216,0.024138582540094006,0.4065056574531119,0.48082184181948684,1.8552564447498656,COMPLETE,rango,elasticnet,0.45497087591003527,,,,,,,,,,,,,,
35,0.6690444793959871,0.24862225894383236,0.8607479382399956,0.9758139892171434,3.963599411631133,COMPLETE,rango,elasticnet,0.46203432051791643,,,,,,,,,,,,,,
36,0.5919863298228207,0.0898493442818741,0.959990839597077,1.0834767139828145,4.455053316396246,COMPLETE,rango,elasticnet,0.6281258505255457,,,,,,,,,,,,,,
37,0.9332981424270104,0.030927988063308782,0.3584495755624945,0.4380777433151179,1.6416453882371993,COMPLETE,rango,elasticnet,0.1719298486110723,,,,,,,,,,,,,,
38,0.8467818413042942,0.6268480379000266,0.5746533089463882,0.6639530103924842,2.6501950787504267,COMPLETE,rango,elasticnet,0.452933862017341,,,,,,,,,,,,,,
39,0.8951931836947842,0.00032110828907444815,0.4472937172541336,0.5491322994613501,2.1016795784122815,COMPLETE,rango,elasticnet,0.24136732663727684,,,,,,,,,,,,,,
40,0.8461011552396948,0.00527170464931656,0.5102685846482705,0.6654262128086588,2.3421655598160536,COMPLETE,rango,elasticnet,0.18272592689421063,,,,,,,,,,,,,,
41,0.9286940282360229,0.02553534538905744,0.35524828622604854,0.4529446938333196,1.6435768448217432,COMPLETE,rango,elasticnet,0.10076427205402215,,,,,,,,,,,,,,
42,0.9312140975696296,0.03705107159957153,0.36493041146041716,0.4448687960615179,1.6667714482260128,COMPLETE,rango,elasticnet,0.11367294346683382,,,,,,,,,,,,,,
43,0.9297844531902668,0.03185286906555789,0.37426743153748543,0.4494680917050278,1.7068191407088682,COMPLETE,rango,elasticnet,0.23880423350711438,,,,,,,,,,,,,,
44,0.92329893410642,0.03784553014612227,0.398341284679361,0.46976745340669124,1.8126614402924366,COMPLETE,rango,elasticnet,0.22715613652496808,,,,,,,,,,,,,,
45,0.7436067164260614,0.1111831672181552,0.732060233292236,0.858886046168011,3.3452076560241406,COMPLETE,rango,elasticnet,0.2513539778667021,,,,,,,,,,,,,,
46,0.906970877440378,0.03608463446247329,0.4408351964420475,0.5173586173607325,2.0117533453174734,COMPLETE,rango,elasticnet,0.34920417734016596,,,,,,,,,,,,,,
47,0.8696280474492987,0.009285656572433545,0.4624335040144836,0.6124551767688279,2.132918326272874,COMPLETE,rango,elasticnet,0.19635545015367328,,,,,,,,,,,,,,
48,0.8553875094372796,0.0849236547239564,0.5341725589774485,0.6450377438787585,2.4132987182558203,COMPLETE,rango,elasticnet,0.1287120760241243,,,,,,,,,,,,,,
49,0.6796507682977164,0.1774844971222781,0.834118309383061,0.9600504782257481,3.8254606894568757,COMPLETE,rango,elasticnet,0.22864591585740449,,,,,,,,,,,,,,
50,0.9039508421869089,0.037410322908663536,0.44744861505353967,0.5256891403766818,2.041957602161078,COMPLETE,rango,elasticnet,0.3457293394480161,,,,,,,,,,,,,,
51,0.9040869827403258,0.015188497429035438,0.4083309585397726,0.5253164510674441,1.8896457169668441,COMPLETE,rango,elasticnet,0.10467919673346221,,,,,,,,,,,,,,
52,0.9335613543604817,0.029259637392786985,0.3497037695941711,0.43721254051242764,1.6067691891132625,COMPLETE,rango,elasticnet,0.15188059780506352,,,,,,,,,,,,,,
53,0.8595809392450761,0.008144629847561103,0.48001427003681596,0.635616637927782,2.2129491217774575,COMPLETE,rango,elasticnet,0.1729869806541583,,,,,,,,,,,,,,
54,0.930406016470829,0.030036429666792593,0.37135529061545447,0.44747427485544994,1.6951899025646602,COMPLETE,rango,elasticnet,0.26234982218834013,,,,,,,,,,,,,,
55,0.93275811876369,0.027787824588857216,0.3613216297265293,0.43984752497992124,1.6535747193746355,COMPLETE,rango,elasticnet,0.2602244080619912,,,,,,,,,,,,,,
56,-6.170545371131392,9.574738509612205,4.225084961382631,4.542117020786378,17.891288412685142,COMPLETE,rango,elasticnet,0.27257778156294926,,,,,,,,,,,,,,
57,0.9148982332106239,0.01355769404911403,0.3957241056008123,0.49482486309107193,1.8246574584258726,COMPLETE,rango,elasticnet,0.3368683363965411,,,,,,,,,,,,,,
58,0.558621813376297,0.149315239937437,1.0178567599825392,1.1269059136628066,4.73112583719332,COMPLETE,rango,elasticnet,0.4040269708333992,,,,,,,,,,,,,,
59,0.8452546434290464,0.004317215546315599,0.5145754208726262,0.6672537726075134,2.358554994782267,COMPLETE,rango,elasticnet,0.2672701721912124,,,,,,,,,,,,,,
60,0.8688632747064392,0.0022316266107898323,0.48287575916487696,0.6142489066369239,2.2163668659596123,COMPLETE,rango,elasticnet,0.15334916557667463,,,,,,,,,,,,,,
61,0.9340177781446877,0.02764397530723774,0.3518693699108622,0.43570815921679423,1.615910586977469,COMPLETE,rango,elasticnet,0.2002799827248323,,,,,,,,,,,,,,
62,0.8948355147260504,0.05370835060887365,0.4619039921996618,0.550068499547864,2.097482226169746,COMPLETE,rango,elasticnet,0.21285531134998958,,,,,,,,,,,,,,
63,0.9302815701824875,0.01851356454222277,0.36320745294751877,0.44787417753182707,1.6743105100235542,COMPLETE,rango,elasticnet,0.30009238425145607,,,,,,,,,,,,,,
64,0.9300141020878233,0.018171161688264364,0.36449439756962004,0.4487324683768448,1.6800419565603488,COMPLETE,rango,elasticnet,0.31165297727342856,,,,,,,,,,,,,,
65,0.868103538115782,0.009274234017518623,0.4655644617557224,0.6160256530601306,2.1476069519356327,COMPLETE,rango,elasticnet,0.1785793398306897,,,,,,,,,,,,,,
66,0.8837560933711048,0.011444017727939642,0.4400389171613649,0.578318817038542,2.033348619792924,COMPLETE,rango,elasticnet,0.13772321213408165,,,,,,,,,,,,,,
67,0.6592963226636659,0.07458627885341265,0.8395340325000031,0.9900807928301638,3.883346784816984,COMPLETE,rango,elasticnet,0.9477228456328759,,,,,,,,,,,,,,
68,0.9101516372178099,0.04722110592855353,0.4319623306543909,0.5084371888141751,1.9623994863619352,COMPLETE,rango,elasticnet,0.20812331067389514,,,,,,,,,,,,,,
69,0.9341900572439032,0.023385340864627294,0.35244147129035386,0.4351389720277866,1.6198977041283844,COMPLETE,rango,elasticnet,0.2962150509078036,,,,,,,,,,,,,,
70,0.9154530745470589,0.027900198344203955,0.420950483154449,0.49320916073307663,1.921390869053623,COMPLETE,rango,elasticnet,0.41935728804197925,,,,,,,,,,,,,,
71,0.9322706897341843,0.01930268304048787,0.3591688659330646,0.44143884961036767,1.6545084426274135,COMPLETE,rango,elasticnet,0.3261596532703581,,,,,,,,,,,,,,
72,0.8726290866407282,0.04552283439640885,0.5102078456530725,0.6053650675114096,2.3279223449832283,COMPLETE,rango,elasticnet,0.36371637876483826,,,,,,,,,,,,,,
73,0.8505630321719936,0.006401478350459093,0.4960646610212798,0.6557091565406191,2.2789647301229286,COMPLETE,rango,elasticnet,0.32621086622527873,,,,,,,,,,,,,,
74,0.9312281426241962,0.028613158766336022,0.36725828722422005,0.44482337595888716,1.6781226687909052,COMPLETE,rango,elasticnet,0.27552186019525066,,,,,,,,,,,,,,
75,0.932993185657594,0.020759274997156775,0.3553244128198927,0.4390780334832974,1.6373475330276417,COMPLETE,rango,elasticnet,0.28814973426004253,,,,,,,,,,,,,,
76,0.9029275704867604,0.01219017366448358,0.41358812997910643,0.5284819691061039,1.907577766016368,COMPLETE,rango,elasticnet,0.2954351179738447,,,,,,,,,,,,,,
77,0.9309347583730315,0.017768588519732623,0.36524742296126195,0.445771185788087,1.681660264418776,COMPLETE,rango,elasticnet,0.37463856567463283,,,,,,,,,,,,,,
78,0.7243020212360851,0.1077084890172007,0.7654820004312151,0.8906334784142103,3.507021735252977,COMPLETE,rango,elasticnet,0.2831022548372559,,,,,,,,,,,,,,
79,0.9335577208247064,0.023052737131665973,0.3561656242727717,0.4372244959464383,1.6350359132435326,COMPLETE,rango,elasticnet,0.32162212624288106,,,,,,,,,,,,,,
0,0.25841018081504774,,1.3149027818380812,1.4607103429777353,6.046545656573922,COMPLETE,rango,random_forest,,16.0,0.4514121162875837,9.0,15.0,462.0,,,,,,,,,
1,0.14261062897294163,,1.381430274129764,1.5706205395069854,6.349312899205156,COMPLETE,rango,random_forest,,2.0,0.8102471755674295,11.0,15.0,309.0,,,,,,,,,
2,0.21928031876699705,,1.3361765001519181,1.4987520451996512,6.144537201948341,COMPLETE,rango,random_forest,,16.0,0.4681862286846154,10.0,6.0,214.0,,,,,,,,,
3,0.33172146730310836,,1.2590985833491475,1.3866312391212479,5.79049497304353,COMPLETE,rango,random_forest,,6.0,0.5392989411287272,7.0,11.0,328.0,,,,,,,,,
4,0.5203606384057192,,1.0497850509676583,1.1747342554532831,4.826945616169934,COMPLETE,rango,random_forest,,4.0,0.6464454897410734,4.0,10.0,628.0,,,,,,,,,
5,0.3397700311422768,,1.241760733326616,1.378255841317189,5.7144868323256075,COMPLETE,rango,random_forest,,4.0,0.3801927682679985,7.0,15.0,750.0,,,,,,,,,
6,0.17175847486932194,,1.3745162485842373,1.5436922551580565,6.317214339365569,COMPLETE,rango,random_forest,,4.0,0.9776608214984636,1.0,23.0,625.0,,,,,,,,,
7,0.26144855210195084,,1.3155893567813688,1.4577149299416028,6.049258087316796,COMPLETE,rango,random_forest,,6.0,0.6360991209307408,2.0,17.0,766.0,,,,,,,,,
8,0.22204278698340818,,1.3413055671171836,1.496098132462519,6.168170875721205,COMPLETE,rango,random_forest,,9.0,0.518206988040011,1.0,22.0,285.0,,,,,,,,,
9,0.3393397697869862,,1.250376973209863,1.3787048618644433,5.7518706589941155,COMPLETE,rango,random_forest,,6.0,0.47015539609159257,7.0,14.0,664.0,,,,,,,,,
10,0.5597845882680187,,1.0009427163392328,1.1254205638259522,4.59990988355198,COMPLETE,rango,random_forest,,12.0,0.7660575266039114,4.0,2.0,869.0,,,,,,,,,
11,0.5595316189898715,,1.0012613791732035,1.1257438781984483,4.601195253191272,COMPLETE,rango,random_forest,,12.0,0.7684132788054852,4.0,3.0,837.0,,,,,,,,,
12,0.5620657703215215,,0.9977084584110971,1.1225008299046308,4.5837365701115935,COMPLETE,rango,random_forest,,12.0,0.8225913410012512,4.0,2.0,895.0,,,,,,,,,
13,0.561847003488674,,0.9989532803881579,1.1227811634282254,4.58953092712763,COMPLETE,rango,random_forest,,12.0,0.8852734205822993,4.0,2.0,879.0,,,,,,,,,
14,0.4789919599977335,,1.1030324231828041,1.2243467634570908,5.0716915860288845,COMPLETE,rango,random_forest,,12.0,0.9617044516578511,5.0,6.0,889.0,,,,,,,,,
15,0.6328326791128267,,0.8915226888070494,1.027813304761249,4.089131322320846,COMPLETE,rango,random_forest,,10.0,0.8795090199763674,3.0,6.0,489.0,,,,,,,,,
16,0.6565536917938151,,0.8482320777908637,0.9940578313590113,3.8847687292584325,COMPLETE,rango,random_forest,,9.0,0.868696664901361,2.0,6.0,485.0,,,,,,,,,
17,0.6342743861519078,,0.8820739288903241,1.0257934311817514,4.042783792798766,COMPLETE,rango,random_forest,,9.0,0.8897907194483015,2.0,8.0,469.0,,,,,,,,,
18,0.604823278205481,,0.9271072804690657,1.0662962994673173,4.252597524183953,COMPLETE,rango,random_forest,,9.0,0.7150715163684517,1.0,9.0,434.0,,,,,,,,,
19,0.6335050930307,,0.8827700920338197,1.0268717276632828,4.0458889790709796,COMPLETE,rango,random_forest,,10.0,0.9020851337961756,2.0,8.0,546.0,,,,,,,,,
20,0.40487755844484485,,1.1849656705960339,1.3085351362583268,5.45102351236861,COMPLETE,rango,random_forest,,8.0,0.9347861155803696,6.0,12.0,392.0,,,,,,,,,
21,0.6310851381702611,,0.8854726833664901,1.0302563512980314,4.057835852364101,COMPLETE,rango,random_forest,,10.0,0.8787968482675911,2.0,8.0,551.0,,,,,,,,,
22,0.6261128056499023,,0.8950414206418288,1.037176147038523,4.101864318818478,COMPLETE,rango,random_forest,,14.0,0.9159082007487608,2.0,8.0,551.0,,,,,,,,,
