number,value,params_alpha,user_attrs_mae_valid,user_attrs_rmse_valid,user_attrs_smape_valid,state,nivel,familia,params_l1_ratio,params_max_depth,params_max_features,params_min_samples_leaf,params_min_samples_split,params_n_estimators,params_l2_regularization,params_learning_rate,params_max_iter,params_max_leaf_nodes,params_colsample_bytree,params_min_child_weight,params_reg_alpha,params_reg_lambda,params_subsample
13,0.6132712465100232,,1.5611508526903193,2.265481785425095,8.832720104005677,COMPLETE,banco,xgboost,,7.0,,,,754.0,,0.05170822542517191,,,0.8526095478857014,8.23676295467294,8.773472263092467e-05,0.016756638283609265,0.7042596797198424
14,0.5376663062732865,,1.7480781363056483,2.47705195370517,9.773703312363944,COMPLETE,banco,xgboost,,5.0,,,,710.0,,0.03516781498692268,,,0.9893238931248386,11.432143796819684,0.00026906735625575645,0.008587026492761683,0.7576321777690994
15,0.8133295508894469,,1.2200864312694748,1.5739652120488117,6.670216618331658,COMPLETE,banco,xgboost,,8.0,,,,900.0,,0.11100498439487774,,,0.7535468407949238,1.2561931888925701,3.30735195092643e-07,0.016846643362048847,0.6245003266234201
16,0.6039782950948719,,1.5926563742497761,2.2925395552900683,8.825681056952567,COMPLETE,banco,xgboost,,4.0,,,,660.0,,0.05092426011725823,,,0.8924774135489815,6.638601070961663,0.0008219962609564758,0.0012574242824552632,0.8239309470546955
17,0.5336861514978168,,1.6774458610874474,2.487691371085251,9.324059819249966,COMPLETE,banco,xgboost,,7.0,,,,787.0,,0.022124815668891486,,,0.9396951116399332,14.436695092760667,5.4972035730472314e-05,0.3416092846276225,0.7437155226434784
18,0.6565457432857256,,1.535223473585129,2.1349700883466105,8.530852827287884,COMPLETE,banco,xgboost,,9.0,,,,607.0,,0.13202992936876992,,,0.861425836123269,7.086454969900423,0.0259294208202731,0.1473357711352491,0.8319155110982274
19,0.5424488593324344,,1.72684881787374,2.4642068717314576,9.645462810642199,COMPLETE,banco,xgboost,,7.0,,,,698.0,,0.052531846174940534,,,0.7713098365427533,10.527683293024964,6.650686475389145e-07,1.4068825781447074e-05,0.6270074155387303
20,0.6723784289691425,,1.4583837524855388,2.0851801760324915,8.239321365346413,COMPLETE,banco,xgboost,,5.0,,,,810.0,,0.06520129468652852,,,0.8799037092767243,4.359699188860153,2.1310274386675965e-08,0.0017377542249006636,0.8530060170944956
21,0.8058700220359039,,1.2543415121727104,1.605105732355526,6.825855472892199,COMPLETE,banco,xgboost,,8.0,,,,899.0,,0.12273029404171998,,,0.7687920809893565,1.0325067904610437,7.439498398214839e-07,0.03141951598789874,0.6073533436111352
22,0.8141441197476078,,1.2439742282338708,1.5705273224915484,6.697652927156171,COMPLETE,banco,xgboost,,8.0,,,,876.0,,0.11419464536518958,,,0.7351911942975571,1.1243747693749189,6.534163629356327e-08,5.765835785477878,0.6377606461606057
23,0.59228381332552,,1.521738779520259,2.326142520213296,8.502750881689906,COMPLETE,banco,xgboost,,9.0,,,,740.0,,0.040068787346519856,,,0.6995874533049105,5.471963938527071,0.000186582832688445,8.03806103896627,0.7748526333566393
24,0.6821488773535386,,1.463236869298215,2.053852343942302,8.176960018673347,COMPLETE,banco,xgboost,,7.0,,,,844.0,,0.16467519004252293,,,0.8377707811855056,3.127264277019827,6.875869289502019e-08,4.690383600013062,0.5572741146270125
25,0.8321675968419068,,1.132117635654137,1.492434396337622,6.225470192543184,COMPLETE,banco,xgboost,,10.0,,,,790.0,,0.07839135552597802,,,0.6480652689971659,1.4437455747748729,1.462981974995292e-05,1.049704583891358e-08,0.7298741389692467
26,0.8028317748521843,,1.2615966484685885,1.6176173883614848,6.920780541484596,COMPLETE,banco,xgboost,,10.0,,,,648.0,,0.033142114367484085,,,0.5626608858910925,2.8670765480257367,2.6218035891075887e-05,1.5605510159610528e-08,0.7273866398732759
27,0.5887674215513674,,1.6418846120028854,2.3361520167911234,9.197438157478256,COMPLETE,banco,xgboost,,2.0,,,,769.0,,0.07504792599282385,,,0.6298233448614535,4.59147575623286,3.4883831316707584e-06,2.6934572591055333e-06,0.7810821597336619
28,0.6522431711468138,,1.483429015550283,2.148301227510828,8.304158120500208,COMPLETE,banco,xgboost,,10.0,,,,676.0,,0.018274081038798927,,,0.9416902000897713,7.792942722269246,0.0008483316565130188,8.018391532539838e-08,0.6702250200093045
29,0.6437502477040707,,1.5878496273893066,2.174375914038991,8.767005296427199,COMPLETE,banco,xgboost,,10.0,,,,503.0,,0.0934788807315691,,,0.6178205212997507,3.9552013338012832,2.046391339596867e-05,5.090850119300536e-08,0.8029216423279587
30,0.5243958586541515,,1.8018190972739183,2.5123500885525236,10.002512452665503,COMPLETE,banco,xgboost,,9.0,,,,619.0,,0.06350733037445223,,,0.7883490113133477,12.381751914154101,0.00571847389936904,2.412430431608682e-06,0.7241550200165027
31,0.8199346169804141,,1.1805157236157355,1.5458681796799818,6.573267006127965,COMPLETE,banco,xgboost,,8.0,,,,842.0,,0.16005124374385699,,,0.7386759743443859,1.134392362797538,8.479402871942205e-08,0.5977544861320063,0.5886609253090723
32,0.6939226049757279,,1.615966134560507,2.0154543756935426,8.746370172458002,COMPLETE,banco,xgboost,,8.0,,,,799.0,,0.15928881005780363,,,0.6319565070633636,2.263739469574764,0.0006390561941516244,0.06312396413453937,0.5966774769454435
33,0.5456662185023262,,1.6900019171117107,2.4555278145486037,9.240750900102753,COMPLETE,banco,xgboost,,9.0,,,,725.0,,0.043359288619627845,,,0.6673784563232763,5.236700363730567,4.139570116520711e-06,0.6548135741943978,0.6649759360990772
34,0.6773252116191097,,1.4575306653848328,2.069378154316685,8.22841647759298,COMPLETE,banco,xgboost,,7.0,,,,830.0,,0.09018417035668277,,,0.9082132230955345,3.4871592900597674,2.039705262794495e-07,0.00464029059937587,0.8008840549785499
35,0.8122907372278464,,1.1871045822482253,1.5783386630267418,6.440219793233439,COMPLETE,banco,xgboost,,10.0,,,,455.0,,0.1606360484951562,,,0.8010638181532967,1.9290808553022671,1.312356072549972e-08,0.00023124692333282497,0.8556173094103279
36,0.8394024501161274,,1.1358045373774466,1.4599124115715836,6.185640050398081,COMPLETE,banco,xgboost,,8.0,,,,571.0,,0.06993135290835992,,,0.7017738436618495,1.0484062463637862,1.5546441261238122e-06,3.467084088655206e-08,0.7430695270513733
37,0.7014233719652955,,1.3939339251656993,1.9906057198727007,7.9211646611782625,COMPLETE,banco,xgboost,,6.0,,,,560.0,,0.0644021233861887,,,0.6976227829371934,3.550663238035675,1.6217449156014064e-06,2.920230466645832e-08,0.9773103894483848
38,0.5160422420760181,,1.7825718500508407,2.534317784038496,9.833737605931102,COMPLETE,banco,xgboost,,9.0,,,,568.0,,0.19625606741961818,,,0.7209571421469917,15.5808894171636,1.1743575175955018e-07,3.338397862349074e-07,0.7068147235476102
39,0.8187245596977003,,1.2009237917136437,1.5510536764611482,6.6147464141132675,COMPLETE,banco,xgboost,,6.0,,,,346.0,,0.02948208993334051,,,0.6765480416692093,2.3548494694789746,7.73618530083141e-06,2.2268538318022367e-07,0.6522981105744025
40,0.6315764900455363,,1.4904774797514293,2.2112151996806975,8.36170251721911,COMPLETE,banco,xgboost,,5.0,,,,350.0,,0.02769201624566425,,,0.6627068672763262,5.824677305228794,7.703681668328635e-06,1.641340433849963e-07,0.5858565348066639
41,0.8095233048405488,,1.2112864395107434,1.589930961957945,6.742598555552153,COMPLETE,banco,xgboost,,6.0,,,,273.0,,0.02538192006147794,,,0.6541314286415012,2.292198003154607,1.5130901585212298e-06,1.1960425423687562e-06,0.6635143978076876
42,0.7906826659221028,,1.2991676659490194,1.666709613966053,7.050283905048022,COMPLETE,banco,xgboost,,7.0,,,,306.0,,0.10314829031531267,,,0.603493900973769,2.0188064342021157,5.133865300566237e-05,1.0429102838931016e-08,0.6479497693108335
43,0.6253689417012651,,1.6296261542550676,2.2297657112360385,9.067466481777268,COMPLETE,banco,xgboost,,6.0,,,,404.0,,0.08266445366873414,,,0.7144751671545347,3.004925537129651,9.269105813684524e-06,4.949173442401623e-08,0.6931070826098459
44,0.575259953320919,,1.6224074934145998,2.3742090076750846,8.81011969263563,COMPLETE,banco,xgboost,,8.0,,,,483.0,,0.2484097525619855,,,0.7451748131815722,4.151976175466684,1.5315804973051624e-06,2.3721673741371855e-07,0.7288771420907677
45,0.8389772152154569,,1.1156104406595961,1.4618439332730093,6.158966701945048,COMPLETE,banco,xgboost,,5.0,,,,409.0,,0.015869541149261857,,,0.6854298029328951,1.8555367073653821,3.501400656792018e-08,2.8251008465986165e-08,0.5733023578229737
46,0.7975966176343589,,1.2498658719964881,1.6389519676414304,7.009375994136609,COMPLETE,banco,xgboost,,4.0,,,,327.0,,0.0113865203554188,,,0.6807773539311038,2.8164713920372972,3.0472775899270285e-08,6.270890636957128e-06,0.5751394562784736
47,0.8424517265549643,,1.1053148910463764,1.445986263215312,6.075608994751896,COMPLETE,banco,xgboost,,5.0,,,,422.0,,0.013391294297700402,,,0.652681805324208,1.7418628908657041,1.9875856191751764e-07,7.310415814071295e-07,0.6063443784025696
48,0.672886338995009,,1.4230930456433082,2.083563227085302,8.085380722306818,COMPLETE,banco,xgboost,,4.0,,,,414.0,,0.010594072248507454,,,0.6533805278782504,4.86321051437045,1.8065702605437495e-07,6.325787328336322e-05,0.5518554008300904
49,0.842360860751844,,1.1044218988588934,1.4464031886465896,6.059040854817031,COMPLETE,banco,xgboost,,5.0,,,,440.0,,0.013640009305352016,,,0.592752794676131,1.6281029303444443,5.8940789581087327e-08,2.7907213793957103e-08,0.6116614064802881
50,0.5480959894741999,,1.4420922687647268,2.4489529472739937,8.14821115048476,COMPLETE,banco,xgboost,,5.0,,,,390.0,,0.015030121501906715,,,0.5886845328147475,16.708135146283603,1.1131926763190767e-08,5.81417462294174e-07,0.6161968425484503
51,0.8383546252465701,,1.1487083609759654,1.4646672955678213,6.267884594172626,COMPLETE,banco,xgboost,,5.0,,,,464.0,,0.006890927634535157,,,0.5535473709919068,1.7215709681766804,7.050656618736391e-08,2.808858812776843e-08,0.5875934650974799
52,0.8355232481088601,,1.1539808420968103,1.4774391519256838,6.292298922479612,COMPLETE,banco,xgboost,,5.0,,,,464.0,,0.006624114379671046,,,0.5511890575363269,1.7503983619167174,3.984213488108141e-07,2.8431968939834055e-08,0.5742196373103774
53,0.677875865868236,,1.4434052789720437,2.067611672269016,8.204226372606726,COMPLETE,banco,xgboost,,5.0,,,,446.0,,0.007339686730843745,,,0.5579845352168233,3.822592451985812,3.609900394819561e-07,2.732499006189035e-08,0.5733572071263883
54,0.8016262405736729,,1.2555631565862608,1.6225551044977564,6.973588449518371,COMPLETE,banco,xgboost,,4.0,,,,526.0,,0.007108268572327418,,,0.58049431499542,2.010282338952542,4.6430131249071605e-08,1.0040653091085018e-07,0.6052542944769645
55,0.781244693228354,,1.2568477067068977,1.703870727509387,7.075817033068123,COMPLETE,banco,xgboost,,5.0,,,,521.0,,0.005396170921324239,,,0.5998842295702066,2.8900056323884167,2.9216980458133916e-08,3.7182899283490354e-08,0.5737143718560561
56,0.8431241511238123,,1.1079482480992349,1.4428971897417568,6.097366300409824,COMPLETE,banco,xgboost,,4.0,,,,474.0,,0.013138920005448917,,,0.5611768809661509,1.9918207625961646,5.649269694525335e-07,7.981249965402932e-07,0.6314209904000236
57,0.5896241600332477,,1.4400719024298065,2.3337172451286503,8.19879046604213,COMPLETE,banco,xgboost,,3.0,,,,422.0,,0.013601879527894618,,,0.6205616087791371,9.277939935279836,1.3324437756984326e-07,9.469697219190112e-07,0.630977033560201
58,0.6418734187554818,,1.2834541028844526,2.1800960175024975,7.376145181938037,COMPLETE,banco,xgboost,,4.0,,,,371.0,,0.008987112587490667,,,0.5833960859131474,6.520154999573847,1.066923648103265e-06,9.491230101064545e-08,0.6169117024501656
59,0.6408611082989184,,1.5430584298832668,2.1831750637598013,8.752477266604384,COMPLETE,banco,xgboost,,3.0,,,,474.0,,0.019937739359234315,,,0.5739545704899152,3.329810715748672,0.8980992068116189,4.499032678034225e-05,0.6412525266333926
60,0.8390746378512028,,1.1159751088044143,1.4614016410933215,6.141573400249683,COMPLETE,banco,xgboost,,4.0,,,,532.0,,0.013425887987484474,,,0.6042023115817916,1.554986544976816,2.3869733248799145e-07,2.666292872651207e-06,0.6843372480403265
61,0.8379294475207402,,1.1333040140081048,1.4665922963474574,6.216314693344635,COMPLETE,banco,xgboost,,4.0,,,,525.0,,0.01245186020112868,,,0.6121033594445603,1.0285648427435485,2.2969015644668314e-07,2.2252389661655433e-06,0.6004621800984447
62,0.8424751766059343,,1.1335512486814043,1.4458786463157716,6.185686846250904,COMPLETE,banco,xgboost,,5.0,,,,430.0,,0.009480830965874194,,,0.6418468155505939,1.7525791060213913,5.622092070431537e-07,7.493236709860188e-06,0.679148956023899
63,0.5427258720170272,,1.4145567276703168,2.4634608131494327,7.999718880601763,COMPLETE,banco,xgboost,,4.0,,,,579.0,,0.00945325909641889,,,0.6340867814511576,19.411286318258025,7.204974186621636e-07,5.016091024428475e-06,0.6845762771890871
64,0.8255584698934453,,1.1967645143112995,1.5215361908853235,6.587064496431454,COMPLETE,banco,xgboost,,3.0,,,,537.0,,0.0168652432555704,,,0.6360593821786334,2.7745415216403027,2.8326430924056494e-06,8.943922234906947e-07,0.678989418422203
65,0.6571787167272729,,1.4756845228588835,2.133001845781704,8.298022091408901,COMPLETE,banco,xgboost,,5.0,,,,493.0,,0.01407558354792232,,,0.7009669801150701,4.458658727623654,2.058341392623974e-08,1.0778440313546052e-05,0.6565411783976605
66,0.8382627118040848,,1.1427085347667736,1.4650836498305984,6.256169801567761,COMPLETE,banco,xgboost,,4.0,,,,399.0,,0.00809077491974773,,,0.6010210657961936,1.6302189562021958,5.949832356360765e-07,2.1848999676648293e-05,0.7570430488218222
67,0.8078571505242222,,1.2345525757402367,1.5968696126079287,6.86440144992195,COMPLETE,banco,xgboost,,5.0,,,,588.0,,0.01014640990271941,,,0.6493320822448228,2.4104811069577394,4.8337440778721e-08,4.421367936336599e-07,0.6298996580056836
68,0.6163544548953679,,1.6189035141529908,2.2564328976801242,9.131241812118088,COMPLETE,banco,xgboost,,2.0,,,,443.0,,0.02274314803630499,,,0.5917372365958372,3.6973452393665553,1.301028870636981e-07,1.52245507645631e-06,0.7080187544512833
69,0.8385969220776099,,1.1343105727725693,1.4635691591931856,6.203193496042731,COMPLETE,banco,xgboost,,6.0,,,,505.0,,0.012058442734663158,,,0.567839682616704,1.45935918893445,2.6200687289119855e-07,5.028701544615466e-06,0.6191431899302421
70,0.8207282752827604,,1.1937361505407502,1.5424576240333019,6.592754232688777,COMPLETE,banco,xgboost,,3.0,,,,546.0,,0.016214883229775996,,,0.6870270408232593,2.4657401011931293,2.1954352410313923e-06,1.7229351961858466e-07,0.745829731133665
71,0.8440319357547742,,1.1142577725591607,1.4387163668205833,6.109064865007625,COMPLETE,banco,xgboost,,6.0,,,,441.0,,0.011844807057639909,,,0.5657359789316534,1.4337800713016198,3.175135157244994e-07,4.416374250402696e-06,0.6165102344833604
72,0.841094477610438,,1.120868876999755,1.4522013572199168,6.1432797208146,COMPLETE,banco,xgboost,,6.0,,,,424.0,,0.013042198471757808,,,0.6119017273734055,1.1173607224907642,4.4871443382972043e-07,2.7669630857234564e-05,0.6386796491938989
73,0.8387377897945383,,1.127999981930902,1.4629303403646552,6.203414417812182,COMPLETE,banco,xgboost,,6.0,,,,422.0,,0.013309639422056074,,,0.6147987639052714,1.030716363583941,4.802066199710366e-07,0.000309413276334504,0.6754743542441877
74,0.6241790870226543,,1.5505983866673287,2.2333038507439356,8.66665335615165,COMPLETE,banco,xgboost,,6.0,,,,626.0,,0.01827549506615891,,,0.5754796468924321,3.0940253704704994,1.029787852040277e-06,0.0001355909261300571,0.6411854869692579
75,0.8404636517286727,,1.140437769881227,1.4550809891369525,6.2318451623682325,COMPLETE,banco,xgboost,,6.0,,,,381.0,,0.009872545195816039,,,0.6241819294957133,1.5149296952218994,1.1663936994650779e-07,2.5510339583853887e-05,0.7132204991441473
76,0.813212641454671,,1.2179867407309157,1.5744580125487546,6.728189291989195,COMPLETE,banco,xgboost,,7.0,,,,378.0,,0.008070137076154765,,,0.6397424742890174,2.4904134635461936,9.729885775665244e-08,4.279116419458171e-05,0.7173199823018652
77,0.8412791347864077,,1.1286024462530764,1.451357342024872,6.175053796760024,COMPLETE,banco,xgboost,,6.0,,,,319.0,,0.010332406227702706,,,0.6276121203673058,1.0022779168595104,8.988631997570326e-07,2.147942644905011e-05,0.6604430067427398
78,0.5460290331412541,,1.2675775517808834,2.454547170575797,7.318774869670948,COMPLETE,banco,xgboost,,6.0,,,,303.0,,0.0059649001615047015,,,0.6234238195751016,12.855544977219202,4.1110436809139484e-07,2.505066284574413e-05,0.9337262266849765
79,0.6832278714670735,,1.4255618429086285,2.0503633229071303,8.13398050351103,COMPLETE,banco,xgboost,,6.0,,,,245.0,,0.010578985280579722,,,0.5916968568656358,3.3240654804338776,1.7574104963931308e-08,8.45285370760908e-06,0.6514106406504756
0,0.9010918759743477,0.041858227295469716,0.42713198764142174,0.5334555124802727,2.0008661833489163,COMPLETE,rango,ridge,,,,,,,,,,,,,,,
1,-0.18943936504628023,451.85609510240965,1.6272755784527102,1.849921835907002,7.40152231532491,COMPLETE,rango,ridge,,,,,,,,,,,,,,,
2,0.8352771872359455,13.3032451015229,0.5544764625051078,0.6884289097191858,2.486745183469234,COMPLETE,rango,ridge,,,,,,,,,,,,,,,
3,0.8897828271255855,1.55099139875943,0.43335553289645556,0.5631276582134352,2.0107342597456963,COMPLETE,rango,ridge,,,,,,,,,,,,,,,
4,0.855000532061529,0.0012363188277052211,0.529110473685708,0.6459002151821214,2.506138217373039,COMPLETE,rango,ridge,,,,,,,,,,,,,,,
5,0.854998928460219,0.0012358382772306934,0.5291132132570318,0.6459037867937357,2.5061515223146493,COMPLETE,rango,ridge,,,,,,,,,,,,,,,
6,0.8515783414657074,0.00025502648504032837,0.5353211253998755,0.6534778402908664,2.536036859940696,COMPLETE,rango,ridge,,,,,,,,,,,,,,,
7,0.8398488676806712,115.67327199145953,0.5742470037312051,0.678808437207822,2.6277955100094865,COMPLETE,rango,ridge,,,,,,,,,,,,,,,
8,0.8922759990413731,1.6136341713591311,0.42914179928628127,0.5567221009936213,1.9916086679633676,COMPLETE,rango,ridge,,,,,,,,,,,,,,,
9,0.8781217176952572,9.047071957568372,0.4766743353924213,0.5921686168094454,2.142488610211388,COMPLETE,rango,ridge,,,,,,,,,,,,,,,
10,0.901081794862948,0.04181541491912686,0.42718121578190144,0.5334826977467799,2.001109396168868,COMPLETE,rango,ridge,,,,,,,,,,,,,,,
11,0.9015222298544443,0.04384978187324618,0.42486925224075356,0.5322937023701774,1.9896926077836459,COMPLETE,rango,ridge,,,,,,,,,,,,,,,
12,0.8965800977935108,0.029837668744492403,0.4424887443374681,0.545486850930091,2.076750156179902,COMPLETE,rango,ridge,,,,,,,,,,,,,,,
13,0.9026506825310727,0.06379392055618104,0.41144024662646245,0.5292351494568177,1.920057337584581,COMPLETE,rango,ridge,,,,,,,,,,,,,,,
14,0.8717284363934381,0.21008469056904142,0.4767325305348581,0.607501590475213,2.1906270251270112,COMPLETE,rango,ridge,,,,,,,,,,,,,,,
15,0.8805692768259893,0.012704388363708415,0.4814839375810745,0.5861924977652038,2.2727184274669567,COMPLETE,rango,ridge,,,,,,,,,,,,,,,
16,0.8684945688486302,0.006139092984144988,0.5041288980304627,0.6151118159452266,2.3849277501093598,COMPLETE,rango,ridge,,,,,,,,,,,,,,,
17,0.8470721222039406,0.49615244270868225,0.5123586058423525,0.6633237630129081,2.3557598520187777,COMPLETE,rango,ridge,,,,,,,,,,,,,,,
18,0.8590004929294283,0.290074872452448,0.49770931909176774,0.6369289984045595,2.2853722929964406,COMPLETE,rango,ridge,,,,,,,,,,,,,,,
19,0.8510965388700349,0.00012366224519985973,0.5362138157400489,0.6545376324543603,2.5403163683018364,COMPLETE,rango,ridge,,,,,,,,,,,,,,,
20,0.8575016071673298,0.002011210892130489,0.5247802362976022,0.6403054642099426,2.485110945161693,COMPLETE,rango,ridge,,,,,,,,,,,,,,,
21,0.9020680195667186,0.07100665143404737,0.4113342643936037,0.5308165970257455,1.9156508459910893,COMPLETE,rango,ridge,,,,,,,,,,,,,,,
22,0.8881747482289332,0.1372578996602582,0.44154726676107636,0.5672208250477192,2.033903933935617,COMPLETE,rango,ridge,,,,,,,,,,,,,,,
23,0.8680981752136568,0.0059657679605404365,0.5049280756373791,0.6160381767156388,2.388801102223912,COMPLETE,rango,ridge,,,,,,,,,,,,,,,
24,0.8759226500396154,1.2412246846430954,0.4570333001038013,0.5974870262872926,2.1170462963138483,COMPLETE,rango,ridge,,,,,,,,,,,,,,,
25,0.897044589351597,0.10006451740503303,0.42230793271341555,0.544260495227041,1.953522046341046,COMPLETE,rango,ridge,,,,,,,,,,,,,,,
26,0.9036892395278843,6.759444558919111,0.4259921071910189,0.5264045457364467,1.922444636086049,COMPLETE,rango,ridge,,,,,,,,,,,,,,,
27,0.9077580677383702,6.375578705586918,0.41888670029872166,0.5151650844593556,1.8928231575535568,COMPLETE,rango,ridge,,,,,,,,,,,,,,,
28,0.8673100017872647,10.033595827430693,0.4976909462625954,0.6178759895829171,2.2347942506273673,COMPLETE,rango,ridge,,,,,,,,,,,,,,,
29,0.7627987957461038,34.48768022567448,0.6638406716483253,0.8261153078920925,2.9693857961182473,COMPLETE,rango,ridge,,,,,,,,,,,,,,,
30,0.9254758928898662,3.7241067469789724,0.3696370896670481,0.4630529076241401,1.7015942557186212,COMPLETE,rango,ridge,,,,,,,,,,,,,,,
31,0.7714834365030772,45.21247249964715,0.6526848049212861,0.8108510195157156,2.916527243818394,COMPLETE,rango,ridge,,,,,,,,,,,,,,,
32,0.9247064287859076,3.344306551182493,0.36724509272103095,0.4654372877444829,1.6972981712804758,COMPLETE,rango,ridge,,,,,,,,,,,,,,,
33,0.9254703293103483,3.704830996886928,0.3694194010937092,0.4630701918539835,1.7009464321021537,COMPLETE,rango,ridge,,,,,,,,,,,,,,,
34,0.12775267902251997,365.919609550643,1.3589536149823636,1.5841709570985156,6.241944189990592,COMPLETE,rango,ridge,,,,,,,,,,,,,,,
35,0.9218886995026812,2.921264383126211,0.36884269319510743,0.47406638242533883,1.7115943966972917,COMPLETE,rango,ridge,,,,,,,,,,,,,,,
36,0.9153662164446047,2.4414551529325235,0.38083277938409904,0.4934624414683991,1.7709134220129499,COMPLETE,rango,ridge,,,,,,,,,,,,,,,
37,0.8481072432410858,0.6202666706757616,0.5087988319748631,0.661075035638661,2.3434772789236282,COMPLETE,rango,ridge,,,,,,,,,,,,,,,
38,0.9246209685803628,3.323612026953534,0.36731988621732925,0.4657013546842639,1.6979670690487823,COMPLETE,rango,ridge,,,,,,,,,,,,,,,
39,0.7975156659942206,61.2290498351088,0.6133120988072275,0.7632695534728721,2.7393559739370796,COMPLETE,rango,ridge,,,,,,,,,,,,,,,
40,0.7811144637857874,22.32643446501228,0.6394649342101051,0.7935800788678412,2.865308711152405,COMPLETE,rango,ridge,,,,,,,,,,,,,,,
