number,value,params_alpha,user_attrs_mae_valid,user_attrs_rmse_valid,user_attrs_smape_valid,state,nivel,familia,params_l1_ratio,params_max_depth,params_max_features,params_min_samples_leaf,params_min_samples_split,params_n_estimators,params_l2_regularization,params_learning_rate,params_max_iter,params_max_leaf_nodes,params_colsample_bytree,params_min_child_weight,params_reg_alpha,params_reg_lambda,params_subsample
76,0.8476462967178796,0.00020114554821031158,1.182785723742067,1.4219484451961186,6.4942126633402095,COMPLETE,banco,elasticnet,0.7287141206112864,,,,,,,,,,,,,,
77,0.8430203410983512,0.0003215193790648679,1.2107996354704245,1.4433745175887998,6.623553818212891,COMPLETE,banco,elasticnet,0.8523897817182626,,,,,,,,,,,,,,
78,0.8295665845963626,0.0006117843388229988,1.2883685586198181,1.5039545665109577,6.984936882663273,COMPLETE,banco,elasticnet,0.9243317795882418,,,,,,,,,,,,,,
79,0.8518263016966765,0.00014581547785557581,1.1580161217669271,1.4023063591548526,6.376272993157156,COMPLETE,banco,elasticnet,0.8214792378320461,,,,,,,,,,,,,,
0,0.5308184435910048,,1.4020452230839227,2.495328971618577,7.883363722966257,COMPLETE,banco,random_forest,,16.0,0.4514121162875837,9.0,15.0,462.0,,,,,,,,,
1,0.36184314790164773,,1.6075313901756727,2.9101881066724835,8.91808891680758,COMPLETE,banco,random_forest,,2.0,0.8102471755674295,11.0,15.0,309.0,,,,,,,,,
2,0.5074871217287589,,1.4629664864920238,2.5566197445101664,8.176193130714235,COMPLETE,banco,random_forest,,16.0,0.4681862286846154,10.0,6.0,214.0,,,,,,,,,
3,0.5627523436942488,,1.3898660814255306,2.408912849801626,7.828746663550946,COMPLETE,banco,random_forest,,6.0,0.5392989411287272,7.0,11.0,328.0,,,,,,,,,
4,0.6658370475281294,,1.38910086852296,2.105893930340059,7.876189951652057,COMPLETE,banco,random_forest,,4.0,0.6464454897410734,4.0,10.0,628.0,,,,,,,,,
5,0.5091601496821402,,1.465913662931234,2.552273731359063,8.196641409862501,COMPLETE,banco,random_forest,,4.0,0.3801927682679985,7.0,15.0,750.0,,,,,,,,,
6,0.8280446612175499,,1.2263293126568924,1.5106545920860042,6.6359880850316415,COMPLETE,banco,random_forest,,4.0,0.9776608214984636,1.0,23.0,625.0,,,,,,,,,
7,0.8052039664340978,,1.2236555997584648,1.607856915454111,6.769549446940297,COMPLETE,banco,random_forest,,6.0,0.6360991209307408,2.0,17.0,766.0,,,,,,,,,
8,0.7991869849507265,,1.263879252564506,1.6325003066446497,6.997138959158393,COMPLETE,banco,random_forest,,9.0,0.518206988040011,1.0,22.0,285.0,,,,,,,,,
9,0.5435537115387822,,1.427596071867538,2.4612299040161005,8.014609118633874,COMPLETE,banco,random_forest,,6.0,0.47015539609159257,7.0,14.0,664.0,,,,,,,,,
10,0.7175332904244718,,1.3766462129873924,1.9361588185642973,7.8354960032089815,COMPLETE,banco,random_forest,,12.0,0.9895325530232119,4.0,23.0,869.0,,,,,,,,,
11,0.8356093460689993,,1.1992293834390713,1.4770524068480113,6.521812594359483,COMPLETE,banco,random_forest,,8.0,0.7812993607015319,1.0,20.0,819.0,,,,,,,,,
12,0.7792299942767108,,1.2632271627740435,1.7116989236868883,7.05752550785288,COMPLETE,banco,random_forest,,10.0,0.8973731211607343,3.0,19.0,896.0,,,,,,,,,
13,0.8334659304979054,,1.204860311575492,1.4866505317431347,6.548240605668747,COMPLETE,banco,random_forest,,9.0,0.7842329633375631,1.0,20.0,533.0,,,,,,,,,
14,0.6441029088473218,,1.3897402197446778,2.173299411166882,7.871571431540168,COMPLETE,banco,random_forest,,10.0,0.7579679144163672,5.0,19.0,476.0,,,,,,,,,
15,0.8348920869276164,,1.1838257106414793,1.4802711915563818,6.45314702147396,COMPLETE,banco,random_forest,,13.0,0.7620622662878551,1.0,3.0,508.0,,,,,,,,,
16,0.7489905814157711,,1.3142263916668164,1.825165924598603,7.385986620095468,COMPLETE,banco,random_forest,,13.0,0.7113493733127276,3.0,7.0,439.0,,,,,,,,,
17,0.7729799499307487,,1.2835365676334904,1.735759099595041,7.17668895263078,COMPLETE,banco,random_forest,,14.0,0.8637594284482012,3.0,2.0,774.0,,,,,,,,,
18,0.6421508675926444,,1.3934383009191613,2.1792513688046,7.884045719960435,COMPLETE,banco,random_forest,,11.0,0.6931677125044188,5.0,4.0,389.0,,,,,,,,,
19,0.5218109279624474,,1.4152669682650432,2.5191682068656185,7.952302412129046,COMPLETE,banco,random_forest,,8.0,0.6001906571272699,12.0,10.0,574.0,,,,,,,,,
20,0.8339312999094077,,1.1817553108515375,1.4845719009587677,6.438832235691326,COMPLETE,banco,random_forest,,14.0,0.8757303717348041,2.0,8.0,708.0,,,,,,,,,
21,0.8363961772934857,,1.167990790136902,1.4735133219688639,6.366014967219183,COMPLETE,banco,random_forest,,14.0,0.9087724188771082,2.0,7.0,707.0,,,,,,,,,
22,0.8355913196561674,,1.1686609105765617,1.477133388418252,6.35741709038226,COMPLETE,banco,random_forest,,14.0,0.9291435385974979,2.0,2.0,828.0,,,,,,,,,
23,0.8345630220087686,,1.173276238637154,1.48174556927765,6.389205236638587,COMPLETE,banco,random_forest,,15.0,0.9252310318396706,2.0,5.0,845.0,,,,,,,,,
24,0.6637057149918842,,1.3969867784195114,2.112599081408729,7.933175303611756,COMPLETE,banco,random_forest,,12.0,0.8437955446928014,5.0,8.0,816.0,,,,,,,,,
25,0.7126097639621669,,1.3887958068284738,1.9529599972733547,7.897045113629657,COMPLETE,banco,random_forest,,8.0,0.9403691262648299,4.0,12.0,702.0,,,,,,,,,
26,0.8314692615903938,,1.1801288232582345,1.4955361145833097,6.453637557397925,COMPLETE,banco,random_forest,,11.0,0.819460393404386,2.0,3.0,811.0,,,,,,,,,
27,0.6566240459110515,,1.3534521189584314,2.1347267032537913,7.706906015789089,COMPLETE,banco,random_forest,,15.0,0.932599123066608,6.0,2.0,713.0,,,,,,,,,
28,0.7510821136883442,,1.3136629629636083,1.8175459339759892,7.38201125607601,COMPLETE,banco,random_forest,,7.0,0.7244617155050802,3.0,6.0,812.0,,,,,,,,,
29,0.8325771817075724,,1.1848031781877355,1.4906121858076145,6.464124656562328,COMPLETE,banco,random_forest,,16.0,0.8830030284591502,2.0,9.0,596.0,,,,,,,,,
30,0.6023011132815432,,1.3875029440017537,2.297388965342969,7.844981020865989,COMPLETE,banco,random_forest,,13.0,0.967258798919488,9.0,17.0,866.0,,,,,,,,,
31,0.8340857554857546,,1.187741137031761,1.4838813621948321,6.476665678303435,COMPLETE,banco,random_forest,,14.0,0.7525581342239948,1.0,4.0,504.0,,,,,,,,,
32,0.8387635731145453,,1.1764936412774856,1.4628133857822259,6.3994471344408455,COMPLETE,banco,random_forest,,13.0,0.8054045890353372,1.0,4.0,900.0,,,,,,,,,
33,0.8303499338254617,,1.1792710481941364,1.5004943339808177,6.449986892610976,COMPLETE,banco,random_forest,,15.0,0.8350419568491393,2.0,5.0,899.0,,,,,,,,,
34,0.5873816438832591,,1.3739092507233868,2.34008490623178,7.766416448777017,COMPLETE,banco,random_forest,,16.0,0.7941479016322519,9.0,7.0,833.0,,,,,,,,,
35,0.8405694542827836,,1.1786186311579805,1.454598413160139,6.385861156196139,COMPLETE,banco,random_forest,,12.0,0.9050366352407805,1.0,13.0,784.0,,,,,,,,,
36,0.8380757045781282,,1.1866349946730612,1.465930399769647,6.43702614140071,COMPLETE,banco,random_forest,,12.0,0.8094414036614768,1.0,13.0,746.0,,,,,,,,,
37,0.7796103187275074,,1.2672159788041402,1.7102239009240254,7.073832278267288,COMPLETE,banco,random_forest,,12.0,0.8985760334118345,3.0,12.0,735.0,,,,,,,,,
38,0.8387181675020243,,1.1837975096886324,1.4630193419163797,6.430031562753376,COMPLETE,banco,random_forest,,11.0,0.8350430130197078,1.0,13.0,671.0,,,,,,,,,
39,0.6063460344964131,,1.3566588575951217,2.285675949123382,7.681998498672997,COMPLETE,banco,random_forest,,11.0,0.8456677804395387,8.0,16.0,658.0,,,,,,,,,
40,0.8259754295344669,,1.2136530625774107,1.5197166736432428,6.662148189013458,COMPLETE,banco,random_forest,,10.0,0.6501018302528077,1.0,14.0,789.0,,,,,,,,,
41,0.8384381211386941,,1.1859402963329986,1.464288968940491,6.434094547698026,COMPLETE,banco,random_forest,,12.0,0.8134497260642596,1.0,13.0,675.0,,,,,,,,,
42,0.8377902026384653,,1.1884298766643124,1.4672221813691637,6.448909448526543,COMPLETE,banco,random_forest,,12.0,0.8090851723907626,1.0,13.0,681.0,,,,,,,,,
43,0.8339713392010686,,1.1987056252170325,1.4843929244551768,6.5201678028014936,COMPLETE,banco,random_forest,,11.0,0.7306713645300621,1.0,11.0,629.0,,,,,,,,,
44,0.8368144901609162,,1.1890736922067027,1.4716283290529242,6.443374844845132,COMPLETE,banco,random_forest,,13.0,0.8617633774772956,1.0,15.0,743.0,,,,,,,,,
45,0.7728460465476785,,1.2670250226429058,1.7362709260900173,7.1030406690024614,COMPLETE,banco,random_forest,,12.0,0.8226774752948172,3.0,13.0,642.0,,,,,,,,,
46,0.6954030949486286,,1.3799207072190125,2.010574111726557,7.840286583586543,COMPLETE,banco,random_forest,,10.0,0.7975260922379839,4.0,17.0,594.0,,,,,,,,,
47,0.7741505292188269,,1.3509201672287465,1.7312782847630388,7.262848939791041,COMPLETE,banco,random_forest,,3.0,0.9552663057374589,1.0,11.0,775.0,,,,,,,,,
48,0.8391719415496053,,1.1751073895539952,1.4609597552263396,6.372568605871338,COMPLETE,banco,random_forest,,9.0,0.998884331007902,2.0,14.0,749.0,,,,,,,,,
49,0.8401220479601593,,1.173704121383043,1.4566379865199433,6.362381427159416,COMPLETE,banco,random_forest,,9.0,0.9933224209591532,2.0,16.0,677.0,,,,,,,,,
50,0.7152780356170907,,1.3811928621015965,1.94387273706019,7.857805084649845,COMPLETE,banco,random_forest,,9.0,0.9994731830745378,4.0,16.0,216.0,,,,,,,,,
51,0.8379969671417047,,1.175977552504429,1.4662867686927599,6.3879096859100315,COMPLETE,banco,random_forest,,9.0,0.9806971329429355,2.0,14.0,680.0,,,,,,,,,
52,0.7251648537407434,,1.3152558386019224,1.9098245783386547,7.400405687165927,COMPLETE,banco,random_forest,,11.0,0.38177910197907494,2.0,16.0,608.0,,,,,,,,,
53,0.7878813898329687,,1.265557079776139,1.677825264160701,7.047486742279697,COMPLETE,banco,random_forest,,7.0,0.9525886810319837,3.0,19.0,566.0,,,,,,,,,
54,0.8351442246309921,,1.1937590179933786,1.479140492330404,6.477136787910844,COMPLETE,banco,random_forest,,10.0,0.8997456979855881,1.0,18.0,864.0,,,,,,,,,
55,0.8378331645849858,,1.1814597336384705,1.467027868521788,6.420950245453594,COMPLETE,banco,random_forest,,8.0,0.9729015079278373,2.0,21.0,791.0,,,,,,,,,
56,0.7795593885593413,,1.2772560846490713,1.7104214985584139,7.1240766406950025,COMPLETE,banco,random_forest,,13.0,0.9226592914512476,3.0,12.0,669.0,,,,,,,,,
57,0.8412021548096437,,1.1863744056192547,1.4517092551486597,6.3971815585819645,COMPLETE,banco,random_forest,,11.0,0.9997749209071385,1.0,24.0,730.0,,,,,,,,,
58,0.5776423230124965,,1.4042106221948987,2.3675411676343776,7.932993007348688,COMPLETE,banco,random_forest,,9.0,0.9906918384033401,11.0,24.0,763.0,,,,,,,,,
59,0.8383941416434947,,1.1878763251574331,1.4644882557653445,6.447908711934219,COMPLETE,banco,random_forest,,5.0,0.9560620890507766,2.0,21.0,729.0,,,,,,,,,
60,0.8420752478105802,,1.1747996999345367,1.4477129030990903,6.344075296663176,COMPLETE,banco,random_forest,,10.0,0.9991803471112016,1.0,15.0,849.0,,,,,,,,,
61,0.8422100821942431,,1.1740996092423497,1.4470947506014358,6.340059880852915,COMPLETE,banco,random_forest,,10.0,0.9967132145710919,1.0,15.0,852.0,,,,,,,,,
62,0.8384162002825265,,1.1751411520199186,1.4643883035712495,6.377116583797349,COMPLETE,banco,random_forest,,9.0,0.9941233617597196,2.0,15.0,851.0,,,,,,,,,
63,0.8420680516966266,,1.1763624292850743,1.447745886492142,6.355133171587919,COMPLETE,banco,random_forest,,10.0,0.9998353915054329,1.0,18.0,873.0,,,,,,,,,
64,0.8387323170820943,,1.1749766587678716,1.4629551636916562,6.379076029727085,COMPLETE,banco,random_forest,,10.0,0.999636218649986,2.0,18.0,875.0,,,,,,,,,
65,0.8421766672395292,,1.1755059038039368,1.4472479671266238,6.352318459608214,COMPLETE,banco,random_forest,,10.0,0.971826444323715,1.0,15.0,810.0,,,,,,,,,
66,0.8413519279228611,,1.1797243950682266,1.4510244904840817,6.371956533252715,COMPLETE,banco,random_forest,,10.0,0.9709334858381842,1.0,16.0,793.0,,,,,,,,,
67,0.8409144964965198,,1.1818078363544964,1.4530235276748444,6.385276178747912,COMPLETE,banco,random_forest,,10.0,0.9691214843492659,1.0,18.0,796.0,,,,,,,,,
68,0.8402710390930287,,1.1799148607227041,1.4559591038892972,6.383114985088902,COMPLETE,banco,random_forest,,10.0,0.9476442531635132,1.0,18.0,804.0,,,,,,,,,
69,0.6627185521435686,,1.342756901557616,2.115697485433763,7.660847225326813,COMPLETE,banco,random_forest,,10.0,0.9686346138458662,6.0,17.0,836.0,,,,,,,,,
70,0.8156156515280635,,1.2322670689989004,1.5642975663627876,6.804462353937126,COMPLETE,banco,random_forest,,8.0,0.5788182635170056,1.0,20.0,877.0,,,,,,,,,
71,0.8424190077106887,,1.1743750270222066,1.4461364030494814,6.363949835204099,COMPLETE,banco,random_forest,,11.0,0.9137935381742257,1.0,15.0,790.0,,,,,,,,,
72,0.8426945998414435,,1.1720754728381684,1.4448712815016829,6.351586530554918,COMPLETE,banco,random_forest,,11.0,0.9179180034741948,1.0,15.0,846.0,,,,,,,,,
73,0.837515826267871,,1.1701557351727039,1.468462553439866,6.3925632563830215,COMPLETE,banco,random_forest,,11.0,0.9198280146607755,2.0,15.0,826.0,,,,,,,,,
74,0.8406961010213387,,1.176782218913886,1.4540205541828886,6.364474857412931,COMPLETE,banco,random_forest,,11.0,0.9445392039279368,1.0,15.0,852.0,,,,,,,,,
75,0.8394885315358855,,1.1825307302239179,1.4595210974516089,6.413518446202583,COMPLETE,banco,random_forest,,11.0,0.8814950103696697,1.0,16.0,882.0,,,,,,,,,
76,0.780979248738825,,1.2629696676007438,1.7049041789528019,7.0552023950935965,COMPLETE,banco,random_forest,,10.0,0.9299210602667842,3.0,14.0,849.0,,,,,,,,,
77,0.8400024007529932,,1.188029213972264,1.457182933681544,6.41634665444993,COMPLETE,banco,random_forest,,11.0,0.9708315466135327,1.0,24.0,765.0,,,,,,,,,
78,0.8339472210533133,,1.1855374303425965,1.4845007356838233,6.4766173120482105,COMPLETE,banco,random_forest,,10.0,0.9119280095686143,2.0,22.0,811.0,,,,,,,,,
79,0.8400760101829479,,1.1808778208786062,1.4568476950736717,6.38428684250352,COMPLETE,banco,random_forest,,9.0,0.9404785497918129,1.0,14.0,889.0,,,,,,,,,
0,0.3995974476822166,,1.5766499597800259,2.822790245552532,8.727429781944386,COMPLETE,banco,extra_trees,,18.0,0.4514121162875837,9.0,15.0,500.0,,,,,,,,,
1,0.26354376012874103,,1.7193910802684278,3.1263011922908333,9.447839581958807,COMPLETE,banco,extra_trees,,2.0,0.8102471755674295,11.0,15.0,324.0,,,,,,,,,
2,0.412595261601428,,1.572669277396533,2.792068480190711,8.7130989125819,COMPLETE,banco,extra_trees,,18.0,0.4681862286846154,10.0,6.0,216.0,,,,,,,,,
3,0.43795138701559966,,1.562228919628415,2.7311420149469408,8.646238508622083,COMPLETE,banco,extra_trees,,7.0,0.5392989411287272,7.0,11.0,346.0,,,,,,,,,
4,0.48617579418902246,,1.489216338077181,2.6113472257628256,8.318811815541736,COMPLETE,banco,extra_trees,,4.0,0.6464454897410734,4.0,10.0,690.0,,,,,,,,,
5,0.40307053704798856,,1.5338699430071736,2.814614046372937,8.546996449195932,COMPLETE,banco,extra_trees,,5.0,0.3801927682679985,7.0,15.0,828.0,,,,,,,,,
6,0.8429448407955649,,1.1781051140764593,1.443721575653376,6.448291090249607,COMPLETE,banco,extra_trees,,4.0,0.9776608214984636,1.0,23.0,686.0,,,,,,,,,
7,0.7981687804369193,,1.233583737644024,1.6366337973746043,6.882136483156335,COMPLETE,banco,extra_trees,,7.0,0.6360991209307408,2.0,17.0,847.0,,,,,,,,,
8,0.8403666793767544,,1.1875130039119919,1.4555231491584306,6.47926409908587,COMPLETE,banco,extra_trees,,10.0,0.518206988040011,1.0,22.0,297.0,,,,,,,,,
9,0.4341890950477426,,1.5293005224925889,2.7402677517766665,8.502368194246479,COMPLETE,banco,extra_trees,,7.0,0.47015539609159257,7.0,14.0,730.0,,,,,,,,,
10,0.5285691315414365,,1.459122303597598,2.5013032713842103,8.131398175992752,COMPLETE,banco,extra_trees,,13.0,0.9895325530232119,4.0,23.0,964.0,,,,,,,,,
11,0.8449231130981825,,1.172100490647626,1.434600177423824,6.386995427052653,COMPLETE,banco,extra_trees,,12.0,0.8299636040712635,1.0,24.0,559.0,,,,,,,,,
12,0.7355947558295228,,1.3032273045004366,1.873235482180259,7.304605128621236,COMPLETE,banco,extra_trees,,13.0,0.9190393590779812,3.0,20.0,550.0,,,,,,,,,
13,0.8437712380008529,,1.1758255600947347,1.439918258782627,6.39367470262247,COMPLETE,banco,extra_trees,,12.0,0.8106635468244433,1.0,24.0,468.0,,,,,,,,,
14,0.48222173226329357,,1.5073925188043238,2.6213755974501907,8.360685674548835,COMPLETE,banco,extra_trees,,13.0,0.8057556870059438,5.0,20.0,460.0,,,,,,,,,
15,0.8410233913465636,,1.1889616634618039,1.452526141484072,6.417854219877817,COMPLETE,banco,extra_trees,,11.0,0.7837096468111125,1.0,3.0,430.0,,,,,,,,,
16,0.7223549350243688,,1.3230621062534005,1.9195627885058866,7.42869001389832,COMPLETE,banco,extra_trees,,15.0,0.7258064148191249,3.0,24.0,586.0,,,,,,,,,
17,0.7472959178441745,,1.2827959003773515,1.8313167678301852,7.188699819890665,COMPLETE,banco,extra_trees,,10.0,0.8906321296096098,3.0,18.0,623.0,,,,,,,,,
18,0.4787324194537722,,1.5197705036828821,2.6301935042973037,8.415812467736922,COMPLETE,banco,extra_trees,,15.0,0.8735766714579587,5.0,20.0,454.0,,,,,,,,,
19,0.4067148604578694,,1.615649683598584,2.8060091206090982,8.896048554239847,COMPLETE,banco,extra_trees,,15.0,0.7113465198877741,12.0,10.0,378.0,,,,,,,,,
20,0.8019841952963377,,1.2252003746061355,1.6210905370396094,6.830549022078601,COMPLETE,banco,extra_trees,,11.0,0.7444212746205372,2.0,18.0,536.0,,,,,,,,,
21,0.8448166945936594,,1.188377316222256,1.4350923262737851,6.420044784533749,COMPLETE,banco,extra_trees,,8.0,0.9699344171740901,1.0,22.0,650.0,,,,,,,,,
22,0.7974151193261015,,1.2281365710013816,1.6396866400318013,6.857387385519632,COMPLETE,banco,extra_trees,,9.0,0.8401027456643684,2.0,24.0,618.0,,,,,,,,,
23,0.8462158261694973,,1.178240495946628,1.428608287075211,6.384909428902875,COMPLETE,banco,extra_trees,,8.0,0.933189517305627,1.0,21.0,772.0,,,,,,,,,
24,0.4956346774404806,,1.5087564729776826,2.5871997030880345,8.374948665500382,COMPLETE,banco,extra_trees,,8.0,0.9340776604005645,5.0,21.0,793.0,,,,,,,,,
25,0.8194908496665844,,1.1992120124041024,1.5477718871458206,6.672501675713772,COMPLETE,banco,extra_trees,,6.0,0.9572708244800952,2.0,18.0,923.0,,,,,,,,,
26,0.5069040169956587,,1.4985900082325982,2.5581327365085498,8.319134178015412,COMPLETE,banco,extra_trees,,9.0,0.9004737334623089,4.0,22.0,778.0,,,,,,,,,
27,0.8476809399519506,,1.1753850725606354,1.4217867697907913,6.3662533737027545,COMPLETE,banco,extra_trees,,9.0,0.8655260954234626,1.0,21.0,675.0,,,,,,,,,
28,0.7379605159360455,,1.296019722871373,1.8648362854208806,7.261675069006729,COMPLETE,banco,extra_trees,,11.0,0.8584837486401125,3.0,17.0,721.0,,,,,,,,,
29,0.4782548940833975,,1.5307701639456996,2.6313979688168794,8.483871840783292,COMPLETE,banco,extra_trees,,17.0,0.7594052501339836,6.0,12.0,871.0,,,,,,,,,
30,0.4356436867324134,,1.5742225173143227,2.7367431327378506,8.702096448607637,COMPLETE,banco,extra_trees,,9.0,0.6865521380694737,9.0,19.0,748.0,,,,,,,,,
31,0.8490572519771372,,1.1668597785530948,1.4153487618517464,6.333419392668393,COMPLETE,banco,extra_trees,,8.0,0.9440961865889509,1.0,22.0,650.0,,,,,,,,,
32,0.8163880150528046,,1.2065261802612748,1.5610178023634498,6.698125329735542,COMPLETE,banco,extra_trees,,8.0,0.9290879641058968,2.0,21.0,552.0,,,,,,,,,
33,0.8468988723241674,,1.1688082105790294,1.425432110628018,6.376769253725727,COMPLETE,banco,extra_trees,,6.0,0.8335718560949577,1.0,16.0,697.0,,,,,,,,,
34,0.3931289718845111,,1.573583514506267,2.837955266442622,8.73779265975372,COMPLETE,banco,extra_trees,,3.0,0.8796377063288254,9.0,16.0,654.0,,,,,,,,,
35,0.8182468030662468,,1.2087531105502771,1.5530962547934004,6.70906138110032,COMPLETE,banco,extra_trees,,6.0,0.9353843779480946,2.0,8.0,795.0,,,,,,,,,
36,0.48497547567110566,,1.670471150850253,2.6143955640613226,9.292194474176286,COMPLETE,banco,extra_trees,,2.0,0.9933852362359558,3.0,14.0,680.0,,,,,,,,,
37,0.8424395137957081,,1.1745118454926458,1.4460423067996606,6.431127055364897,COMPLETE,banco,extra_trees,,5.0,0.607798934443195,1.0,19.0,893.0,,,,,,,,,
38,0.8032172697532299,,1.2325841213281477,1.6160352664101332,6.8733340605699755,COMPLETE,banco,extra_trees,,6.0,0.8504184223666353,2.0,16.0,738.0,,,,,,,,,
39,0.4605444879620616,,1.526431919859809,2.6756860883037765,8.473258916313737,COMPLETE,banco,extra_trees,,7.0,0.7695997442273114,8.0,21.0,827.0,,,,,,,,,
40,0.5107153664212782,,1.4628743922596907,2.548227107993,8.196578030981785,COMPLETE,banco,extra_trees,,4.0,0.8913991886171331,4.0,13.0,710.0,,,,,,,,,
41,0.8458811150313073,,1.1746269409337198,1.430162124482174,6.389608762637662,COMPLETE,banco,extra_trees,,9.0,0.8249677929555203,1.0,23.0,604.0,,,,,,,,,
42,0.8442774654035863,,1.1783570430645234,1.4375834853593443,6.394956606271118,COMPLETE,banco,extra_trees,,9.0,0.8044100943402683,1.0,22.0,665.0,,,,,,,,,
43,0.8477544943157572,,1.1734560414933068,1.4214434403036498,6.341046597289115,COMPLETE,banco,extra_trees,,10.0,0.9563538909688359,1.0,23.0,608.0,,,,,,,,,
44,0.8216623897951172,,1.1935869589645525,1.5384338052691489,6.644290504969384,COMPLETE,banco,extra_trees,,7.0,0.9572484094878355,2.0,19.0,502.0,,,,,,,,,
45,0.8546725730380041,,1.1463586426355008,1.3887725868512857,6.222609199936977,COMPLETE,banco,extra_trees,,8.0,0.9976759921366265,1.0,21.0,774.0,,,,,,,,,
46,0.8211814573463954,,1.2085838229966162,1.54050679645584,6.687886022811755,COMPLETE,banco,extra_trees,,10.0,0.9695047464861688,2.0,23.0,706.0,,,,,,,,,
47,0.7595560453672733,,1.2595508623489744,1.7863406217144693,7.093851336531282,COMPLETE,banco,extra_trees,,5.0,0.9983369214807037,3.0,20.0,639.0,,,,,,,,,
48,0.8441150648846808,,1.1841576189243095,1.4383329063319643,6.4059808956930056,COMPLETE,banco,extra_trees,,10.0,0.9018069002645316,1.0,16.0,580.0,,,,,,,,,
49,0.5301688204263253,,1.4794488148900022,2.4970558753693854,8.235439225020963,COMPLETE,banco,extra_trees,,6.0,0.9576897087526481,4.0,4.0,998.0,,,,,,,,,
50,0.8506216450434919,,1.1694211082530155,1.4079952164928413,6.347105058930169,COMPLETE,banco,extra_trees,,7.0,0.8652490208232898,1.0,22.0,218.0,,,,,,,,,
51,0.855048052112538,,1.1419848520477722,1.3869773568999386,6.176784244952695,COMPLETE,banco,extra_trees,,7.0,0.8609900023646422,1.0,22.0,204.0,,,,,,,,,
52,0.8463362135273619,,1.1683390118765375,1.4280489965930936,6.391562683322228,COMPLETE,banco,extra_trees,,8.0,0.38177910197907494,1.0,23.0,209.0,,,,,,,,,
53,0.815321283945762,,1.2018017419476437,1.5655457603005456,6.6940125310044545,COMPLETE,banco,extra_trees,,7.0,0.9150352032407352,2.0,22.0,292.0,,,,,,,,,
54,0.8439510963592821,,1.1858163482293964,1.439089167160884,6.416036244921551,COMPLETE,banco,extra_trees,,10.0,0.7947027158984836,1.0,21.0,266.0,,,,,,,,,
