number,value,params_alpha,user_attrs_mae_valid,user_attrs_rmse_valid,user_attrs_smape_valid,state,nivel,familia,params_l1_ratio,params_max_depth,params_max_features,params_min_samples_leaf,params_min_samples_split,params_n_estimators,params_l2_regularization,params_learning_rate,params_max_iter,params_max_leaf_nodes,params_colsample_bytree,params_min_child_weight,params_reg_alpha,params_reg_lambda,params_subsample
10,0.8591657661455047,0.00013922315388625753,1.11100006408548,1.367135186012957,6.156692817817754,COMPLETE,banco,ridge,,,,,,,,,,,,,,,
11,0.8591765271660414,0.00010302510016845843,1.1109307359388232,1.3670829542137362,6.156363340463602,COMPLETE,banco,ridge,,,,,,,,,,,,,,,
12,0.8535051130273525,0.01937259366410113,1.1459877405353718,1.3943396478411487,6.323231469553874,COMPLETE,banco,ridge,,,,,,,,,,,,,,,
13,0.8591748128773318,0.00010879156803766611,1.1109417810681697,1.3670912751551747,6.156415831557402,COMPLETE,banco,ridge,,,,,,,,,,,,,,,
14,0.8542712257569631,0.016744173937888723,1.1414130793110124,1.3906889347079903,6.3014272766079005,COMPLETE,banco,ridge,,,,,,,,,,,,,,,
15,0.8587179429621465,0.001646661799353062,1.1138749114078166,1.3693070617428933,6.170357181083908,COMPLETE,banco,ridge,,,,,,,,,,,,,,,
16,0.859173340425428,0.00011374457672278171,1.1109512678112654,1.3670984222107903,6.156460916587708,COMPLETE,banco,ridge,,,,,,,,,,,,,,,
17,0.8578040435961664,0.0047296267895131534,1.119680949060997,1.3737286835678104,6.197964636613854,COMPLETE,banco,ridge,,,,,,,,,,,,,,,
18,0.8169217451351976,0.16081555691101193,1.343004907180749,1.5587473391670357,7.268779569041603,COMPLETE,banco,ridge,,,,,,,,,,,,,,,
19,0.8589822823887028,0.000756607782803965,1.1121803736329274,1.368025471858991,6.162302481351904,COMPLETE,banco,ridge,,,,,,,,,,,,,,,
20,0.8099417845447027,0.19267834813641999,1.376555789086719,1.5881834524063894,7.430513620214422,COMPLETE,banco,ridge,,,,,,,,,,,,,,,
21,0.8591756134869352,0.00010609850017121621,1.1109366227926616,1.3670873891033202,6.156391317259007,COMPLETE,banco,ridge,,,,,,,,,,,,,,,
22,0.8591117853350109,0.00032082200749873065,1.111347661003642,1.367397167752269,6.1583447804266696,COMPLETE,banco,ridge,,,,,,,,,,,,,,,
23,0.857478332340516,0.005830663596179063,1.1217309957274442,1.3753011015714922,6.207715987499778,COMPLETE,banco,ridge,,,,,,,,,,,,,,,
24,0.8590746388961517,0.00044580477530958157,1.111586686878453,1.3675774191231211,6.159480787168383,COMPLETE,banco,ridge,,,,,,,,,,,,,,,
25,0.8578286694771966,0.004646431245232459,1.1195255475667558,1.3736097253893456,6.197225519922044,COMPLETE,banco,ridge,,,,,,,,,,,,,,,
26,0.859175152398314,0.00010764949619296744,1.110939593564492,1.367089627167121,6.156405435616912,COMPLETE,banco,ridge,,,,,,,,,,,,,,,
27,0.8585303548671367,0.00227873184139932,1.1150732574826552,1.3702158130075428,6.176054070305789,COMPLETE,banco,ridge,,,,,,,,,,,,,,,
28,0.8590823926172536,0.0004197154831108147,1.1115368055054173,1.3675397965132878,6.1592437163156974,COMPLETE,banco,ridge,,,,,,,,,,,,,,,
29,0.8443275680647007,0.05166059792654139,1.199014538545669,1.4373522004241264,6.577088640066692,COMPLETE,banco,ridge,,,,,,,,,,,,,,,
30,0.8550231818831147,0.014172765568593104,1.1368770169518647,1.3870963375900869,6.279815573332198,COMPLETE,banco,ridge,,,,,,,,,,,,,,,
31,0.8591751791354376,0.00010755955859804772,1.110939421299073,1.367089497388723,6.156404616939036,COMPLETE,banco,ridge,,,,,,,,,,,,,,,
32,0.8591367012936807,0.00023699766433476715,1.1111872568704935,1.3672762509039573,6.157582449421098,COMPLETE,banco,ridge,,,,,,,,,,,,,,,
33,0.8590233901394422,0.0006182590863826311,1.1119162298325695,1.3678260623450942,6.161047030925365,COMPLETE,banco,ridge,,,,,,,,,,,,,,,
34,0.8591723601806291,0.00011704191956021186,1.1109575832313214,1.3671031801479239,6.156490930166509,COMPLETE,banco,ridge,,,,,,,,,,,,,,,
35,0.8584260486917026,0.002630349720433677,1.115738096096984,1.3707208529272445,6.179214954957397,COMPLETE,banco,ridge,,,,,,,,,,,,,,,
36,0.8589680748021007,0.0008044276232039394,1.1122716273111726,1.3680943846564908,6.162736208494234,COMPLETE,banco,ridge,,,,,,,,,,,,,,,
37,0.7766746072724826,937.8118632537166,1.1991704400609675,1.7215767796246497,6.825571796606422,COMPLETE,banco,ridge,,,,,,,,,,,,,,,
38,0.8591395547792388,0.00022739812918406004,1.1111688826991537,1.3672624022903361,6.157495125701604,COMPLETE,banco,ridge,,,,,,,,,,,,,,,
39,0.8588495697982488,0.0012033721327181506,1.1130319884586863,1.3686690488219144,6.1663503327619456,COMPLETE,banco,ridge,,,,,,,,,,,,,,,
40,0.6459141186672746,111.20400203756152,1.948424856291095,2.167762245770635,9.90824689083448,COMPLETE,banco,ridge,,,,,,,,,,,,,,,
41,0.8591767567599551,0.00010225280193184222,1.1109292566471525,1.3670818397899562,6.156356310252305,COMPLETE,banco,ridge,,,,,,,,,,,,,,,
42,0.8591392303874795,0.00022848942553508014,1.1111709715646234,1.3672639766443004,6.157505053080776,COMPLETE,banco,ridge,,,,,,,,,,,,,,,
43,0.8590804022560657,0.0004264124823894808,1.1115496105065543,1.3675494542436923,6.159304574451468,COMPLETE,banco,ridge,,,,,,,,,,,,,,,
44,0.8591517763826735,0.00018628382570975885,1.1110901760549081,1.367203086485531,6.157121072028431,COMPLETE,banco,ridge,,,,,,,,,,,,,,,
45,0.6472214269243322,3.256235426070567,1.9628440082757035,2.163756785175155,10.218728834555378,COMPLETE,banco,ridge,,,,,,,,,,,,,,,
46,0.859176359884528,0.00010358779490707698,1.110931813743449,1.367083766179359,6.156368462641543,COMPLETE,banco,ridge,,,,,,,,,,,,,,,
47,0.8589365701270127,0.0009104733154925258,1.1124739064019835,1.3682471832594207,6.163697650419526,COMPLETE,banco,ridge,,,,,,,,,,,,,,,
48,0.8590835237176597,0.00041590966979818974,1.1115295283868745,1.3675343081007612,6.159209130496017,COMPLETE,banco,ridge,,,,,,,,,,,,,,,
49,0.8591769708953989,0.00010153250275130425,1.1109278769508346,1.3670808003990822,6.1563497533605345,COMPLETE,banco,ridge,,,,,,,,,,,,,,,
50,0.8586748111767456,0.0017919594853257048,1.1141507506055603,1.3695160626331213,6.171668454362926,COMPLETE,banco,ridge,,,,,,,,,,,,,,,
51,0.8591747759664764,0.00010891572788911805,1.110942018880848,1.36709145431526,6.156416961743726,COMPLETE,banco,ridge,,,,,,,,,,,,,,,
52,0.8591117594600732,0.00032090906137060806,1.1113478275490785,1.3673972933174727,6.158345571950441,COMPLETE,banco,ridge,,,,,,,,,,,,,,,
53,0.8591461401238589,0.00020524439655456101,1.1111264752061973,1.3672304415815348,6.157293583568687,COMPLETE,banco,ridge,,,,,,,,,,,,,,,
54,0.8591518235629998,0.00018612511079312184,1.1110898721863527,1.3672028574975768,6.1571196278970115,COMPLETE,banco,ridge,,,,,,,,,,,,,,,
55,0.859006101995311,0.0006764404713351573,1.1120273378703243,1.3679099289141978,6.161575113183989,COMPLETE,banco,ridge,,,,,,,,,,,,,,,
56,0.859174639544432,0.00010937462116466807,1.1109428978322453,1.3670921164884153,6.15642113889231,COMPLETE,banco,ridge,,,,,,,,,,,,,,,
57,0.8588049905439821,0.001353484818149961,1.1133176606025297,1.3688851637452144,6.167708245468345,COMPLETE,banco,ridge,,,,,,,,,,,,,,,
58,0.8582011246756959,0.0033889749177932835,1.117168153987432,1.3718092794286103,6.186014618548681,COMPLETE,banco,ridge,,,,,,,,,,,,,,,
59,0.8569259570282654,0.0077008005593237165,1.1251852463535594,1.3779636711658994,6.224150708769086,COMPLETE,banco,ridge,,,,,,,,,,,,,,,
60,0.8416613113217871,0.06136433864856928,1.2136702472128154,1.4496089612551675,6.647448034597951,COMPLETE,banco,ridge,,,,,,,,,,,,,,,
61,0.8591597564049875,0.00015943929807296815,1.1110387769161256,1.3671643551994763,6.156876798854834,COMPLETE,banco,ridge,,,,,,,,,,,,,,,
62,0.8591768129904742,0.00010206365621283388,1.1109288943486777,1.3670815668530196,6.156354588458917,COMPLETE,banco,ridge,,,,,,,,,,,,,,,
63,0.8591056711767626,0.00034139272342749715,1.1113870132455745,1.3674268380550276,6.158531806213982,COMPLETE,banco,ridge,,,,,,,,,,,,,,,
64,0.8591771319090811,0.00010099089247063978,1.1109268395203558,1.3670800188551195,6.156344823059192,COMPLETE,banco,ridge,,,,,,,,,,,,,,,
65,0.8590462481170416,0.0005413376967591138,1.1117692795195468,1.3677151680450224,6.16034860319306,COMPLETE,banco,ridge,,,,,,,,,,,,,,,
66,0.8591182518645971,0.0002990661695267533,1.1113060367274785,1.3673657867892601,6.158146957286252,COMPLETE,banco,ridge,,,,,,,,,,,,,,,
67,0.6153830317899027,71.20487091203817,2.046841003627613,2.259287831463474,10.39724658590968,COMPLETE,banco,ridge,,,,,,,,,,,,,,,
68,0.8591569760184803,0.0001687923525931138,1.1110566860486575,1.3671778500162595,6.1569619114464675,COMPLETE,banco,ridge,,,,,,,,,,,,,,,
69,0.7719039121623809,0.4094496184913213,1.5416393613498087,1.7398678432477865,8.227195103040588,COMPLETE,banco,ridge,,,,,,,,,,,,,,,
70,0.8591773264136744,0.00010033662735438156,1.1109255863004341,1.3670790747490997,6.15633886723725,COMPLETE,banco,ridge,,,,,,,,,,,,,,,
71,0.8591758664221146,0.00010524768533907308,1.1109349931343597,1.3670861613875176,6.15638357243858,COMPLETE,banco,ridge,,,,,,,,,,,,,,,
72,0.8591573861772246,0.0001674125981635902,1.1110540441672987,1.3671758592880618,6.156949355979234,COMPLETE,banco,ridge,,,,,,,,,,,,,,,
73,0.8591223671806005,0.00028522091783932514,1.1112795447443256,1.3673458154889542,6.158021052131925,COMPLETE,banco,ridge,,,,,,,,,,,,,,,
74,0.8591769201286752,0.00010170326953518024,1.1109282040463846,1.3670810468154795,6.156351307854805,COMPLETE,banco,ridge,,,,,,,,,,,,,,,
75,0.8589396480516652,0.0009001124788082918,1.112454148619704,1.3682322559862343,6.163603739976249,COMPLETE,banco,ridge,,,,,,,,,,,,,,,
76,0.8590511474129778,0.0005248513361612383,1.111737775919004,1.3676913981931962,6.16019887361619,COMPLETE,banco,ridge,,,,,,,,,,,,,,,
77,0.8591616019833392,0.00015323092527394977,1.1110268886761676,1.3671553974714186,6.156820300443977,COMPLETE,banco,ridge,,,,,,,,,,,,,,,
78,0.8591256483632879,0.00027418208210854575,1.1112584212015195,1.3673298919620898,6.157920661116009,COMPLETE,banco,ridge,,,,,,,,,,,,,,,
79,0.8590495492451714,0.0005302292190094301,1.111748052769924,1.3676991520490303,6.160247717145663,COMPLETE,banco,ridge,,,,,,,,,,,,,,,
0,0.5795693462392691,0.0074593432857265485,2.143043083866904,2.3621339939282304,11.059510729103488,COMPLETE,banco,elasticnet,0.9056428757689245,,,,,,,,,,,,,,
1,0.7887695357558574,0.4570563099801455,1.3356881333431718,1.6743090315013829,7.175717663052751,COMPLETE,banco,elasticnet,0.588792635777333,,,,,,,,,,,,,,
2,0.8085165525329423,0.0006026889128682511,1.3849664384391118,1.5941271634394383,7.467495690887373,COMPLETE,banco,elasticnet,0.19039506830258235,,,,,,,,,,,,,,
3,0.8493336173492152,0.00019517224641449495,1.1733811434998616,1.4140524670648904,6.448240500947601,COMPLETE,banco,elasticnet,0.8295585311974416,,,,,,,,,,,,,,
4,0.7124469089636742,0.10129197956845731,1.7134189250060792,1.9535132593768751,8.725711911158388,COMPLETE,banco,elasticnet,0.6872653200164409,,,,,,,,,,,,,,
5,0.8537442298788545,0.00012674255898937226,1.146730258779495,1.3932012249342283,6.322393477590035,COMPLETE,banco,elasticnet,0.9229188669457948,,,,,,,,,,,,,,
6,0.7446951395726611,1.452824663751602,1.31049901527804,1.8407164120921076,7.36633642326725,COMPLETE,banco,elasticnet,0.24110519961044852,,,,,,,,,,,,,,
7,0.7947396987615786,0.0008111941985431928,1.4484336021032433,1.6504783204129818,7.772213781129751,COMPLETE,banco,elasticnet,0.21506405886809044,,,,,,,,,,,,,,
8,0.6998002672107055,0.0033205591037519565,1.8068522005344385,1.9960089936207208,9.474362445667575,COMPLETE,banco,elasticnet,0.522280788469014,,,,,,,,,,,,,,
9,0.6048690796398347,0.01444525102276306,2.080198023002474,2.2899597617506906,10.726414254818476,COMPLETE,banco,elasticnet,0.3121062261782377,,,,,,,,,,,,,,
10,-1.454609166147677,5.3171966339820935,4.418865835014587,5.7075341534925785,20.587044644586854,COMPLETE,banco,elasticnet,0.7425875019070267,,,,,,,,,,,,,,
11,0.8544225589900928,0.00010907785690006128,1.142348083977057,1.3899666610181765,6.302203807774501,COMPLETE,banco,elasticnet,0.90870963917974,,,,,,,,,,,,,,
12,0.8536434831394758,0.00011819129956743128,1.1470596084784317,1.393680988288036,6.324558537000262,COMPLETE,banco,elasticnet,0.866898315754266,,,,,,,,,,,,,,
13,0.7949902676838407,0.0012444106742791423,1.4602941393298,1.6494706124924445,7.797022923170076,COMPLETE,banco,elasticnet,0.9379545190369877,,,,,,,,,,,,,,
14,0.5963903159886323,0.05467530386354753,2.090885115823941,2.3143984623431675,10.635324881459946,COMPLETE,banco,elasticnet,0.3916438190782011,,,,,,,,,,,,,,
15,0.8529255703000995,0.00011023138050261352,1.1508460468623516,1.3970949719107533,6.343685024795959,COMPLETE,banco,elasticnet,0.7243894051648361,,,,,,,,,,,,,,
16,0.7223918860756944,0.002687023979812983,1.733081486826707,1.9194350494746681,9.115979822829145,COMPLETE,banco,elasticnet,0.6185693650741831,,,,,,,,,,,,,,
17,0.831278170526527,0.0005102893914332473,1.2770218159513342,1.496383742220243,6.936708924710608,COMPLETE,banco,elasticnet,0.8119932222496938,,,,,,,,,,,,,,
18,0.8226130072994147,0.0003972005324312402,1.3153372377823749,1.5343280639026764,7.134241225507624,COMPLETE,banco,elasticnet,0.10526276765509501,,,,,,,,,,,,,,
19,0.7016693265889679,0.1926554204946597,1.7374496411358635,1.98978566313704,8.899383393742909,COMPLETE,banco,elasticnet,0.4061877553490475,,,,,,,,,,,,,,
20,0.6009561742185214,0.021914084364963626,2.0740590094821885,2.301270344395549,10.590825405283773,COMPLETE,banco,elasticnet,0.9493571464960872,,,,,,,,,,,,,,
21,0.8533625872869306,0.0001187666831392573,1.1486605264553058,1.3950177635832335,6.332354405524519,COMPLETE,banco,elasticnet,0.8370656473712078,,,,,,,,,,,,,,
22,0.8479685340651918,0.0002291027226303687,1.1818615164706374,1.4204438955052237,6.487517987529657,COMPLETE,banco,elasticnet,0.8571650755630527,,,,,,,,,,,,,,
23,0.746543289584497,0.002106372683589137,1.6504790296559813,1.834041844563565,8.709289679841715,COMPLETE,banco,elasticnet,0.7670942840206572,,,,,,,,,,,,,,
24,0.8402147145770102,0.0003003123767700408,1.2247964515676515,1.4562157854682287,6.694225178962587,COMPLETE,banco,elasticnet,0.6505210494307716,,,,,,,,,,,,,,
25,0.8546675900272678,0.00010177781463634308,1.1407316082116694,1.3887963958787193,6.2947978811457155,COMPLETE,banco,elasticnet,0.8971337897141568,,,,,,,,,,,,,,
26,0.625483672043399,0.005659688521455647,2.0242804955041325,2.2294242534650603,10.495652390226695,COMPLETE,banco,elasticnet,0.8010079076955726,,,,,,,,,,,,,,
27,0.781555273851751,0.0014789817600078295,1.518700163615937,1.7026607518411645,8.074404805622095,COMPLETE,banco,elasticnet,0.9482207432420322,,,,,,,,,,,,,,
28,0.8367064472785635,0.0003172383537592237,1.243314126948989,1.4721154208833536,6.784199685567128,COMPLETE,banco,elasticnet,0.5259175431872869,,,,,,,,,,,,,,
29,0.5786060206754586,0.007699505883514393,2.145430338232527,2.3648386041611325,11.070448044433057,COMPLETE,banco,elasticnet,0.8858771736495644,,,,,,,,,,,,,,
30,0.812157660783732,0.0009157973720277725,1.3781019653557804,1.5788980453397734,7.411268335821585,COMPLETE,banco,elasticnet,0.8900948827390351,,,,,,,,,,,,,,
31,0.8535085521358075,0.0001225980320692657,1.1479521228388423,1.3943232810125354,6.328614927672637,COMPLETE,banco,elasticnet,0.8759352446594365,,,,,,,,,,,,,,
32,0.8483326621927503,0.0001997746308284473,1.1790150039320375,1.4187418345446936,6.475695333376244,COMPLETE,banco,elasticnet,0.7737991426202235,,,,,,,,,,,,,,
33,0.8527743310100395,0.00010902633092433566,1.151665793955108,1.3978131163232712,6.34773097453801,COMPLETE,banco,elasticnet,0.6953719444579624,,,,,,,,,,,,,,
34,0.8295324376042438,0.0005990819999780506,1.2881840276006034,1.5041052205143006,6.985111743742747,COMPLETE,banco,elasticnet,0.9051567479257362,,,,,,,,,,,,,,
35,0.848194762951232,0.0002181894476997993,1.180311698710616,1.4193866634680259,6.480696280279032,COMPLETE,banco,elasticnet,0.8347922575016717,,,,,,,,,,,,,,
36,0.8249032818473073,0.0005104123901692682,1.307991251930634,1.5243908953120493,7.090243447696108,COMPLETE,banco,elasticnet,0.5895516544312275,,,,,,,,,,,,,,
37,0.8045254617019114,0.5340746393333291,1.2362700535108309,1.6106546885396191,6.819955511851138,COMPLETE,banco,elasticnet,0.792038753091539,,,,,,,,,,,,,,
38,0.8547955120642207,0.00010035003339608937,1.1399499349864781,1.3881850498794752,6.2910952726405425,COMPLETE,banco,elasticnet,0.9053533490900944,,,,,,,,,,,,,,
39,0.8191280751802356,0.0008244107452527659,1.343651663150076,1.5493264075722422,7.246341321651062,COMPLETE,banco,elasticnet,0.9248346707599513,,,,,,,,,,,,,,
40,0.8458765634446027,0.00022478735118418032,1.1929953490328404,1.430183242785917,6.5427822781821465,COMPLETE,banco,elasticnet,0.7042682766092403,,,,,,,,,,,,,,
41,0.8544066437131832,0.00010254199380027041,1.1422554472333022,1.3900426381049078,6.30216686375861,COMPLETE,banco,elasticnet,0.8673557410971218,,,,,,,,,,,,,,
42,0.8546048340873595,0.00010173277956708196,1.1410945838555504,1.3890962113727123,6.296557765519317,COMPLETE,banco,elasticnet,0.8886351381323006,,,,,,,,,,,,,,
43,0.8411607788542828,0.0003532035692019908,1.2214775502285304,1.4518983696329424,6.673964477219249,COMPLETE,banco,elasticnet,0.8458541830337019,,,,,,,,,,,,,,
44,0.8481361710026603,0.00019847297147592119,1.1800466523024289,1.4196605558871374,6.480889310584518,COMPLETE,banco,elasticnet,0.7536443187477894,,,,,,,,,,,,,,
45,-1.4958089478228858,9.441477057900787,4.459633438647273,5.755234340268151,20.737672742990345,COMPLETE,banco,elasticnet,0.9047111050595192,,,,,,,,,,,,,,
46,0.8494787229955105,0.00015585926886900437,1.1714572242517236,1.413371371452083,6.441468317976062,COMPLETE,banco,elasticnet,0.6510132046256832,,,,,,,,,,,,,,
47,0.7856665290027904,0.001297900732741682,1.4983007366942802,1.686562119265791,7.985983666952527,COMPLETE,banco,elasticnet,0.8284619802867094,,,,,,,,,,,,,,
48,0.8543790974494696,0.00010403483494085913,1.142457046338411,1.3901741299225652,6.30304889713817,COMPLETE,banco,elasticnet,0.873246513315145,,,,,,,,,,,,,,
49,0.8415213931277716,0.00037730808830938143,1.220355637003263,1.4502493034283666,6.666475528944127,COMPLETE,banco,elasticnet,0.9131306725099139,,,,,,,,,,,,,,
50,0.00988631088223313,2.3051836331648867,2.6646521657140556,3.6249320966411123,13.677290328951837,COMPLETE,banco,elasticnet,0.7969240465530191,,,,,,,,,,,,,,
51,0.8544958313702665,0.00010210560689590248,1.1417315974092432,1.3896168163461673,6.299639607898677,COMPLETE,banco,elasticnet,0.8764744978113573,,,,,,,,,,,,,,
52,0.8511745034301734,0.00016716866181090557,1.1622511400297972,1.405387263196084,6.395504649075076,COMPLETE,banco,elasticnet,0.8616873872869135,,,,,,,,,,,,,,
53,0.8534913411638502,0.0001023768505321476,1.1474347539261212,1.3944051866610272,6.327537357892307,COMPLETE,banco,elasticnet,0.7399025658155688,,,,,,,,,,,,,,
54,0.8470402435891594,0.00026933710770431587,1.1880210265023683,1.4247738474127252,6.514911505206027,COMPLETE,banco,elasticnet,0.9199715712516612,,,,,,,,,,,,,,
55,0.8335818787791656,0.0005507586360305319,1.2665735524215447,1.4861329061646904,6.881340959740709,COMPLETE,banco,elasticnet,0.9479704790183766,,,,,,,,,,,,,,
56,0.8514230877189042,0.00015089101023587975,1.1603803159797976,1.4042130584842443,6.387511417612727,COMPLETE,banco,elasticnet,0.8083028341354714,,,,,,,,,,,,,,
57,0.8282126412278124,0.0004014941960338885,1.2887477917165784,1.5099165464420523,7.0023716206717195,COMPLETE,banco,elasticnet,0.4078855683775027,,,,,,,,,,,,,,
58,0.7912021093259266,0.0008313667004542953,1.4628353957008848,1.6646402700527665,7.844056716513126,COMPLETE,banco,elasticnet,0.12049087573930778,,,,,,,,,,,,,,
59,0.6001630369678292,0.0913092092974871,2.0782191983587026,2.303556205077448,10.532094965221038,COMPLETE,banco,elasticnet,0.2740503053977148,,,,,,,,,,,,,,
60,0.8459362109696299,0.00017858749163358076,1.1914752632284875,1.4299064674039363,6.5380160673246746,COMPLETE,banco,elasticnet,0.4732514357702768,,,,,,,,,,,,,,
61,0.8523261602416327,0.0001447208491689364,1.1552226584086749,1.3999390463831132,6.362644185452748,COMPLETE,banco,elasticnet,0.8650574096664176,,,,,,,,,,,,,,
62,0.8542920915171444,0.00010689764367041221,1.1430387110267788,1.390589370223452,6.305692938776963,COMPLETE,banco,elasticnet,0.879710039339808,,,,,,,,,,,,,,
63,0.845425435998335,0.0002684607895567316,1.1966285171556488,1.4322748243397359,6.557509303294061,COMPLETE,banco,elasticnet,0.8296156630050946,,,,,,,,,,,,,,
64,0.8518364401017222,0.00016530988573582454,1.1585261396498434,1.4022583837272582,6.3773941560869085,COMPLETE,banco,elasticnet,0.9100296199609813,,,,,,,,,,,,,,
65,0.8436117584550853,0.0002825302366408753,1.206541087807515,1.4406530112471063,6.605527674846336,COMPLETE,banco,elasticnet,0.7733495246535067,,,,,,,,,,,,,,
66,0.8540685204775302,0.0001083206425826825,1.1443559796281246,1.3916558063146507,6.31202931439528,COMPLETE,banco,elasticnet,0.859920476067541,,,,,,,,,,,,,,
67,0.8364101173092487,0.00046182420204429997,1.2493472580426124,1.4734505445955617,6.803357228580211,COMPLETE,banco,elasticnet,0.8890097797922512,,,,,,,,,,,,,,
68,0.6711204041544161,0.004080183433830355,1.8971871929294288,2.089179752470057,9.88707806838253,COMPLETE,banco,elasticnet,0.8175569302419659,,,,,,,,,,,,,,
69,0.8526895176879676,0.00015148231873892836,1.1533865639347867,1.3982156823493626,6.353215284849371,COMPLETE,banco,elasticnet,0.928997836373492,,,,,,,,,,,,,,
70,0.7564113889386536,0.0019015515545561235,1.615795101884023,1.7979840413234918,8.542533482247922,COMPLETE,banco,elasticnet,0.8490954138015786,,,,,,,,,,,,,,
71,0.8536818077317375,0.00012087084653439009,1.1469211729421889,1.3934985032377414,6.323695480699287,COMPLETE,banco,elasticnet,0.886194413083148,,,,,,,,,,,,,,
72,0.8545144531954544,0.00010252261315967924,1.1416369158189514,1.38952789095771,6.2991494496246245,COMPLETE,banco,elasticnet,0.8815901604438765,,,,,,,,,,,,,,
73,0.8490365249714444,0.00023833395879930422,1.176241058317964,1.4154459342406709,6.4591696992466545,COMPLETE,banco,elasticnet,0.9498739636074338,,,,,,,,,,,,,,
74,0.8537758798466151,0.00010326276444029876,1.1458604698258101,1.393050471361844,6.319754952236948,COMPLETE,banco,elasticnet,0.7863852805898314,,,,,,,,,,,,,,
75,0.5740023177042588,0.014927181992816223,2.1479610012289143,2.377721371094322,11.066603967932586,COMPLETE,banco,elasticnet,0.9022899905893973,,,,,,,,,,,,,,
