number,value,params_alpha,user_attrs_mae_valid,user_attrs_rmse_valid,user_attrs_smape_valid,state,nivel,familia,params_l1_ratio,params_max_depth,params_max_features,params_min_samples_leaf,params_min_samples_split,params_n_estimators,params_l2_regularization,params_learning_rate,params_max_iter,params_max_leaf_nodes,params_colsample_bytree,params_min_child_weight,params_reg_alpha,params_reg_lambda,params_subsample
55,0.8136991036120642,,1.2129739965417972,1.5724064455217877,6.733322862569232,COMPLETE,banco,extra_trees,,7.0,0.8698264031866586,2.0,24.0,248.0,,,,,,,,,
56,0.7114392721610729,,1.3377656397440751,1.956932993849203,7.504552334214456,COMPLETE,banco,extra_trees,,12.0,0.551109433734573,3.0,20.0,363.0,,,,,,,,,
57,0.850674634374887,,1.1566059448548853,1.4077454636325397,6.2592913308379865,COMPLETE,banco,extra_trees,,8.0,0.9445345966491567,1.0,22.0,311.0,,,,,,,,,
58,0.4460261119924893,,1.5667216767574,2.7114524349998783,8.668516350304818,COMPLETE,banco,extra_trees,,8.0,0.9800953586242639,11.0,23.0,236.0,,,,,,,,,
59,0.8193942603680341,,1.1965255106437136,1.5481859332124157,6.685788639615812,COMPLETE,banco,extra_trees,,5.0,0.9136901977379291,2.0,24.0,311.0,,,,,,,,,
60,0.7452321152777228,,1.2995610925046523,1.8387796290085572,7.263388946836784,COMPLETE,banco,extra_trees,,8.0,0.9298369304978567,3.0,22.0,397.0,,,,,,,,,
61,0.8493483581821031,,1.1715269740104077,1.413983291643642,6.32547775459966,COMPLETE,banco,extra_trees,,9.0,0.9624557109847462,1.0,20.0,229.0,,,,,,,,,
62,0.8509995114542926,,1.1649638162444003,1.4062132615949376,6.2570795601092275,COMPLETE,banco,extra_trees,,7.0,0.9490508136557687,1.0,19.0,200.0,,,,,,,,,
63,0.8563488754165267,,1.1417751504606783,1.3807398465154392,6.18547626566789,COMPLETE,banco,extra_trees,,7.0,0.9997394251522563,1.0,19.0,203.0,,,,,,,,,
64,0.84110720700844,,1.157687252201955,1.4521431905212459,6.381231806496905,COMPLETE,banco,extra_trees,,7.0,0.9992313475788341,2.0,18.0,200.0,,,,,,,,,
65,0.8496224368507308,,1.1681664791454578,1.4126964849524997,6.341356704701373,COMPLETE,banco,extra_trees,,7.0,0.9751298108347013,1.0,19.0,332.0,,,,,,,,,
66,0.825252668463617,,1.199297040320266,1.5228692570562752,6.662121328011963,COMPLETE,banco,extra_trees,,5.0,0.9781452823592847,2.0,19.0,274.0,,,,,,,,,
67,0.8406010640873235,,1.1781200512791346,1.454454206632462,6.474676029255703,COMPLETE,banco,extra_trees,,4.0,0.8996651314801812,1.0,18.0,328.0,,,,,,,,,
68,0.4907440180273669,,1.5166335076440598,2.5997130407430604,8.421314295626923,COMPLETE,banco,extra_trees,,7.0,0.9468150617048113,6.0,19.0,259.0,,,,,,,,,
69,0.8510235272821626,,1.1595831945596857,1.406099930635785,6.3077359907093555,COMPLETE,banco,extra_trees,,6.0,0.9804025508031882,1.0,17.0,335.0,,,,,,,,,
70,0.8215032309741362,,1.1999861984425606,1.5391201459235924,6.676182845814043,COMPLETE,banco,extra_trees,,6.0,0.920734078415344,2.0,17.0,284.0,,,,,,,,,
71,0.8469389293049365,,1.1756407762781207,1.4252456252546741,6.381849447507043,COMPLETE,banco,extra_trees,,7.0,0.9769531890196328,1.0,17.0,342.0,,,,,,,,,
72,0.8516817051587531,,1.1652933703553778,1.4029904184808923,6.312989360488398,COMPLETE,banco,extra_trees,,6.0,0.9852981629046856,1.0,20.0,236.0,,,,,,,,,
73,0.8509870032589069,,1.1569494059821146,1.4062722842910238,6.293513507169078,COMPLETE,banco,extra_trees,,6.0,0.9924202286604655,1.0,20.0,224.0,,,,,,,,,
74,0.817035085409718,,1.2036768123328925,1.558264769014151,6.74955566124551,COMPLETE,banco,extra_trees,,4.0,0.9514042782043108,2.0,20.0,305.0,,,,,,,,,
75,0.8514650409155412,,1.1558114907761226,1.4040147928691828,6.286098487737951,COMPLETE,banco,extra_trees,,6.0,0.9942267384373921,1.0,21.0,249.0,,,,,,,,,
76,0.7177290238798253,,1.336621581278116,1.9354878780305012,7.576158230301138,COMPLETE,banco,extra_trees,,3.0,0.999732461177559,3.0,21.0,241.0,,,,,,,,,
77,0.849695662312271,,1.1735790449518297,1.412352490988067,6.346323649764152,COMPLETE,banco,extra_trees,,6.0,0.9761247788315041,1.0,15.0,226.0,,,,,,,,,
78,0.8330510325899994,,1.187075542086399,1.4885012776619109,6.569748216230637,COMPLETE,banco,extra_trees,,5.0,0.9847981191461708,2.0,20.0,201.0,,,,,,,,,
79,0.852679949270792,,1.1548573690629818,1.3982610915201725,6.267578941966638,COMPLETE,banco,extra_trees,,6.0,0.9893645626117703,1.0,18.0,251.0,,,,,,,,,
0,0.5508796175432132,,1.4911644684038639,2.4413987939335344,8.316750763764894,COMPLETE,banco,hist_gradient_boosting,,,,32.0,,,1.2363188277052228e-05,0.021642251106469404,671.0,49.0,,,,,
1,0.23239913012392732,,1.8098919259835016,3.191722111009081,9.895495236265937,COMPLETE,banco,hist_gradient_boosting,,,,32.0,,,0.090470719575684,0.009204496040276266,134.0,57.0,,,,,
2,0.5827364675371376,,1.5073730125560703,2.3532201491462836,8.485691797362604,COMPLETE,banco,hist_gradient_boosting,,,,14.0,,,1.8740223688836324e-05,0.005419290634672375,682.0,55.0,,,,,
3,0.5228094283218283,,1.4169550509935824,2.516536711325235,7.98144556787511,COMPLETE,banco,hist_gradient_boosting,,,,24.0,,,0.00010929592787219404,0.01024634005770867,282.0,37.0,,,,,
4,0.5289536442586575,,1.546337698429864,2.5002829954791093,8.616643661491622,COMPLETE,banco,hist_gradient_boosting,,,,21.0,,,0.0015577217702693043,0.05476331374316277,183.0,24.0,,,,,
5,0.5581640580441826,,1.4923769134151277,2.421518904385984,8.336806978812294,COMPLETE,banco,hist_gradient_boosting,,,,32.0,,,2.1142332035497158e-06,0.10788483727948411,220.0,37.0,,,,,
6,0.4811855878825242,,1.6017920030821742,2.6239971502359416,8.837453070243505,COMPLETE,banco,hist_gradient_boosting,,,,48.0,,,5.746775499181867,0.053848112391315636,202.0,11.0,,,,,
7,0.5785481613849388,,1.545292531619727,2.3650009500821647,8.590739499353754,COMPLETE,banco,hist_gradient_boosting,,,,36.0,,,0.0012052231254145623,0.11814432092118202,283.0,13.0,,,,,
8,0.4013010637361518,,1.6087552254233501,2.818782628574589,8.9053429324407,COMPLETE,banco,hist_gradient_boosting,,,,46.0,,,6.478282331897332e-05,0.008059522363804595,397.0,9.0,,,,,
9,0.5274490370228428,,1.5359514363373692,2.504272989825469,8.5569966890931,COMPLETE,banco,hist_gradient_boosting,,,,30.0,,,1.967801053211497e-05,0.0667690954439529,287.0,37.0,,,,,
10,0.5447557551066153,,1.7277289421517104,2.4579869639238403,9.481263758860454,COMPLETE,banco,hist_gradient_boosting,,,,6.0,,,0.036565023379591846,0.022639291620412304,660.0,63.0,,,,,
11,0.6925423080709813,,1.353491414855985,2.0199937441140094,7.670642516296895,COMPLETE,banco,hist_gradient_boosting,,,,10.0,,,0.0017608364013964172,0.1742068650747413,554.0,23.0,,,,,
12,0.6493008030561215,,1.5005669311503875,2.1573704650413097,8.348503258717374,COMPLETE,banco,hist_gradient_boosting,,,,10.0,,,0.026062302274034454,0.24260453840099258,550.0,24.0,,,,,
13,0.6360015885132952,,1.5759145187990846,2.1978957402648556,8.72597495236677,COMPLETE,banco,hist_gradient_boosting,,,,5.0,,,0.03854402004517669,0.22227115070086215,541.0,24.0,,,,,
14,0.5487282367191497,,1.7911683488887966,2.4472392142035018,9.932776032837435,COMPLETE,banco,hist_gradient_boosting,,,,16.0,,,0.5699410662571287,0.2224375588973081,536.0,24.0,,,,,
15,0.5480958102776956,,1.7508571522717424,2.448953432823749,9.678550791034858,COMPLETE,banco,hist_gradient_boosting,,,,12.0,,,0.004025250365807169,0.15941426007054163,542.0,18.0,,,,,
16,0.6466677963281078,,1.5804507026010004,2.16545395789376,8.65786575423129,COMPLETE,banco,hist_gradient_boosting,,,,9.0,,,0.007473465025216011,0.09451183693435293,453.0,29.0,,,,,
17,0.5323674773023077,,1.6549397669514463,2.491206319792008,9.164173809803328,COMPLETE,banco,hist_gradient_boosting,,,,20.0,,,0.0003565965981348021,0.24896479821424905,459.0,29.0,,,,,
18,0.4472882955574692,,1.9379693033921526,2.7083617637748416,10.676366816015962,COMPLETE,banco,hist_gradient_boosting,,,,18.0,,,0.4658278988491401,0.14791417510829583,603.0,47.0,,,,,
19,0.6326295816097942,,1.4773338175364013,2.208052699998818,8.258166866246402,COMPLETE,banco,hist_gradient_boosting,,,,10.0,,,0.012596140406243203,0.03356220331613892,428.0,17.0,,,,,
20,0.5490228135001952,,1.5859441634946814,2.4464403413371456,8.793557021684165,COMPLETE,banco,hist_gradient_boosting,,,,26.0,,,0.2960810535966738,0.0846129175052651,367.0,31.0,,,,,
21,0.659305784697372,,1.5137836092281711,2.126374340909402,8.324409287488832,COMPLETE,banco,hist_gradient_boosting,,,,9.0,,,0.00702440963812228,0.165755262011813,491.0,29.0,,,,,
22,0.6795045515233573,,1.518689006989721,2.0623780426160856,8.414858618715067,COMPLETE,banco,hist_gradient_boosting,,,,9.0,,,0.000546654448004083,0.16637494056033317,596.0,19.0,,,,,
23,0.4643370546672344,,1.9799660503033978,2.6662639800428494,10.88234092739388,COMPLETE,banco,hist_gradient_boosting,,,,15.0,,,0.0004907778742191169,0.14793065947318362,605.0,17.0,,,,,
24,0.6454903168979547,,1.6142717592898723,2.169059144054257,8.743748857633523,COMPLETE,banco,hist_gradient_boosting,,,,7.0,,,0.00021909248392300296,0.16660297149747438,503.0,32.0,,,,,
25,0.5864330151320778,,1.5806887373044776,2.3427733438119915,8.723168349516548,COMPLETE,banco,hist_gradient_boosting,,,,42.0,,,0.0018887501344400529,0.07499276586586978,610.0,44.0,,,,,
26,0.5297238654946655,,1.7718513667642188,2.4982380174205523,9.754937448109867,COMPLETE,banco,hist_gradient_boosting,,,,12.0,,,0.005942068167615847,0.04558260356366122,498.0,19.0,,,,,
27,0.49016080188609834,,1.864468758063611,2.601201251791641,10.271828735313662,COMPLETE,banco,hist_gradient_boosting,,,,19.0,,,0.001292030275791949,0.12294495890083067,579.0,21.0,,,,,
28,0.6391690079406548,,1.5593947108914052,2.1883120877914317,8.836905576197548,COMPLETE,banco,hist_gradient_boosting,,,,5.0,,,9.223336534824929e-05,0.18539484647331345,351.0,14.0,,,,,
29,0.5279284232767875,,1.6306127509778199,2.5030024192777054,9.018471887602631,COMPLETE,banco,hist_gradient_boosting,,,,24.0,,,1.0320291176219556e-06,0.028986502797404307,654.0,42.0,,,,,
30,0.5114244792472792,,1.50745901050495,2.5463798849411834,8.37994027723819,COMPLETE,banco,hist_gradient_boosting,,,,37.0,,,0.10744265536218266,0.01502951427982395,493.0,27.0,,,,,
31,0.6612540649629541,,1.525722584171912,2.1202857244188205,8.410748501548154,COMPLETE,banco,hist_gradient_boosting,,,,9.0,,,0.020633199282807494,0.17791468268174276,576.0,33.0,,,,,
32,0.6139691264347218,,1.669699321677012,2.263436749776167,9.046773529757111,COMPLETE,banco,hist_gradient_boosting,,,,8.0,,,0.0006102480291470881,0.12879488850407014,628.0,33.0,,,,,
33,0.4956582697301488,,1.958211934697188,2.5871391927041003,10.655164956118124,COMPLETE,banco,hist_gradient_boosting,,,,13.0,,,0.013126759471510843,0.1821688641626758,566.0,40.0,,,,,
34,0.4698784696105853,,2.011392177183594,2.652436921889048,11.083020026974237,COMPLETE,banco,hist_gradient_boosting,,,,15.0,,,0.003323822709459223,0.10500050949340062,677.0,34.0,,,,,
35,0.5884510899366284,,1.682786041556124,2.3370503608407804,9.210347937886347,COMPLETE,banco,hist_gradient_boosting,,,,10.0,,,0.07973850337469252,0.19358356960089235,506.0,28.0,,,,,
36,0.4628288652201348,,1.9180395245579795,2.670014850538379,10.599182192078864,COMPLETE,banco,hist_gradient_boosting,,,,17.0,,,3.545982127639785e-05,0.06733109818505806,630.0,21.0,,,,,
37,0.5479696508036115,,1.698209571004977,2.4492952498769465,9.423623413445721,COMPLETE,banco,hist_gradient_boosting,,,,11.0,,,0.00022000729769500548,0.13284105300335847,105.0,26.0,,,,,
38,0.4952756098864597,,1.7624226029243533,2.5881204783146057,9.749988703000568,COMPLETE,banco,hist_gradient_boosting,,,,22.0,,,7.645791873538095e-06,0.09184819983584365,464.0,14.0,,,,,
39,0.5343130640450056,,1.523161201761874,2.4860185819737217,8.531327939022363,COMPLETE,banco,hist_gradient_boosting,,,,8.0,,,8.646565714783037,0.005005129576287262,585.0,35.0,,,,,
40,0.47351693039677,,1.9297428479001983,2.6433188200363236,10.704432598418107,COMPLETE,banco,hist_gradient_boosting,,,,14.0,,,0.0008077447335611733,0.19670666154491384,686.0,39.0,,,,,
41,0.626543684574262,,1.6022925649744866,2.226266991654259,8.759796795045819,COMPLETE,banco,hist_gradient_boosting,,,,9.0,,,0.023806489916871475,0.22821866373656993,558.0,23.0,,,,,
42,0.6748224179764198,,1.439894157904259,2.0773881110942773,7.968895129221333,COMPLETE,banco,hist_gradient_boosting,,,,7.0,,,1.6765645232999127,0.24563475420969963,521.0,21.0,,,,,
43,0.6570123860461718,,1.4181600629868996,2.1335192299755867,8.02394766321864,COMPLETE,banco,hist_gradient_boosting,,,,5.0,,,2.1607842920789255,0.15703649632374636,519.0,21.0,,,,,
44,0.6192019880915818,,1.502386619398476,2.248043337726124,8.380998972153069,COMPLETE,banco,hist_gradient_boosting,,,,7.0,,,3.879462803322821,0.10644040503160077,470.0,9.0,,,,,
45,0.5514422763549947,,1.6976297324078788,2.439869020287825,9.398513794567688,COMPLETE,banco,hist_gradient_boosting,,,,13.0,,,0.8984003066477315,0.050860427994340464,409.0,52.0,,,,,
46,0.5961845221817003,,1.678722301096476,2.3149884236247424,9.120857218442662,COMPLETE,banco,hist_gradient_boosting,,,,7.0,,,0.06599511083366313,0.19785353667000904,643.0,31.0,,,,,
47,0.5658639100195217,,1.5373527757096181,2.4003263261053753,8.58083477604076,COMPLETE,banco,hist_gradient_boosting,,,,11.0,,,0.0015322329393937422,0.13599101320208326,523.0,12.0,,,,,
48,0.496592618858702,,1.8580231226402903,2.584741600240033,10.1825451310457,COMPLETE,banco,hist_gradient_boosting,,,,16.0,,,0.19510190426685423,0.1647175864123907,587.0,26.0,,,,,
49,0.6518849498598379,,1.4743184814816137,2.149407415926949,8.450736363281724,COMPLETE,banco,hist_gradient_boosting,,,,5.0,,,0.012665168036668525,0.24975180175291195,431.0,16.0,,,,,
50,0.509841770540101,,1.6604732751906832,2.550500966376671,9.133353081073608,COMPLETE,banco,hist_gradient_boosting,,,,29.0,,,1.260993433430061,0.11247795479171466,479.0,20.0,,,,,
51,0.6796684136602451,,1.3571910308948634,2.061850751383406,7.746954518107774,COMPLETE,banco,hist_gradient_boosting,,,,5.0,,,2.0914427581420445,0.15934258692619985,538.0,22.0,,,,,
52,0.6424000413145639,,1.369017797616808,2.17849252005463,7.792099830898014,COMPLETE,banco,hist_gradient_boosting,,,,9.0,,,2.0686552539910745,0.006781618459498274,552.0,23.0,,,,,
53,0.6436905730886366,,1.550010743141752,2.1745580188858757,8.525373352943992,COMPLETE,banco,hist_gradient_boosting,,,,7.0,,,0.0024850494821937836,0.20496256054109632,529.0,30.0,,,,,
54,0.5376243519151446,,1.7951148822629988,2.4771643408929296,9.944412794659218,COMPLETE,banco,hist_gradient_boosting,,,,12.0,,,0.005782325232092195,0.17223615625468705,580.0,27.0,,,,,
55,0.6288551000892615,,1.5231783381790258,2.219366833864002,8.514829582702019,COMPLETE,banco,hist_gradient_boosting,,,,10.0,,,0.23545430064662343,0.14205651184220136,617.0,25.0,,,,,
56,0.5933467668913792,,1.7497822197944815,2.323108307649036,9.527022016771083,COMPLETE,banco,hist_gradient_boosting,,,,8.0,,,0.0002085878143387841,0.22351844252955191,440.0,61.0,,,,,
57,0.6109687321925209,,1.4974913787625799,2.272215914954508,8.404276314457965,COMPLETE,banco,hist_gradient_boosting,,,,6.0,,,3.9925025619810266,0.07775596619610615,564.0,15.0,,,,,
58,0.5659420449260112,,1.6008670114069439,2.4001103135268265,8.857275025117753,COMPLETE,banco,hist_gradient_boosting,,,,36.0,,,0.5638873126997235,0.11622606747767666,383.0,11.0,,,,,
59,0.5392893436672328,,1.646141482394084,2.472700245621278,9.164847203290163,COMPLETE,banco,hist_gradient_boosting,,,,14.0,,,0.04305878361064639,0.011845775809777142,594.0,23.0,,,,,
60,0.5483762463821815,,1.6941622152878022,2.448193447016296,9.352382685383521,COMPLETE,banco,hist_gradient_boosting,,,,11.0,,,0.018784968161720546,0.15325635348311134,251.0,19.0,,,,,
61,0.6256525133297667,,1.4803019463044835,2.2289216568290433,8.355187015253156,COMPLETE,banco,hist_gradient_boosting,,,,5.0,,,1.1286336503162016,0.17060850615537929,521.0,21.0,,,,,
62,0.5756009998718539,,1.5812591274770733,2.373255626417606,8.82495826136197,COMPLETE,banco,hist_gradient_boosting,,,,6.0,,,2.495748698858841,0.21222344742321383,516.0,18.0,,,,,
63,0.6411017417669116,,1.4709281300938128,2.1824435459159313,8.292352282348524,COMPLETE,banco,hist_gradient_boosting,,,,5.0,,,9.90687770790974,0.09488273474020328,488.0,22.0,,,,,
64,0.6872647808477647,,1.4208518521144962,2.037256628409331,8.031164025735404,COMPLETE,banco,hist_gradient_boosting,,,,9.0,,,1.7828306797822462,0.15079323940021414,545.0,17.0,,,,,
65,0.653563610256812,,1.4577503923996835,2.1442187787978795,8.173850334435318,COMPLETE,banco,hist_gradient_boosting,,,,8.0,,,0.0008211005897500964,0.12955056714338622,542.0,16.0,,,,,
66,0.5470952247306076,,1.7155866910295288,2.451663113970487,9.505663721245451,COMPLETE,banco,hist_gradient_boosting,,,,13.0,,,0.36077020191959613,0.18086257298332112,567.0,29.0,,,,,
67,0.6308369154117872,,1.5246587674123528,2.2134334875258306,8.483431891725694,COMPLETE,banco,hist_gradient_boosting,,,,9.0,,,0.12673356386022164,0.020785488889471786,541.0,18.0,,,,,
68,0.42274383619092293,,2.0372215135942646,2.767844150575293,10.905358312311114,COMPLETE,banco,hist_gradient_boosting,,,,49.0,,,0.004626458215460763,0.24929647668455876,615.0,36.0,,,,,
69,0.5257768813902454,,1.7273744016941832,2.50869985230194,9.574742428866713,COMPLETE,banco,hist_gradient_boosting,,,,11.0,,,4.470714919751644,0.14654898954871212,646.0,25.0,,,,,
70,0.54191687356391,,1.7293121799584985,2.4656389981597426,9.621414879585847,COMPLETE,banco,hist_gradient_boosting,,,,16.0,,,0.0002912035627165447,0.21297762307325782,331.0,32.0,,,,,
71,0.6572290346503122,,1.4963225797479032,2.132845303340284,8.249011257246144,COMPLETE,banco,hist_gradient_boosting,,,,7.0,,,2.0121866010434344,0.15522463229633307,516.0,19.0,,,,,
72,0.6271785342574366,,1.551372795370036,2.2243739375085494,8.506727550282953,COMPLETE,banco,hist_gradient_boosting,,,,7.0,,,0.8747819854668342,0.12361752509206336,700.0,19.0,,,,,
73,0.6620126066726089,,1.485380567464613,2.1179104537989875,8.31562079334348,COMPLETE,banco,hist_gradient_boosting,,,,10.0,,,0.008545769347826287,0.17898596389166577,503.0,16.0,,,,,
74,0.6689878691460132,,1.4147826156087264,2.095942181805194,7.928045726059607,COMPLETE,banco,hist_gradient_boosting,,,,10.0,,,0.002302016678652872,0.18099612510885424,486.0,12.0,,,,,
75,0.647932963157231,,1.4263125512205017,2.161573590712085,8.035321128393534,COMPLETE,banco,hist_gradient_boosting,,,,12.0,,,0.002297350261049577,0.1863179498957728,450.0,11.0,,,,,
76,0.650490645050914,,1.336794065907847,2.1537076238477804,7.627978549818996,COMPLETE,banco,hist_gradient_boosting,,,,10.0,,,0.00013081292848550946,0.21853383833320716,166.0,8.0,,,,,
77,0.5178757528638762,,1.790364726313009,2.529512500549756,9.724364978576414,COMPLETE,banco,hist_gradient_boosting,,,,40.0,,,0.0010449682757962121,0.13919084521305272,576.0,13.0,,,,,
78,0.6518646381845428,,1.542593731110258,2.1494701213869316,8.587966098831416,COMPLETE,banco,hist_gradient_boosting,,,,9.0,,,0.003661299998410094,0.18359420258987771,599.0,16.0,,,,,
79,0.4952888397295214,,1.8434743434953997,2.5880865581664967,10.181181422019966,COMPLETE,banco,hist_gradient_boosting,,,,15.0,,,0.008472264991759446,0.10018197405572496,505.0,13.0,,,,,
0,0.6456987049878562,,1.5606282810722052,2.16842154153222,8.705991845026201,COMPLETE,banco,xgboost,,10.0,,,,431.0,,0.08762050559064072,,,0.6202083881990965,3.96389588638785,3.3323645788192616e-08,0.6245760287469893,0.8193963178886665
1,0.6261512991128944,,1.5659836182052695,2.227436238801795,8.772533277025056,COMPLETE,banco,xgboost,,8.0,,,,601.0,,0.005419290634672375,,,0.9245991883601898,5.034443102887247,4.329370014459266e-07,4.4734294104626844e-07,0.9864594334728974
2,0.6223307262220827,,1.5662321701694295,2.2387890274278215,8.774385111771482,COMPLETE,banco,xgboost,,6.0,,,,378.0,,0.027091411597666194,,,0.8253338026250707,3.6503833523887947,4.258943089524393e-06,1.9826980964985924e-05,0.6810531130891189
3,0.806920781008841,,1.2152980483094298,1.6007558949820635,6.6092689971680345,COMPLETE,banco,xgboost,,9.0,,,,492.0,,0.010919676461591487,,,0.8165865559879191,1.8825578416799567,0.0029369981104377003,3.425445902633376e-07,0.7814054972861253
4,0.7578302301521493,,1.364060933252147,1.7927399958095336,7.4009043437061495,COMPLETE,banco,xgboost,,10.0,,,,198.0,,0.21854952340652511,,,0.6870761961280168,2.8557701661212933,0.014391207615728067,9.148975058772307e-05,0.9137788066524075
5,0.48350311272590485,,1.327614177546382,2.618129941506936,7.620186204791509,COMPLETE,banco,xgboost,,6.0,,,,241.0,,0.005719987374645638,,,0.6664509917200077,13.587923402725657,6.388511557344611e-06,0.0004793052550782129,0.959194180935452
6,0.549383043558871,,1.5621587156082621,2.4454630663982324,8.682479874721295,COMPLETE,banco,xgboost,,3.0,,,,560.0,,0.22195513835256983,,,0.9727745237038852,18.001719658125328,0.002404915432737351,1.9809253750493907,0.8988097705125015
7,0.4450590320177311,,1.6105747736559153,2.7138181132456447,8.970832947011719,COMPLETE,banco,xgboost,,3.0,,,,216.0,,0.0059677388712406935,,,0.724904780360267,6.155631603704022,0.28749982347407854,1.6247252885719427e-05,0.696398648843469
8,0.5468741219586493,,1.3349492503386076,2.4522614774655973,7.61129846114696,COMPLETE,banco,xgboost,,6.0,,,,360.0,,0.008677528234927538,,,0.5835477896558969,19.75085179540983,0.08916674715636537,6.143857495033091e-07,0.9109886413393178
9,0.7839926684244775,,1.310203994954999,1.693135006555094,7.178678988068008,COMPLETE,banco,xgboost,,9.0,,,,154.0,,0.07941443105985017,,,0.8970716560086756,2.4068483829477167,1.683416412018213e-05,1.1036250149900698e-07,0.8780532256184443
10,0.5596655390374363,,1.6011292431687414,2.4174009066827766,8.991352116187981,COMPLETE,banco,xgboost,,8.0,,,,842.0,,0.01666223441452634,,,0.8045258908066315,9.109445012282968,4.3444691085504035,1.2784194237583953e-08,0.5580828440266691
11,0.8166243480850673,,1.165569375502262,1.5600128601765102,6.306999399109131,COMPLETE,banco,xgboost,,8.0,,,,738.0,,0.0641266484362419,,,0.8724120340085176,1.700174644128054,0.00013730750409712947,1.3830977828403221e-08,0.8013361288506806
12,0.8145121840823585,,1.1976940665185458,1.5689714352939768,6.488915900166316,COMPLETE,banco,xgboost,,8.0,,,,723.0,,0.04582685433760387,,,0.8616757017023947,1.142695885108246,0.0001653282123997987,0.007483948702276168,0.7585243287729058
