number,value,params_alpha,user_attrs_mae_valid,user_attrs_rmse_valid,user_attrs_smape_valid,state,nivel,familia,params_l1_ratio,params_max_depth,params_max_features,params_min_samples_leaf,params_min_samples_split,params_n_estimators,params_l2_regularization,params_learning_rate,params_max_iter,params_max_leaf_nodes,params_colsample_bytree,params_min_child_weight,params_reg_alpha,params_reg_lambda,params_subsample
23,0.636823654606848,,0.8859976461230439,1.0222120635488627,4.064410588654408,COMPLETE,rango,random_forest,,8.0,0.8376304036858191,3.0,5.0,511.0,,,,,,,,,
24,0.6317313446100903,,0.8920789081490033,1.0293536361246758,4.0906004811483205,COMPLETE,rango,random_forest,,7.0,0.8300330692628828,3.0,5.0,379.0,,,,,,,,,
25,0.6353382742335423,,0.8933144991351261,1.0243003388410417,4.09933374256986,COMPLETE,rango,random_forest,,8.0,0.7413391253666625,3.0,4.0,503.0,,,,,,,,,
26,0.4022309051098155,,1.1877476207905986,1.3114415944205353,5.463229449766674,COMPLETE,rango,random_forest,,7.0,0.733878155941551,6.0,4.0,514.0,,,,,,,,,
27,0.47525759529332234,,1.1077278473625438,1.2287267282543637,5.094903627562173,COMPLETE,rango,random_forest,,8.0,0.6790513967061205,5.0,5.0,591.0,,,,,,,,,
28,0.2229311032697029,,1.3456532379723778,1.4952437230451294,6.186097252680968,COMPLETE,rango,random_forest,,11.0,0.607327169741003,3.0,20.0,410.0,,,,,,,,,
29,0.14227377967955657,,1.3854184782316084,1.5709290402201763,6.366037299102651,COMPLETE,rango,random_forest,,14.0,0.7816334454150207,12.0,4.0,687.0,,,,,,,,,
30,0.24136073938448166,,1.3347441857384799,1.4774060803421618,6.135784252227803,COMPLETE,rango,random_forest,,5.0,0.703842461456957,8.0,18.0,450.0,,,,,,,,,
31,0.6247487446453897,,0.9038918940405658,1.039066400999091,4.147189842892022,COMPLETE,rango,random_forest,,8.0,0.8411361804776571,3.0,7.0,483.0,,,,,,,,,
32,0.5617661139874759,,0.9852614494814887,1.1228847996211089,4.525668228042249,COMPLETE,rango,random_forest,,9.0,0.8585517070670764,1.0,10.0,344.0,,,,,,,,,
33,0.6819414238598791,,0.811660336447235,0.9566119022718724,3.7134142553298446,COMPLETE,rango,random_forest,,7.0,0.9958886115684713,2.0,4.0,503.0,,,,,,,,,
34,0.47520266304874925,,1.1068704762117898,1.2287910407152747,5.090294743629117,COMPLETE,rango,random_forest,,7.0,0.9935182396210116,5.0,4.0,592.0,,,,,,,,,
35,0.15436613845110359,,1.373647728357651,1.559816131317365,6.3154580045947135,COMPLETE,rango,random_forest,,2.0,0.9412733615596601,9.0,5.0,514.0,,,,,,,,,
36,0.45935446251976264,,1.1137084533299921,1.2472069900983085,5.120217391567857,COMPLETE,rango,random_forest,,7.0,0.8094414036614768,3.0,12.0,435.0,,,,,,,,,
37,0.6678348223980873,,0.8266497112198216,0.9775956842037383,3.780033618308101,COMPLETE,rango,random_forest,,5.0,0.799065315518416,2.0,3.0,282.0,,,,,,,,,
38,0.6894111271669974,,0.788843752533764,0.9453120005725825,3.6014120332402895,COMPLETE,rango,random_forest,,5.0,0.802228927476041,1.0,3.0,210.0,,,,,,,,,
39,0.5176476348882373,,1.0434588023296345,1.1780519190475605,4.793116518125606,COMPLETE,rango,random_forest,,3.0,0.7981272158121657,1.0,3.0,200.0,,,,,,,,,
40,0.6697888248461425,,0.8337106393212066,0.9747160296448555,3.8138128840429455,COMPLETE,rango,random_forest,,5.0,0.9439387042692926,2.0,3.0,246.0,,,,,,,,,
41,0.6807523222477514,,0.8120967368077129,0.9583984404187088,3.7135815845450266,COMPLETE,rango,random_forest,,5.0,0.9622639036836846,2.0,3.0,255.0,,,,,,,,,
42,0.695534015153749,,0.7883231677664351,0.9359477722298326,3.5996940632595087,COMPLETE,rango,random_forest,,5.0,0.9933897447817506,1.0,3.0,259.0,,,,,,,,,
43,0.7006361832532257,,0.7823547722040953,0.928072445252216,3.573042854797971,COMPLETE,rango,random_forest,,5.0,0.9940573831290782,1.0,2.0,247.0,,,,,,,,,
44,0.5127056321206334,,1.0529467135999238,1.18407148049784,4.836537448411464,COMPLETE,rango,random_forest,,3.0,0.9949811161145605,1.0,2.0,243.0,,,,,,,,,
45,0.6607376974603372,,0.8415444260797793,0.9879842641753597,3.8470308903546475,COMPLETE,rango,random_forest,,4.0,0.9593561687764788,1.0,2.0,319.0,,,,,,,,,
46,0.6472365291185187,,0.8616808169577433,1.0074512230175572,3.945633905402885,COMPLETE,rango,random_forest,,6.0,0.9774225993292548,1.0,7.0,260.0,,,,,,,,,
47,0.7030849969377482,,0.7753852823140623,0.9242688071026833,3.542118825034621,COMPLETE,rango,random_forest,,5.0,0.915490602231231,1.0,3.0,350.0,,,,,,,,,
48,0.5162326992231832,,1.0511514057237668,1.1797785064818023,4.827875431180141,COMPLETE,rango,random_forest,,3.0,0.9213047827276039,1.0,4.0,356.0,,,,,,,,,
49,0.6592995879159634,,0.8424720026804766,0.9900760484268238,3.8511156054753823,COMPLETE,rango,random_forest,,4.0,0.9844891584871832,1.0,2.0,297.0,,,,,,,,,
50,0.6515250227063307,,0.8554072375237702,1.0013087796289963,3.917675789497055,COMPLETE,rango,random_forest,,6.0,0.9994505587735717,1.0,7.0,227.0,,,,,,,,,
51,0.6771452640673508,,0.8163081841551121,0.9637975225790497,3.7331054739290965,COMPLETE,rango,random_forest,,5.0,0.9624000005442475,2.0,3.0,272.0,,,,,,,,,
52,0.7204899707468049,,0.7622017651961986,0.8967696934376108,3.4980942154954904,COMPLETE,rango,random_forest,,6.0,0.38177910197907494,2.0,2.0,220.0,,,,,,,,,
53,0.7185199342936448,,0.7565946080047217,0.8999244406280837,3.459426066837586,COMPLETE,rango,random_forest,,6.0,0.41165320692918195,1.0,2.0,218.0,,,,,,,,,
54,0.7434947309093284,,0.7247676983540055,0.8590735945627054,3.3226318294486656,COMPLETE,rango,random_forest,,6.0,0.36808666430417725,1.0,2.0,218.0,,,,,,,,,
55,0.7295963294475667,,0.7425512599015467,0.8820404785309045,3.400494967368638,COMPLETE,rango,random_forest,,6.0,0.3517341748302329,1.0,2.0,303.0,,,,,,,,,
56,0.22304145940471454,,1.3301753145373425,1.4951375450873108,6.115855755852698,COMPLETE,rango,random_forest,,6.0,0.3618077827775713,10.0,2.0,297.0,,,,,,,,,
57,0.6912006178158867,,0.8008487795126967,0.9425848090981721,3.664818283245577,COMPLETE,rango,random_forest,,6.0,0.41826219711247736,2.0,2.0,225.0,,,,,,,,,
58,0.1828768423953614,,1.3440709778725854,1.5332959349749917,6.1801039284258605,COMPLETE,rango,random_forest,,4.0,0.4037171338190362,1.0,24.0,326.0,,,,,,,,,
59,0.22252362866129394,,1.3257971119024101,1.4956357050188018,6.098531193944377,COMPLETE,rango,random_forest,,2.0,0.49465116261196634,4.0,5.0,364.0,,,,,,,,,
60,0.35795271285771135,,1.2275225080752077,1.3591448146110012,5.649010267746034,COMPLETE,rango,random_forest,,6.0,0.4404008855595848,2.0,15.0,226.0,,,,,,,,,
61,0.714526568703685,,0.7743614494395399,0.9062855852955619,3.5499580153332273,COMPLETE,rango,random_forest,,4.0,0.38196600378867057,1.0,2.0,274.0,,,,,,,,,
62,0.704314769960746,,0.7836546442254975,0.9223527364735495,3.58763005225651,COMPLETE,rango,random_forest,,4.0,0.3564723046667812,1.0,2.0,200.0,,,,,,,,,
63,0.6832804082280048,,0.8193076888160009,0.9545961740109047,3.761375977163639,COMPLETE,rango,random_forest,,4.0,0.3831774627852437,2.0,6.0,202.0,,,,,,,,,
64,0.5793171805025166,,0.9679168786306016,1.100169530569449,4.450807023119148,COMPLETE,rango,random_forest,,3.0,0.3567092722051192,1.0,2.0,279.0,,,,,,,,,
65,0.6438471603598914,,0.883443804402253,1.012279473646767,4.058335925144035,COMPLETE,rango,random_forest,,4.0,0.4523146944162811,3.0,4.0,318.0,,,,,,,,,
66,0.7461989211902356,,0.7204682597290979,0.8545332322126653,3.30173282256683,COMPLETE,rango,random_forest,,7.0,0.3858222998149822,1.0,3.0,304.0,,,,,,,,,
67,0.7100483479370387,,0.7762311871816506,0.9133663737568951,3.563628946975725,COMPLETE,rango,random_forest,,7.0,0.3860240725633633,2.0,5.0,299.0,,,,,,,,,
68,0.642426000524964,,0.8814103827558991,1.0142971167769024,4.045667042562812,COMPLETE,rango,random_forest,,7.0,0.3883328175996993,3.0,5.0,301.0,,,,,,,,,
69,0.6932652678069664,,0.7950468445282631,0.9394284368758611,3.638100381363584,COMPLETE,rango,random_forest,,8.0,0.41827136756018196,2.0,4.0,390.0,,,,,,,,,
70,0.5745239045571237,,0.983908705653289,1.1064194646049714,4.524458991204816,COMPLETE,rango,random_forest,,7.0,0.4858627830604293,4.0,6.0,333.0,,,,,,,,,
71,0.707977824099671,,0.780659547943529,0.9166217142605695,3.579669230532314,COMPLETE,rango,random_forest,,6.0,0.35301375822952497,2.0,2.0,229.0,,,,,,,,,
72,0.705643113155947,,0.7827170979467694,0.9202786049540211,3.5856803439161222,COMPLETE,rango,random_forest,,6.0,0.40096132641699134,2.0,3.0,228.0,,,,,,,,,
73,0.6980609706433112,,0.8020739826956516,0.9320556688240749,3.6760448891604582,COMPLETE,rango,random_forest,,7.0,0.4359746837752107,2.0,2.0,273.0,,,,,,,,,
74,0.666010242699262,,0.8475367127762075,0.9802769683971653,3.894530152981939,COMPLETE,rango,random_forest,,6.0,0.3749707091556086,3.0,4.0,234.0,,,,,,,,,
75,0.6868947192788135,,0.807819393045317,0.9491337597062837,3.701152243041635,COMPLETE,rango,random_forest,,8.0,0.5815909886053557,2.0,5.0,303.0,,,,,,,,,
76,0.7428510841161587,,0.7242714055902524,0.8601507527993874,3.3183484621749337,COMPLETE,rango,random_forest,,6.0,0.3738427405568242,1.0,3.0,274.0,,,,,,,,,
77,0.7285809549128488,,0.7435725704331875,0.8836949720893617,3.4007292182237725,COMPLETE,rango,random_forest,,7.0,0.41766283164287854,1.0,3.0,754.0,,,,,,,,,
78,0.7293614762607787,,0.7410035835411543,0.8824234338684839,3.388481703053927,COMPLETE,rango,random_forest,,8.0,0.4183655427622116,1.0,3.0,785.0,,,,,,,,,
79,0.40100243636373245,,1.1829899588347286,1.3127884674470267,5.441545841187311,COMPLETE,rango,random_forest,,9.0,0.527867416048717,1.0,14.0,819.0,,,,,,,,,
0,0.4243884282628233,,1.055003607611049,1.2869064660123242,4.89913469951262,COMPLETE,rango,extra_trees,,18.0,0.4514121162875837,9.0,15.0,500.0,,,,,,,,,
1,0.13129863435588862,,1.3511722063801377,1.5809476051488156,6.2154817800273054,COMPLETE,rango,extra_trees,,2.0,0.8102471755674295,11.0,15.0,324.0,,,,,,,,,
2,0.3294392534116113,,1.150344165891591,1.3889969382322807,5.325299477163543,COMPLETE,rango,extra_trees,,18.0,0.4681862286846154,10.0,6.0,216.0,,,,,,,,,
3,0.5060769376450126,,1.0089750632779857,1.192097774795055,4.673611860816609,COMPLETE,rango,extra_trees,,7.0,0.5392989411287272,7.0,11.0,346.0,,,,,,,,,
4,0.6787165127065715,,0.8371185438547111,0.9614493882969055,3.8574214010887835,COMPLETE,rango,extra_trees,,4.0,0.6464454897410734,4.0,10.0,690.0,,,,,,,,,
5,0.46712114839155083,,1.0153070846090602,1.2382161587521288,4.72029732682038,COMPLETE,rango,extra_trees,,5.0,0.3801927682679985,7.0,15.0,828.0,,,,,,,,,
6,0.3878116751727243,,1.1904242126656568,1.327164469396612,5.477938690238758,COMPLETE,rango,extra_trees,,4.0,0.9776608214984636,1.0,23.0,686.0,,,,,,,,,
7,0.602266467400961,,0.9288424083546634,1.069740229876769,4.2866517136756235,COMPLETE,rango,extra_trees,,7.0,0.6360991209307408,2.0,17.0,847.0,,,,,,,,,
8,0.4791432636434617,,1.0361130690365599,1.2241689719779307,4.791596874210285,COMPLETE,rango,extra_trees,,10.0,0.518206988040011,1.0,22.0,297.0,,,,,,,,,
9,0.512818506753614,,0.9869081742205997,1.183934336111301,4.583506771513094,COMPLETE,rango,extra_trees,,7.0,0.47015539609159257,7.0,14.0,730.0,,,,,,,,,
10,0.7234895044934164,,0.7723612340841063,0.8919449175203057,3.550435779453176,COMPLETE,rango,extra_trees,,13.0,0.7660575266039114,4.0,2.0,965.0,,,,,,,,,
11,0.7230278811088537,,0.773078066243024,0.8926891404966955,3.5532981590242048,COMPLETE,rango,extra_trees,,14.0,0.7684132788054852,4.0,3.0,928.0,,,,,,,,,
12,0.7233423753903148,,0.7721260131167266,0.8921821844699288,3.543223176516493,COMPLETE,rango,extra_trees,,14.0,0.8225913410012512,4.0,2.0,994.0,,,,,,,,,
13,0.7204849263449086,,0.7725767765866711,0.8967777855378198,3.544587545624794,COMPLETE,rango,extra_trees,,14.0,0.8852734205822993,4.0,2.0,976.0,,,,,,,,,
14,0.6567508514304592,,0.8856983593285986,0.9937724647506399,4.078726196065873,COMPLETE,rango,extra_trees,,14.0,0.7579679144163672,5.0,6.0,977.0,,,,,,,,,
15,0.7842051356111899,,0.655582245690148,0.7879574704893668,2.996363705694545,COMPLETE,rango,extra_trees,,11.0,0.9316052292349586,3.0,6.0,530.0,,,,,,,,,
16,0.7783450092877164,,0.660953105443255,0.7985846938669107,3.0183672556094128,COMPLETE,rango,extra_trees,,11.0,0.9976675355016816,2.0,6.0,526.0,,,,,,,,,
17,0.7614439462904646,,0.6897560306203023,0.8284712575017992,3.1508465554741085,COMPLETE,rango,extra_trees,,11.0,0.9974110430847887,2.0,8.0,508.0,,,,,,,,,
18,0.7927491823396167,,0.6365318227904626,0.7722009849367438,2.9044819900847303,COMPLETE,rango,extra_trees,,10.0,0.8998043932500988,2.0,5.0,531.0,,,,,,,,,
19,0.7526726815463268,,0.7093165214553752,0.8435644503603077,3.24175352756731,COMPLETE,rango,extra_trees,,10.0,0.8997869389982875,3.0,9.0,423.0,,,,,,,,,
20,0.5868557600491937,,0.981687579275748,1.0902675243679356,4.519883618946984,COMPLETE,rango,extra_trees,,9.0,0.9078659862314618,6.0,5.0,590.0,,,,,,,,,
21,0.796410680295436,,0.6320718061723268,0.7653493549375316,2.884693948992317,COMPLETE,rango,extra_trees,,12.0,0.9571416002151477,2.0,5.0,573.0,,,,,,,,,
22,0.8000123790465763,,0.6279932536253635,0.7585492476575042,2.869718273864968,COMPLETE,rango,extra_trees,,12.0,0.9338359439463901,1.0,4.0,623.0,,,,,,,,,
23,0.8026969000587606,,0.6205070843739566,0.7534408781667692,2.8371084744829544,COMPLETE,rango,extra_trees,,12.0,0.8453240229719651,1.0,4.0,604.0,,,,,,,,,
24,0.8030434695204662,,0.6185268823733171,0.7527788653378117,2.8275705482173894,COMPLETE,rango,extra_trees,,16.0,0.8573345787519588,1.0,4.0,645.0,,,,,,,,,
25,0.7219927133181254,,0.7599545592819668,0.8943557725599756,3.4816309485807246,COMPLETE,rango,extra_trees,,16.0,0.8469031960506472,1.0,11.0,673.0,,,,,,,,,
26,0.7759656329930283,,0.6650495038737333,0.8028594935920154,3.0448911237415515,COMPLETE,rango,extra_trees,,16.0,0.733878155941551,1.0,8.0,770.0,,,,,,,,,
27,0.7753195180270018,,0.668339700864287,0.8040163831991475,3.0529177173405895,COMPLETE,rango,extra_trees,,16.0,0.86207726646216,3.0,4.0,632.0,,,,,,,,,
28,0.2832273682534805,,1.2343472160223168,1.436061146119095,5.690035014101843,COMPLETE,rango,extra_trees,,17.0,0.712656797565898,12.0,19.0,626.0,,,,,,,,,
29,0.59027783912845,,0.9759458587071249,1.085742785269055,4.496642143781564,COMPLETE,rango,extra_trees,,13.0,0.8261998000631593,6.0,12.0,445.0,,,,,,,,,
30,0.43906943425089584,,1.1135286467383227,1.2703891556026805,5.137058234076273,COMPLETE,rango,extra_trees,,15.0,0.6952619708304101,9.0,8.0,453.0,,,,,,,,,
31,0.7989632595446592,,0.6299747176268954,0.7605362902702594,2.8782920269286403,COMPLETE,rango,extra_trees,,12.0,0.939995657200337,1.0,4.0,588.0,,,,,,,,,
32,0.7988498214576223,,0.6308385417264559,0.760750832186326,2.88312841390298,COMPLETE,rango,extra_trees,,12.0,0.9538843697616586,1.0,4.0,754.0,,,,,,,,,
33,0.7760915643905089,,0.6713076255563797,0.8026338152031272,3.0741430004819676,COMPLETE,rango,extra_trees,,18.0,0.7904617799014126,3.0,7.0,584.0,,,,,,,,,
34,0.7992211875440652,,0.6246286168592255,0.7600482536986121,2.854511811342682,COMPLETE,rango,extra_trees,,8.0,0.8610315697246972,1.0,4.0,679.0,,,,,,,,,
35,0.4334209716128955,,1.1405883114278619,1.276769420745484,5.2538414166484655,COMPLETE,rango,extra_trees,,8.0,0.859424452989995,9.0,3.0,801.0,,,,,,,,,
36,0.7878470999352993,,0.6516764919823458,0.781280007875697,2.997093217181487,COMPLETE,rango,extra_trees,,8.0,0.6244725123688676,2.0,7.0,653.0,,,,,,,,,
37,0.2611537609697204,,1.242168556004655,1.4580058227181738,5.72666556111526,COMPLETE,rango,extra_trees,,2.0,0.8136426031016256,1.0,10.0,712.0,,,,,,,,,
38,0.7908583031761666,,0.6461732980196951,0.7757156234681432,2.9699027012416876,COMPLETE,rango,extra_trees,,6.0,0.5912963185035243,3.0,3.0,864.0,,,,,,,,,
39,0.4749190488481565,,1.0979268821927957,1.2291230312684982,5.061691376495263,COMPLETE,rango,extra_trees,,9.0,0.8701229283574387,8.0,17.0,375.0,,,,,,,,,
40,0.6464754688487354,,0.8991228663995108,1.0085373870727516,4.140340672675651,COMPLETE,rango,extra_trees,,5.0,0.7942542045142661,5.0,4.0,692.0,,,,,,,,,
41,0.8045290309409313,,0.6193681735955877,0.7499345424182479,2.8316493963786717,COMPLETE,rango,extra_trees,,12.0,0.9313621913943103,1.0,4.0,617.0,,,,,,,,,
42,0.7748463019038313,,0.6656204988112487,0.8048626369265495,3.0438023948701156,COMPLETE,rango,extra_trees,,13.0,0.9369790657920497,2.0,7.0,634.0,,,,,,,,,
43,0.8125811043674736,,0.6093107041808183,0.7343260114387529,2.783393058191301,COMPLETE,rango,extra_trees,,9.0,0.9119992200795928,1.0,2.0,729.0,,,,,,,,,
44,0.8117379323682093,,0.6107041280058656,0.7359759739694386,2.7894993657029135,COMPLETE,rango,extra_trees,,9.0,0.9216256064947481,1.0,2.0,754.0,,,,,,,,,
45,0.8013858169778557,,0.6231184239297209,0.7559400482025928,2.845410440847855,COMPLETE,rango,extra_trees,,9.0,0.9179001814318039,2.0,2.0,796.0,,,,,,,,,
46,0.8140130848822712,,0.6073242871711875,0.7315153107636486,2.7765858105898054,COMPLETE,rango,extra_trees,,10.0,0.8335960087405497,1.0,2.0,744.0,,,,,,,,,
47,0.7808611486160659,,0.6595367531002856,0.7940391492749265,3.0125355063240344,COMPLETE,rango,extra_trees,,6.0,0.9823967603398801,3.0,2.0,737.0,,,,,,,,,
48,0.7947848305873086,,0.6317558061773593,0.7683992904378779,2.8837112261644893,COMPLETE,rango,extra_trees,,10.0,0.9649171144635172,2.0,3.0,878.0,,,,,,,,,
49,0.7982004491946102,,0.6250948690327938,0.7619778070573984,2.854050454859447,COMPLETE,rango,extra_trees,,7.0,0.8796268168537852,2.0,2.0,819.0,,,,,,,,,
50,0.7897017737443339,,0.6444280382309935,0.7778574754111692,2.9431110579662474,COMPLETE,rango,extra_trees,,9.0,0.8967187909532094,1.0,5.0,218.0,,,,,,,,,
51,0.8145668063729391,,0.6097008112159923,0.7304255629140091,2.785776973979989,COMPLETE,rango,extra_trees,,11.0,0.8487390856330645,1.0,3.0,721.0,,,,,,,,,
52,0.8325595798577234,,0.579383260372691,0.6940845502031234,2.6907236776589096,COMPLETE,rango,extra_trees,,11.0,0.38177910197907494,1.0,3.0,774.0,,,,,,,,,
53,0.8179609806089527,,0.5973437538178032,0.7237098250058837,2.760381328747605,COMPLETE,rango,extra_trees,,11.0,0.41165320692918195,2.0,3.0,773.0,,,,,,,,,
54,0.7860016327033357,,0.651458370475968,0.784670733835272,3.0254784542327786,COMPLETE,rango,extra_trees,,11.0,0.36808666430417725,3.0,3.0,902.0,,,,,,,,,
55,0.8197973903430749,,0.6035238259704525,0.720050179414853,2.7924619545253777,COMPLETE,rango,extra_trees,,10.0,0.40637694672008984,2.0,2.0,774.0,,,,,,,,,
56,0.8187503624453526,,0.6059636571035887,0.7221389967905609,2.8025216499681553,COMPLETE,rango,extra_trees,,11.0,0.40041246600960007,2.0,3.0,780.0,,,,,,,,,
57,0.7236808397606785,,0.7563448770986114,0.8916362672974445,3.5108435049654894,COMPLETE,rango,extra_trees,,11.0,0.4039178270492055,4.0,6.0,848.0,,,,,,,,,
58,0.6388498346183952,,0.8748736917289106,1.0193565877212125,4.0590600023034265,COMPLETE,rango,extra_trees,,10.0,0.4331101881326291,5.0,3.0,784.0,,,,,,,,,
59,0.8197616881257832,,0.5950564782411571,0.7201215050045254,2.7425630406746935,COMPLETE,rango,extra_trees,,13.0,0.49465116261196634,2.0,5.0,827.0,,,,,,,,,
60,0.8184311338241843,,0.5990024669729053,0.7227746560494347,2.759853038114924,COMPLETE,rango,extra_trees,,13.0,0.4921744377326238,2.0,5.0,917.0,,,,,,,,,
61,0.8176610459605137,,0.6006291349252327,0.7243057860112975,2.7663204046868324,COMPLETE,rango,extra_trees,,13.0,0.4966376415293372,2.0,5.0,942.0,,,,,,,,,
62,0.7993809829336516,,0.6377659750000663,0.7597457407486234,2.941760096192857,COMPLETE,rango,extra_trees,,13.0,0.49247765964562074,3.0,5.0,938.0,,,,,,,,,
63,0.8089830070940671,,0.6169252383018257,0.7413413539112728,2.8561413122234227,COMPLETE,rango,extra_trees,,14.0,0.4042052690045251,2.0,6.0,914.0,,,,,,,,,
64,0.7184317090333375,,0.7829838809889236,0.9000654627773103,3.6112293616193814,COMPLETE,rango,extra_trees,,15.0,0.5455374523840727,4.0,5.0,949.0,,,,,,,,,
65,0.8057854528607347,,0.6181826881794171,0.7475204929581478,2.8531990436285315,COMPLETE,rango,extra_trees,,13.0,0.44059441150943235,2.0,6.0,889.0,,,,,,,,,
66,0.6657621110355543,,0.8223728960985954,0.9806410403323751,3.812895484327276,COMPLETE,rango,extra_trees,,15.0,0.4754221020195312,3.0,14.0,826.0,,,,,,,,,
67,0.4912416867212921,,0.9974597505295889,1.2098679837351305,4.630041251232845,COMPLETE,rango,extra_trees,,14.0,0.35477773480195424,2.0,21.0,998.0,,,,,,,,,
68,0.4249867619347161,,1.0761311387497792,1.2862374387447886,4.982773836246117,COMPLETE,rango,extra_trees,,11.0,0.4047360380297134,3.0,24.0,849.0,,,,,,,,,
69,0.3521243465802557,,1.1535896448227934,1.3652998887558536,5.332185456661998,COMPLETE,rango,extra_trees,,12.0,0.5440380494232062,10.0,9.0,957.0,,,,,,,,,
70,0.823679505454005,,0.5797788485818961,0.7122519100361745,2.683622447039218,COMPLETE,rango,extra_trees,,13.0,0.42857893048479295,2.0,5.0,774.0,,,,,,,,,
71,0.815279098101854,,0.6062417389760069,0.7290213464845782,2.7895243266273817,COMPLETE,rango,extra_trees,,13.0,0.5142969835696243,2.0,5.0,773.0,,,,,,,,,
72,0.8012199195874558,,0.6136059685528346,0.7562556910803772,2.8463357030344345,COMPLETE,rango,extra_trees,,13.0,0.4266483352208932,2.0,7.0,819.0,,,,,,,,,
73,0.8004375365218043,,0.6271127682442587,0.7577425115514946,2.903329520119589,COMPLETE,rango,extra_trees,,12.0,0.4613046455846754,3.0,3.0,872.0,,,,,,,,,
74,0.8148995611095756,,0.6070181926342554,0.7297699044076142,2.8157672799030657,COMPLETE,rango,extra_trees,,10.0,0.3801664778327253,2.0,5.0,806.0,,,,,,,,,
75,0.7257013002686923,,0.7392664916588132,0.8883704402833514,3.4371778734762786,COMPLETE,rango,extra_trees,,11.0,0.4161051706947184,4.0,3.0,917.0,,,,,,,,,
76,0.8046702207690174,,0.622680107494419,0.7496636524325395,2.8683526179716465,COMPLETE,rango,extra_trees,,12.0,0.4841197444035369,2.0,6.0,841.0,,,,,,,,,
77,0.7883250553647757,,0.6615450821046562,0.7803994458495661,3.0545846643341106,COMPLETE,rango,extra_trees,,14.0,0.4514301682570597,3.0,4.0,768.0,,,,,,,,,
78,0.7789682191590873,,0.6635747694180735,0.7974612448044055,3.0587249380685475,COMPLETE,rango,extra_trees,,15.0,0.5142267791754445,2.0,8.0,900.0,,,,,,,,,
79,0.7343298126810804,,0.7527777756923191,0.8742862251432794,3.474782755445464,COMPLETE,rango,extra_trees,,13.0,0.5815938833214764,4.0,7.0,973.0,,,,,,,,,
0,-0.3618683489924248,,1.7208321996908955,1.979473938307471,7.76963217260188,COMPLETE,rango,hist_gradient_boosting,,,,32.0,,,1.2363188277052228e-05,0.021642251106469404,671.0,49.0,,,,,
1,-1.5541188838453852,,2.3091260449305704,2.7108330942432524,10.308599058954087,COMPLETE,rango,hist_gradient_boosting,,,,32.0,,,0.090470719575684,0.009204496040276266,134.0,57.0,,,,,
