number,value,params_alpha,user_attrs_mae_valid,user_attrs_rmse_valid,user_attrs_smape_valid,state,nivel,familia,params_l1_ratio,params_max_depth,params_max_features,params_min_samples_leaf,params_min_samples_split,params_n_estimators,params_l2_regularization,params_learning_rate,params_max_iter,params_max_leaf_nodes,params_colsample_bytree,params_min_child_weight,params_reg_alpha,params_reg_lambda,params_subsample
2,0.2929176217778453,,1.1971613706060162,1.426320853656218,5.544373091072761,COMPLETE,rango,hist_gradient_boosting,,,,14.0,,,1.8740223688836324e-05,0.005419290634672375,682.0,55.0,,,,,
3,-0.30904143618047786,,1.603953443975173,1.940702305711459,7.318702845626847,COMPLETE,rango,hist_gradient_boosting,,,,24.0,,,0.00010929592787219404,0.01024634005770867,282.0,37.0,,,,,
4,0.054937218316583714,,1.3588368291359927,1.6489692424512514,6.2377634730081635,COMPLETE,rango,hist_gradient_boosting,,,,21.0,,,0.0015577217702693043,0.05476331374316277,183.0,24.0,,,,,
5,-0.5743993918535428,,1.8671878238538342,2.1283335033694932,8.375315725301585,COMPLETE,rango,hist_gradient_boosting,,,,32.0,,,2.1142332035497158e-06,0.10788483727948411,220.0,37.0,,,,,
6,0.16219381416572742,,1.3404547843827652,1.5525800673235175,6.115104711793637,COMPLETE,rango,hist_gradient_boosting,,,,48.0,,,5.746775499181867,0.053848112391315636,202.0,11.0,,,,,
7,-0.5788770910679293,,1.9495805639797676,2.1313579172840855,8.69034330433397,COMPLETE,rango,hist_gradient_boosting,,,,36.0,,,0.0012052231254145623,0.11814432092118202,283.0,13.0,,,,,
8,-0.5978080699114021,,1.8925080252482047,2.1440974980948813,8.535807370261953,COMPLETE,rango,hist_gradient_boosting,,,,46.0,,,6.478282331897332e-05,0.008059522363804595,397.0,9.0,,,,,
9,-0.23717289845664902,,1.670776539390855,1.8866764295501548,7.540696731947493,COMPLETE,rango,hist_gradient_boosting,,,,30.0,,,1.967801053211497e-05,0.0667690954439529,287.0,37.0,,,,,
10,0.7579533343493239,,0.7056170518670742,0.8345104454954625,3.2654329713687966,COMPLETE,rango,hist_gradient_boosting,,,,6.0,,,0.036565023379591846,0.022639291620412304,660.0,63.0,,,,,
11,0.7434784647916008,,0.7351010497818342,0.8591008329324035,3.406464183582695,COMPLETE,rango,hist_gradient_boosting,,,,6.0,,,0.1475158931424759,0.022687615652227402,691.0,63.0,,,,,
12,0.7362148116486262,,0.7488067101936106,0.8711790598960837,3.4651493322326004,COMPLETE,rango,hist_gradient_boosting,,,,6.0,,,0.14174738765779735,0.02256508822740643,566.0,63.0,,,,,
13,0.7417063299530343,,0.6998499301538005,0.8620632005460468,3.2157043484463044,COMPLETE,rango,hist_gradient_boosting,,,,5.0,,,0.0626597088537895,0.026177018339808993,514.0,64.0,,,,,
14,0.31347470398992183,,1.1891228100619344,1.40543413347719,5.500864231835844,COMPLETE,rango,hist_gradient_boosting,,,,14.0,,,2.646391720697872,0.014149089076231894,575.0,47.0,,,,,
15,0.19220094647143582,,1.2860331490946741,1.5245226984196498,5.9321852139240825,COMPLETE,rango,hist_gradient_boosting,,,,12.0,,,0.012567550807830943,0.21860300184408024,451.0,47.0,,,,,
16,-0.0639739785521336,,1.4258556443952877,1.7496360893572667,6.547866086513452,COMPLETE,rango,hist_gradient_boosting,,,,19.0,,,0.8088364455093929,0.03615684622219764,621.0,55.0,,,,,
17,0.44164869751305236,,1.0945263049640552,1.2674650473034441,5.06765767549235,COMPLETE,rango,hist_gradient_boosting,,,,9.0,,,0.015297227670022314,0.016815661384254648,692.0,25.0,,,,,
18,0.048191907139419565,,1.3378753364330984,1.654843473425527,6.171688108442605,COMPLETE,rango,hist_gradient_boosting,,,,18.0,,,0.5537398418146185,0.03394520065804892,476.0,59.0,,,,,
19,0.4590765590350636,,1.0452564620335845,1.247527494583899,4.858138070236279,COMPLETE,rango,hist_gradient_boosting,,,,10.0,,,0.007469842419216622,0.01372163823851477,609.0,50.0,,,,,
20,-0.17569668651472226,,1.654897410484554,1.8392038696971658,7.482992326323513,COMPLETE,rango,hist_gradient_boosting,,,,40.0,,,0.0006333620518892102,0.030816269340184523,378.0,43.0,,,,,
21,0.737915708593438,,0.7067690236404984,0.8683658197067813,3.2474773590996264,COMPLETE,rango,hist_gradient_boosting,,,,5.0,,,0.0630972842503082,0.0239784149323779,502.0,64.0,,,,,
22,0.7411500001027832,,0.7064739107927855,0.8629910853157617,3.2492099907629037,COMPLETE,rango,hist_gradient_boosting,,,,5.0,,,0.27559839109116213,0.04512635672196661,536.0,60.0,,,,,
23,0.4437201000628531,,1.0883717519513298,1.2651118067558118,5.042130797578779,COMPLETE,rango,hist_gradient_boosting,,,,9.0,,,0.04067797573250235,0.018009029073794154,628.0,53.0,,,,,
24,0.05082727045784552,,1.3109787215760766,1.6525509226653696,6.058354781050317,COMPLETE,rango,hist_gradient_boosting,,,,17.0,,,1.4118272547357542,0.02596796220491478,646.0,64.0,,,,,
25,-0.2880224201065127,,1.6310936460217058,1.9250585202527448,7.419210892234029,COMPLETE,rango,hist_gradient_boosting,,,,25.0,,,0.03629779387263102,0.09132382076502836,542.0,59.0,,,,,
26,0.5601482441048531,,0.9672138759945289,1.1249556206377562,4.4851246504084745,COMPLETE,rango,hist_gradient_boosting,,,,8.0,,,0.00633860197150316,0.01221679667227608,699.0,42.0,,,,,
27,0.28544950179939355,,1.2088985252204218,1.433833384749356,5.594868539458085,COMPLETE,rango,hist_gradient_boosting,,,,14.0,,,0.2840638820403813,0.006682769826940645,602.0,24.0,,,,,
28,-0.055120771625559284,,1.4192598065273243,1.7423416217177456,6.526936598671419,COMPLETE,rango,hist_gradient_boosting,,,,12.0,,,9.24446588208239,0.04035543573240562,447.0,53.0,,,,,
29,0.7457725022744905,,0.6949356147172198,0.8552507945831245,3.191575871527922,COMPLETE,rango,hist_gradient_boosting,,,,5.0,,,0.00038436753295906917,0.017398191791313286,645.0,61.0,,,,,
30,0.11556229388832373,,1.3291859889041602,1.595202603124859,6.125464226837117,COMPLETE,rango,hist_gradient_boosting,,,,16.0,,,0.00047713374131440285,0.01833028005071264,651.0,50.0,,,,,
31,0.6481362244958926,,0.8829600221114813,1.0061656904352476,4.094632012606527,COMPLETE,rango,hist_gradient_boosting,,,,7.0,,,0.019640621573299696,0.027538171756507853,659.0,62.0,,,,,
32,0.3217172108738652,,1.176596831075251,1.3969717494029505,5.44630846882589,COMPLETE,rango,hist_gradient_boosting,,,,11.0,,,0.003026682259911562,0.019036775872850225,584.0,58.0,,,,,
33,0.6414130539304963,,0.8921245697752309,1.0157327667508542,4.1372159957752395,COMPLETE,rango,hist_gradient_boosting,,,,7.0,,,0.13288091061297166,0.011340966886099035,524.0,55.0,,,,,
34,0.7462425249766895,,0.6939252588764072,0.8544598233736047,3.188550404167577,COMPLETE,rango,hist_gradient_boosting,,,,5.0,,,0.0033932881917040783,0.015293376408095393,666.0,62.0,,,,,
35,0.4119417410437103,,1.1250853574133346,1.3007457087429266,5.20733920778739,COMPLETE,rango,hist_gradient_boosting,,,,13.0,,,0.00022001137880956978,0.008880593181133259,670.0,60.0,,,,,
36,0.4601865466635906,,1.0727384412832894,1.24624685938683,4.970360094683681,COMPLETE,rango,hist_gradient_boosting,,,,9.0,,,0.002782830339475296,0.015011212466046486,691.0,57.0,,,,,
37,-2.2710158157310354,,2.6318807700716103,3.0677753033728936,11.633372266357938,COMPLETE,rango,hist_gradient_boosting,,,,21.0,,,5.81383298932304e-05,0.00602889728516905,105.0,29.0,,,,,
38,0.2318218877542152,,1.2691852642303665,1.4866652468324406,5.855295680545577,COMPLETE,rango,hist_gradient_boosting,,,,15.0,,,5.45406796335059e-06,0.021080319012384437,341.0,52.0,,,,,
39,0.36679249657531576,,1.1356090738481848,1.349755951804361,5.264099792017405,COMPLETE,rango,hist_gradient_boosting,,,,11.0,,,0.0002195316084776042,0.010312277720831417,643.0,61.0,,,,,
40,-0.17524912995612785,,1.5467759850662377,1.8388537682992188,7.066355262000128,COMPLETE,rango,hist_gradient_boosting,,,,25.0,,,0.001371259928510693,0.008039090732771058,592.0,57.0,,,,,
41,0.7633404207725493,,0.686666739860137,0.8251715933720672,3.1803798860483976,COMPLETE,rango,hist_gradient_boosting,,,,6.0,,,0.026219683867937264,0.02894424611612586,661.0,63.0,,,,,
42,0.6641994579891389,,0.8529532161521995,0.9829307490034893,3.960107648922659,COMPLETE,rango,hist_gradient_boosting,,,,7.0,,,0.005305630634101595,0.05055884141873142,662.0,61.0,,,,,
43,0.7562662683890715,,0.6779796599711486,0.8374136655273464,3.1166513806421294,COMPLETE,rango,hist_gradient_boosting,,,,5.0,,,0.0006334823273491413,0.030195116461917377,618.0,56.0,,,,,
44,0.7559991188967369,,0.6822115829321524,0.8378724722873484,3.1356262778456725,COMPLETE,rango,hist_gradient_boosting,,,,5.0,,,0.000603140604045778,0.03228686315984678,553.0,55.0,,,,,
45,0.5637222648816254,,0.9592294043588269,1.1203758782049993,4.446597855538136,COMPLETE,rango,hist_gradient_boosting,,,,8.0,,,0.0011173038953159087,0.07774907605010063,555.0,44.0,,,,,
46,0.3840327263747708,,1.1250681498550148,1.331254363398279,5.212055128255513,COMPLETE,rango,hist_gradient_boosting,,,,10.0,,,8.666780466098701e-05,0.030361622824908313,616.0,55.0,,,,,
47,0.12248460516385273,,1.4120751844386537,1.5889476794134163,6.418684506418295,COMPLETE,rango,hist_gradient_boosting,,,,37.0,,,2.832191284221624e-05,0.03727502127529085,582.0,56.0,,,,,
48,-0.30619851271473997,,1.6584339538301218,1.9385937907421307,7.505119598505399,COMPLETE,rango,hist_gradient_boosting,,,,29.0,,,0.0030602968169927344,0.06365273337332782,625.0,19.0,,,,,
49,-0.2086775440856865,,1.6624575417461456,1.864822290121962,7.515265411369841,COMPLETE,rango,hist_gradient_boosting,,,,43.0,,,0.02339189249641357,0.04427718160259078,558.0,46.0,,,,,
50,-0.017564215548781625,,1.4062054034141467,1.7110517226005966,6.446352538572858,COMPLETE,rango,hist_gradient_boosting,,,,21.0,,,0.011454433994645095,0.031560030853807666,485.0,35.0,,,,,
51,0.7496186421707942,,0.6892335094029578,0.8487567087583482,3.167531411254402,COMPLETE,rango,hist_gradient_boosting,,,,5.0,,,0.0006152781683395283,0.020599797235704008,669.0,62.0,,,,,
52,0.7459488166427682,,0.6953310863106195,0.8549541721507575,3.1952160862893138,COMPLETE,rango,hist_gradient_boosting,,,,5.0,,,0.00014468207582177896,0.020790754617737477,677.0,64.0,,,,,
53,0.6526596809060359,,0.8838493873955253,0.9996772857772855,4.098728792445934,COMPLETE,rango,hist_gradient_boosting,,,,7.0,,,0.0008300952163416635,0.01516821855005352,671.0,58.0,,,,,
54,0.3926606977802336,,1.0929291327028177,1.32189791623183,5.07416186981368,COMPLETE,rango,hist_gradient_boosting,,,,10.0,,,0.0019478264782349425,0.0266497096300293,628.0,53.0,,,,,
55,0.5413104696156961,,0.9963871636118368,1.1487926244811946,4.612565149753914,COMPLETE,rango,hist_gradient_boosting,,,,8.0,,,0.00039366187498046553,0.02309090632198904,601.0,62.0,,,,,
56,0.7145870737114528,,0.7330407415913427,0.9061895383150342,3.366710252782703,COMPLETE,rango,hist_gradient_boosting,,,,5.0,,,0.004832462672904552,0.16840827781682122,679.0,59.0,,,,,
57,0.19602874048559593,,1.2497444136835456,1.520906397880956,5.781327284399824,COMPLETE,rango,hist_gradient_boosting,,,,13.0,,,0.010946071524142311,0.012604359145486882,170.0,62.0,,,,,
58,0.644594655895929,,0.8876603430532998,1.0112166268169924,4.115866517910647,COMPLETE,rango,hist_gradient_boosting,,,,7.0,,,0.0006331353515885579,0.035542043001096486,634.0,51.0,,,,,
59,0.27583007875242727,,1.201550266261568,1.4434523969356077,5.5602109480026645,COMPLETE,rango,hist_gradient_boosting,,,,11.0,,,1.0677869945635884e-06,0.027697258124410196,697.0,48.0,,,,,
60,0.4587149236501532,,1.0841800855094357,1.247944443335252,5.018532924323277,COMPLETE,rango,hist_gradient_boosting,,,,9.0,,,3.776690126287827e-05,0.04169232872904674,251.0,64.0,,,,,
61,0.749908463874543,,0.6913019177574691,0.8482653396267352,3.17701385407545,COMPLETE,rango,hist_gradient_boosting,,,,5.0,,,0.00017513237326556002,0.021125083380258664,672.0,64.0,,,,,
62,0.774451363475552,,0.6745623274313215,0.8055682258563565,3.126048238332041,COMPLETE,rango,hist_gradient_boosting,,,,6.0,,,0.0002192271894223524,0.020863221792030383,659.0,59.0,,,,,
63,0.7576658026044067,,0.7091749594297132,0.8350059636354172,3.282917817967004,COMPLETE,rango,hist_gradient_boosting,,,,6.0,,,0.00021549606205802977,0.023945916050306985,606.0,55.0,,,,,
64,0.6526466036296819,,0.8594872198828087,0.9996961044003554,3.994462459917409,COMPLETE,rango,hist_gradient_boosting,,,,7.0,,,1.3212681846012936e-05,0.029814056117063333,600.0,54.0,,,,,
65,0.438497514080453,,1.1006631827664988,1.2710366297484688,5.0917338107997185,COMPLETE,rango,hist_gradient_boosting,,,,9.0,,,0.000203005554062757,0.02542706379786127,567.0,56.0,,,,,
66,0.7549541353746794,,0.7119131174440867,0.8396647352517772,3.295647701368691,COMPLETE,rango,hist_gradient_boosting,,,,6.0,,,0.00013602326493489006,0.02348192178107181,616.0,59.0,,,,,
67,0.1718982185263388,,1.270235598068993,1.543562021225945,5.868341898169056,COMPLETE,rango,hist_gradient_boosting,,,,12.0,,,6.769194821654284e-05,0.04984486990135308,614.0,59.0,,,,,
68,-6.723610053616069,,4.398286180036773,4.71403056945734,18.5457106878075,COMPLETE,rango,hist_gradient_boosting,,,,49.0,,,0.0003169924150400574,0.024449707196218234,551.0,57.0,,,,,
69,0.7724482162270531,,0.6745984415679285,0.8091375330761085,3.1259313258434833,COMPLETE,rango,hist_gradient_boosting,,,,6.0,,,7.764740527593555e-06,0.03333514446740441,524.0,39.0,,,,,
70,0.5603688706488528,,0.9735374130909421,1.1246734503401041,4.512596985958419,COMPLETE,rango,hist_gradient_boosting,,,,8.0,,,5.244429487005504e-06,0.03836650587158434,456.0,39.0,,,,,
71,0.7648693012035193,,0.6916097196378574,0.822501866545966,3.2053970601777366,COMPLETE,rango,hist_gradient_boosting,,,,6.0,,,0.00011629057854723096,0.03328762069076629,528.0,49.0,,,,,
72,0.7640602522904668,,0.6903344823907619,0.8239157031996859,3.1944876382786656,COMPLETE,rango,hist_gradient_boosting,,,,6.0,,,4.7693133638378e-05,0.03341921496744481,513.0,34.0,,,,,
73,0.4033719287657248,,1.1071355074246543,1.3101893545052365,5.1330595427056,COMPLETE,rango,hist_gradient_boosting,,,,10.0,,,4.274651757082484e-06,0.03319696570191726,422.0,29.0,,,,,
74,0.7491513544981546,,0.7118712715921781,0.8495483584894805,3.294258568330805,COMPLETE,rango,hist_gradient_boosting,,,,6.0,,,3.191236889608709e-05,0.05993124680111509,507.0,33.0,,,,,
75,0.5587685493628328,,0.9659012594807077,1.1267185784007332,4.479610981197315,COMPLETE,rango,hist_gradient_boosting,,,,8.0,,,1.9462319588081118e-05,0.028691083396024393,528.0,33.0,,,,,
76,0.35906180425720746,,1.1790092236819534,1.3579703938118963,5.446842346999143,COMPLETE,rango,hist_gradient_boosting,,,,13.0,,,9.121388185572687e-06,0.016751073417355294,485.0,40.0,,,,,
77,0.7543523954395825,,0.7167772662877806,0.8406950525815476,3.3146580126990703,COMPLETE,rango,hist_gradient_boosting,,,,6.0,,,5.0122113172208345e-05,0.04500459665191944,365.0,45.0,,,,,
78,0.43830520850877164,,1.092080736838651,1.271254265918662,5.058748882918564,COMPLETE,rango,hist_gradient_boosting,,,,9.0,,,8.292463974962327e-05,0.01920750415385536,583.0,29.0,,,,,
79,0.26299053228930624,,1.2134712216996266,1.4561923941585249,5.614502246789968,COMPLETE,rango,hist_gradient_boosting,,,,11.0,,,0.058071172383860725,0.03518621566361983,640.0,49.0,,,,,
0,0.7175508820702466,,0.7528132755388893,0.9014721958739114,3.4543452812090836,COMPLETE,rango,xgboost,,10.0,,,,431.0,,0.08762050559064072,,,0.6202083881990965,3.96389588638785,3.3323645788192616e-08,0.6245760287469893,0.8193963178886665
1,0.6790395721815793,,0.8309367755775796,0.9609658846828516,3.855607184607642,COMPLETE,rango,xgboost,,8.0,,,,601.0,,0.005419290634672375,,,0.9245991883601898,5.034443102887247,4.329370014459266e-07,4.4734294104626844e-07,0.9864594334728974
2,0.7528681451526381,,0.6855656107868405,0.8432310485730471,3.1557574417149405,COMPLETE,rango,xgboost,,6.0,,,,378.0,,0.027091411597666194,,,0.8253338026250707,3.6503833523887947,4.258943089524393e-06,1.9826980964985924e-05,0.6810531130891189
3,0.8074888676962668,,0.5939488965870381,0.7442351009219201,2.7150576391011128,COMPLETE,rango,xgboost,,9.0,,,,492.0,,0.010919676461591487,,,0.8165865559879191,1.8825578416799567,0.0029369981104377003,3.425445902633376e-07,0.7814054972861253
4,0.7816982963317911,,0.623441901616779,0.792521015646626,2.848704259898562,COMPLETE,rango,xgboost,,10.0,,,,198.0,,0.21854952340652511,,,0.6870761961280168,2.8557701661212933,0.014391207615728067,9.148975058772307e-05,0.9137788066524075
5,-0.3194510092162337,,1.5181576334542914,1.9484033146694875,6.97013537199339,COMPLETE,rango,xgboost,,6.0,,,,241.0,,0.005719987374645638,,,0.6664509917200077,13.587923402725657,6.388511557344611e-06,0.0004793052550782129,0.959194180935452
6,-0.25319597306890707,,1.5455723319838504,1.8988546404215845,7.063587246600855,COMPLETE,rango,xgboost,,3.0,,,,560.0,,0.22195513835256983,,,0.9727745237038852,18.001719658125328,0.002404915432737351,1.9809253750493907,0.8988097705125015
7,-0.19010248383267658,,1.4147203247961393,1.8504374346970693,6.523723595243423,COMPLETE,rango,xgboost,,3.0,,,,216.0,,0.0059677388712406935,,,0.724904780360267,6.155631603704022,0.28749982347407854,1.6247252885719427e-05,0.696398648843469
8,-0.004201399171925413,,1.3683456630230415,1.699779691034145,6.300935871882659,COMPLETE,rango,xgboost,,6.0,,,,360.0,,0.008677528234927538,,,0.5835477896558969,19.75085179540983,0.08916674715636537,6.143857495033091e-07,0.9109886413393178
9,0.7730081662717355,,0.6390269383906532,0.8081413737364533,2.924281870710982,COMPLETE,rango,xgboost,,9.0,,,,154.0,,0.07941443105985017,,,0.8970716560086756,2.4068483829477167,1.683416412018213e-05,1.1036250149900698e-07,0.8780532256184443
10,-0.028407485638669128,,1.4128358318598262,1.720144136898023,6.494151723986629,COMPLETE,rango,xgboost,,8.0,,,,842.0,,0.01666223441452634,,,0.8045258908066315,9.109445012282968,4.3444691085504035,1.2784194237583953e-08,0.5580828440266691
11,0.7840396458616963,,0.6759311005089136,0.7882595487944529,3.0920942838742747,COMPLETE,rango,xgboost,,10.0,,,,709.0,,0.2426804718938446,,,0.7241372113559755,1.700174644128054,0.003138292940780035,0.0037653511867646863,0.7841199934470785
12,0.8183294573686402,,0.5747983046963203,0.7229770004307757,2.6336213548828953,COMPLETE,rango,xgboost,,8.0,,,,716.0,,0.014209533776572537,,,0.7558432418653083,1.142695885108246,0.00033989072966465994,0.012341345845574316,0.7585243287729058
13,0.4048948111520121,,1.1021741906732518,1.3085161687857794,5.115197796118029,COMPLETE,rango,xgboost,,8.0,,,,709.0,,0.013607795946499891,,,0.8429571114272176,8.23676295467294,0.0001051091584049076,0.024232408232010377,0.7075031777369191
14,-0.11525530502247161,,1.4528635450735865,1.7913043221528284,6.668953429354028,COMPLETE,rango,xgboost,,7.0,,,,827.0,,0.02820585838142635,,,0.7592846144327313,11.363119198868935,0.00014422243561457965,0.04394253214905615,0.6217889042380812
15,0.823096040141503,,0.5628045659081929,0.7134293995161022,2.5883654727189973,COMPLETE,rango,xgboost,,5.0,,,,651.0,,0.013095450545236082,,,0.8758282537222564,1.2561931888925701,0.0016447293604905204,0.0012372580731239355,0.7696647168834411
16,0.5647711142244689,,0.9812848668707237,1.1190283276392075,4.5501190190079,COMPLETE,rango,xgboost,,4.0,,,,707.0,,0.019955814426669542,,,0.8924774135489815,6.345090664244728,0.00031975039836670344,0.0012423149376142109,0.8334198231318661
17,-0.16385063970035008,,1.5001044095278813,1.8299147160569913,6.870487872362169,COMPLETE,rango,xgboost,,5.0,,,,667.0,,0.04515049078783396,,,0.9934342314941691,14.43669509276067,0.09603376914630732,0.04204888429671886,0.7300396907619721
18,-0.32604412241398184,,1.66833953818746,1.9532651988979401,7.590735866522722,COMPLETE,rango,xgboost,,2.0,,,,886.0,,0.04777887942268188,,,0.8714568302105422,7.086454969900423,9.07706872149379,8.905767315686068,0.6387431592846021
19,0.3298380723576496,,1.1579908940457833,1.3885838207857555,5.368592088766186,COMPLETE,rango,xgboost,,5.0,,,,766.0,,0.008417029901656553,,,0.7651198962155727,11.112279859331004,9.02732448571628e-07,0.01039625730420417,0.7447355250312212
20,0.7351887619813338,,0.7321079945996276,0.8728717353802251,3.3759020150399275,COMPLETE,rango,xgboost,,7.0,,,,616.0,,0.020502883966487518,,,0.9457839708643493,4.758122403936137,0.000596172749801179,0.2041475808495035,0.8290252112936277
21,0.8079521717699099,,0.5909349091907053,0.7433390102487478,2.7036176880446057,COMPLETE,rango,xgboost,,9.0,,,,490.0,,0.01107734065332641,,,0.796609555007911,1.0325067904610437,0.009232386965046373,4.971729863013928e-05,0.7821316663103195
22,0.8093444288868659,,0.5883305835783194,0.7406396786898095,2.7020135632502535,COMPLETE,rango,xgboost,,9.0,,,,502.0,,0.012909462548962141,,,0.7878675328498977,1.2734823215161,0.019666329472704802,9.17523187799879e-05,0.7513735732208698
23,0.6347626937770943,,0.8561908327268497,1.0251083956725657,3.990551089345519,COMPLETE,rango,xgboost,,5.0,,,,548.0,,0.01565966282181559,,,0.8493407959303368,1.2742606896529776,1.1079485817612587,4.743147405619558e-06,0.6612387484553437
24,0.7665289087000016,,0.6616121704830413,0.8195940210699534,3.05947921991321,COMPLETE,rango,xgboost,,7.0,,,,641.0,,0.008129243748147108,,,0.732354799598111,3.52795498055539,0.02610286213654043,0.0003433200995422919,0.7333759724041327
25,0.7330612723501772,,0.7608399649188068,0.8763710405060412,3.5197423762684683,COMPLETE,rango,xgboost,,8.0,,,,793.0,,0.026675732123026607,,,0.6821307860734651,5.176994991813128,2.7415521161467403e-05,0.0025095507420592232,0.8564032108578202
26,0.7890343286155024,,0.6253904202271725,0.7790908807114048,2.882292416748227,COMPLETE,rango,xgboost,,9.0,,,,759.0,,0.012143406430686442,,,0.7546728717053482,3.215522947164906,0.0011672456580228677,0.00016150870684011472,0.7609533413503784
27,0.3686608876932814,,1.1438994442472472,1.3477631334347668,5.30178503017851,COMPLETE,rango,xgboost,,4.0,,,,434.0,,0.04073400384887784,,,0.8731494549707148,8.645601224568134,5.970826690614986e-05,2.6934572591055333e-06,0.801320971557903
28,-0.18024323920942864,,1.5884640691896195,1.842756643453451,7.226465432915568,COMPLETE,rango,xgboost,,7.0,,,,573.0,,0.01962045647338519,,,0.7853090775932122,15.488750505155746,0.3933209509478818,0.0009579176608031938,0.583020872386178
29,0.7549908038861903,,0.6968707831949265,0.8396019094457502,3.2055598495323765,COMPLETE,rango,xgboost,,10.0,,,,317.0,,0.07247056497513157,,,0.6207422174685513,3.9552013338012832,0.03806114393719954,0.17023523792007056,0.8111184186828091
