number,value,params_alpha,user_attrs_mae_valid,user_attrs_rmse_valid,user_attrs_smape_valid,state,nivel,familia,params_l1_ratio,params_max_depth,params_max_features,params_min_samples_leaf,params_min_samples_split,params_n_estimators,params_l2_regularization,params_learning_rate,params_max_iter,params_max_leaf_nodes,params_colsample_bytree,params_min_child_weight,params_reg_alpha,params_reg_lambda,params_subsample
76,0.806243185474958,,1.1579715709793144,1.6254938974262103,6.655006803479938,COMPLETE,banco_rango,hist_gradient_boosting,,,,6.0,,,1.6091929713419212e-05,0.021049961990251886,306.0,15.0,,,,,
77,0.8090354849514675,,1.139898615614612,1.6137386012731767,6.553711784406753,COMPLETE,banco_rango,hist_gradient_boosting,,,,5.0,,,4.5201959818308095e-05,0.01576641405600295,292.0,15.0,,,,,
78,0.8012892715561526,,1.168832162407742,1.6461428052273526,6.64739707749958,COMPLETE,banco_rango,hist_gradient_boosting,,,,5.0,,,4.92142476021927e-05,0.01625641412264668,295.0,20.0,,,,,
79,0.794873062795127,,1.1758862958498326,1.6725079786378112,6.779651555015037,COMPLETE,banco_rango,hist_gradient_boosting,,,,6.0,,,4.1755648818854636e-05,0.011600726477404535,349.0,20.0,,,,,
0,0.7749051063575163,,1.2759988933437336,1.7520224707613616,7.096126881880494,COMPLETE,banco_rango,xgboost,,10.0,,,,431.0,,0.08762050559064072,,,0.6202083881990965,3.96389588638785,3.3323645788192616e-08,0.6245760287469893,0.8193963178886665
1,0.77293458278088,,1.259633525967616,1.7596745295814789,7.199403069493875,COMPLETE,banco_rango,xgboost,,8.0,,,,601.0,,0.005419290634672375,,,0.9245991883601898,5.034443102887247,4.329370014459266e-07,4.4734294104626844e-07,0.9864594334728974
2,0.796030203397132,,1.221477464795806,1.6677839185460233,6.873394483181869,COMPLETE,banco_rango,xgboost,,6.0,,,,378.0,,0.027091411597666194,,,0.8253338026250707,3.6503833523887947,4.258943089524393e-06,1.9826980964985924e-05,0.6810531130891189
3,0.7831101065578556,,1.259736000646488,1.7197943116752292,6.99001681837566,COMPLETE,banco_rango,xgboost,,9.0,,,,492.0,,0.010919676461591487,,,0.8165865559879191,1.8825578416799567,0.0029369981104377003,3.425445902633376e-07,0.7814054972861253
4,0.7341727445782629,,1.3419414608469051,1.9039546691333598,7.469056000737096,COMPLETE,banco_rango,xgboost,,10.0,,,,198.0,,0.21854952340652511,,,0.6870761961280168,2.8557701661212933,0.014391207615728067,9.148975058772307e-05,0.9137788066524075
5,0.5416609631283238,,1.5607760412323501,2.500059094814941,8.910312647785371,COMPLETE,banco_rango,xgboost,,6.0,,,,241.0,,0.005719987374645638,,,0.6664509917200077,13.587923402725657,6.388511557344611e-06,0.0004793052550782129,0.959194180935452
6,0.631122812246552,,1.449876965259323,2.242837193999444,8.348104177733681,COMPLETE,banco_rango,xgboost,,3.0,,,,560.0,,0.22195513835256983,,,0.9727745237038852,18.001719658125328,0.002404915432737351,1.9809253750493907,0.8988097705125015
7,0.5313879914075255,,1.6747692382931563,2.5279213466873665,9.510224338526196,COMPLETE,banco_rango,xgboost,,3.0,,,,216.0,,0.0059677388712406935,,,0.724904780360267,6.155631603704022,0.28749982347407854,1.6247252885719427e-05,0.696398648843469
8,0.6369540731132926,,1.3024156980315438,2.2250390368295787,7.537598022351752,COMPLETE,banco_rango,xgboost,,6.0,,,,360.0,,0.008677528234927538,,,0.5835477896558969,19.75085179540983,0.08916674715636537,6.143857495033091e-07,0.9109886413393178
9,0.7754461530856679,,1.283480703565509,1.7499155897176393,7.127430951614633,COMPLETE,banco_rango,xgboost,,9.0,,,,154.0,,0.07941443105985017,,,0.8970716560086756,2.4068483829477167,1.683416412018213e-05,1.1036250149900698e-07,0.8780532256184443
10,0.684970236259362,,1.3091277912744488,2.072681849102252,7.536871784076113,COMPLETE,banco_rango,xgboost,,5.0,,,,800.0,,0.02115578422848772,,,0.8061906261935355,9.41851613921334,4.3444691085504035,0.010039786460205667,0.5580828440266691
11,0.7447721601737842,,1.2679587717961178,1.8656100509503417,7.275782324307022,COMPLETE,banco_rango,xgboost,,8.0,,,,693.0,,0.01724642619953264,,,0.8137611265101512,8.580097527845242,0.000179649519485956,1.4959570499682912e-08,0.7015021866592345
12,0.7837431882566792,,1.263727560687983,1.7172825165104348,7.0259673783476835,COMPLETE,banco_rango,xgboost,,7.0,,,,383.0,,0.016027066260818568,,,0.843851422064896,1.147395983310878,0.0001653282123997987,4.6763069620690654e-06,0.7229385523731935
13,0.783743890463852,,1.273024459424392,1.717279728415415,7.111854150380402,COMPLETE,banco_rango,xgboost,,5.0,,,,339.0,,0.03778677139522134,,,0.9063132423512528,1.058598328839432,4.6852145960758174e-05,8.419848409164066e-06,0.6645954690168595
14,0.8014445828635922,,1.2081349115252153,1.6454993710016632,6.8679646758656006,COMPLETE,banco_rango,xgboost,,4.0,,,,318.0,,0.04248049752277342,,,0.8974528348899881,6.765479716882602,2.60156983935536e-06,0.0009721668338681016,0.6039620030363124
15,0.7100246204563471,,1.2615365656953965,1.9885541113236203,7.3348892339812375,COMPLETE,banco_rango,xgboost,,2.0,,,,294.0,,0.04449918278849995,,,0.7535468407949238,12.427253883630943,5.482417813288493e-07,0.003297929208895383,0.5909393929360582
16,0.7848531660075007,,1.2925216379457347,1.7128697131002981,7.2058860595191625,COMPLETE,banco_rango,xgboost,,4.0,,,,449.0,,0.0674352757688471,,,0.9981120574642306,6.885186949056262,1.1032173338053777e-08,0.012771000724724785,0.6267173558829832
17,0.6984592103896667,,1.2745295165009376,2.027822251647739,7.359409000199419,COMPLETE,banco_rango,xgboost,,5.0,,,,287.0,,0.029433273740012054,,,0.8748754662523163,11.632701968838886,7.814462047696807e-07,0.09729283774175915,0.6323648512826983
18,0.7722984438218136,,1.2836722549824398,1.762137728550298,7.237136969987937,COMPLETE,banco_rango,xgboost,,4.0,,,,644.0,,0.11707258966261974,,,0.9530802072594899,7.614084373937628,2.043442636576258e-06,0.0004753187145797441,0.7493368563418531
19,0.6604271443252665,,1.33377933862144,2.1519061855617174,7.702877984231991,COMPLETE,banco_rango,xgboost,,2.0,,,,503.0,,0.05143603649633314,,,0.7555888160012066,15.176627886319084,9.91997817811412e-08,6.546215991504019e-05,0.5503174857867192
20,0.7818202940687062,,1.2569938171018658,1.7249004142937787,7.10770896670817,COMPLETE,banco_rango,xgboost,,7.0,,,,810.0,,0.026784006379387826,,,0.8542494889511791,5.637976028400617,7.809808776078162e-06,0.0017377542249006636,0.6406136294152973
21,0.7899991830335651,,1.2374308596878794,1.692260987659087,7.04477410619901,COMPLETE,banco_rango,xgboost,,4.0,,,,422.0,,0.05799685312357891,,,0.9983014229823602,7.194996135923499,1.3651831039275493e-08,0.03141951598789874,0.6232366536005489
22,0.7097690698971297,,1.2998023635115572,1.989430158461597,7.502610212204844,COMPLETE,banco_rango,xgboost,,4.0,,,,420.0,,0.053422953917777904,,,0.9318763855205564,9.935308088483623,1.1984260742466714e-07,0.053434229983893466,0.6009181815009305
23,0.7646565652961517,,1.3511811925474329,1.7914632116132099,7.5032886138328605,COMPLETE,banco_rango,xgboost,,3.0,,,,322.0,,0.12368519694982258,,,0.99329686598779,4.118491299711856,7.020342226507506e-08,8.03806103896627,0.6694817961838404
24,0.7627481079257324,,1.2532624922042301,1.7987122515096277,7.197819744359007,COMPLETE,banco_rango,xgboost,,5.0,,,,387.0,,0.032013798476062304,,,0.8817865568932868,7.812516893542346,2.302880111647927e-06,0.12470635417949215,0.5987548366028388
25,0.7905388227899799,,1.2412773843472273,1.6900852848550296,7.021541714565563,COMPLETE,banco_rango,xgboost,,4.0,,,,900.0,,0.020801503884867994,,,0.9430131595210453,4.586023873684953,2.7415521161467403e-05,5.3195620076571505e-05,0.6840144107929316
26,0.7825806367670696,,1.2695682479955865,1.7218922058479322,7.11188226546819,COMPLETE,banco_rango,xgboost,,7.0,,,,876.0,,0.01143921917051215,,,0.9475174625999675,4.125272850306697,4.148390989595909e-05,6.35205150047368e-05,0.7787604430090623
27,0.7817454545160911,,1.2426889141943505,1.7251962248196606,6.993798159547262,COMPLETE,banco_rango,xgboost,,6.0,,,,702.0,,0.02341137189838135,,,0.8527756030672369,3.3872201050822484,0.0008203652785978932,2.6934572591055333e-06,0.73955351120249
28,0.8099436833783246,,1.187552253609772,1.609896679249973,6.726560783248142,COMPLETE,banco_rango,xgboost,,3.0,,,,573.0,,0.01701294457053039,,,0.7772155758086405,5.4303830875615935,3.4162321162732506e-05,0.0013821146689036088,0.826331909600536
29,0.8103339258773865,,1.1616711294362125,1.6082430301042792,6.659085900604706,COMPLETE,banco_rango,xgboost,,2.0,,,,549.0,,0.014236103042747264,,,0.7842061718132051,6.230818597933439,0.00046158118566051,0.0017081014019713148,0.857083073092915
30,0.7610049100756471,,1.198605175259564,1.805308137545909,7.008133417739269,COMPLETE,banco_rango,xgboost,,2.0,,,,568.0,,0.013767375288582477,,,0.7854829791578085,11.04370668946805,0.00030127124321254807,0.0015687976504657052,0.8301044709509533
31,0.797410672898278,,1.2112641498101098,1.6621305481695114,6.8643950000790515,COMPLETE,banco_rango,xgboost,,3.0,,,,482.0,,0.035798026100952236,,,0.7182830071928328,6.268624756202017,8.101425327497451e-05,0.0002427806016252524,0.8380986448592739
32,0.7919758369000611,,1.2246186376743318,1.6842778691695635,6.955810006176747,COMPLETE,banco_rango,xgboost,,3.0,,,,636.0,,0.03993870838615707,,,0.7080543455381644,5.939157928653503,0.0014057001451955472,0.00022709709667159884,0.8283715602811131
33,0.7802050288506331,,1.1860256670088423,1.7312736786345857,6.938812732712458,COMPLETE,banco_rango,xgboost,,2.0,,,,547.0,,0.008199928815709585,,,0.6563058571675607,8.956421719918389,8.845977688436421e-05,0.00400260250500459,0.8610749457798803
34,0.8101435078418872,,1.1818406075498047,1.6090501371613044,6.726559993196961,COMPLETE,banco_rango,xgboost,,3.0,,,,488.0,,0.016275681000873343,,,0.767516343455381,5.2237660259562295,0.014485529032660815,0.0007396832673507608,0.8008840549785499
35,0.8060558069986504,,1.1598678236591287,1.6262796993787711,6.690843544371826,COMPLETE,banco_rango,xgboost,,2.0,,,,612.0,,0.011478586205114672,,,0.7744761278866844,5.224728653339838,0.008474318523985405,0.25912328189567335,0.7997596654540671
36,0.7983864428987715,,1.1669351372165877,1.6581228968729984,6.784118417376682,COMPLETE,banco_rango,xgboost,,2.0,,,,625.0,,0.008732856582079741,,,0.7784713159714302,5.097986814765504,0.07647557930647807,0.5565037783983507,0.7990976333575988
37,0.8114329125430613,,1.1655912722376682,1.6035769205364758,6.6086328476235385,COMPLETE,banco_rango,xgboost,,3.0,,,,590.0,,0.011636656434289083,,,0.7493832371827593,3.481004073669694,0.009345331824325887,0.5569993335766786,0.8012953592605648
38,0.7984797831228216,,1.201735608869445,1.657739025167316,6.822645138072001,COMPLETE,banco_rango,xgboost,,3.0,,,,674.0,,0.014680112707698315,,,0.7448570276839035,2.926171267387895,0.01058113883624543,2.6389363224014257,0.9447526214182296
39,0.8118211792897088,,1.1566383681152341,1.6019251571509117,6.5745610244095,COMPLETE,banco_rango,xgboost,,3.0,,,,737.0,,0.007025230070479253,,,0.6765480416692093,2.1057398682724813,0.06392465157077878,0.012984289689473107,0.856041179826868
40,0.8095835696226426,,1.161527614539784,1.6114211525948114,6.610650890020092,COMPLETE,banco_rango,xgboost,,3.0,,,,745.0,,0.006874462861724956,,,0.6275572218495713,1.8801217187260297,0.8818741764967507,0.014673348522748994,0.8526395262239302
41,0.807984899138501,,1.16170760700075,1.6181714811550598,6.647501454654457,COMPLETE,banco_rango,xgboost,,3.0,,,,527.0,,0.011253440766834223,,,0.6972026826336529,3.326474878689075,0.03674969122528493,0.005099427908503446,0.8087571105081371
42,0.7871288682499065,,1.1866029610502318,1.703786744236754,6.915546777551046,COMPLETE,banco_rango,xgboost,,2.0,,,,572.0,,0.0073564926524433295,,,0.7334843267797115,2.143488520039591,0.0007404736385548437,0.02775848561804482,0.7568364770296856
43,0.7959582716022874,,1.1656218875920688,1.6680779721698973,6.782841351917959,COMPLETE,banco_rango,xgboost,,3.0,,,,764.0,,0.005096827440942871,,,0.6798566799260779,4.458395353132213,0.0037166948780422825,0.0007602210965912275,0.8778663167316274
44,0.7990272694105721,,1.1643742955258685,1.6554856367277115,6.7330301125651175,COMPLETE,banco_rango,xgboost,,3.0,,,,470.0,,0.009799397986619671,,,0.5506525053067391,3.496408876907468,0.3939613949947301,0.0001985432180415282,0.8910713508103
45,0.7988230415415378,,1.1875935226911647,1.656326572842088,6.727020895014392,COMPLETE,banco_rango,xgboost,,2.0,,,,601.0,,0.018443045959588376,,,0.7936433687319946,2.3939727620896436,0.04633379637883174,0.006664776629837553,0.9316462836049044
46,0.8030291958548101,,1.1884059604641353,1.6389200921142117,6.7887902384592715,COMPLETE,banco_rango,xgboost,,4.0,,,,520.0,,0.012714062469043842,,,0.829928321941161,5.309058276285242,0.004545685657820906,0.3363613798033865,0.8539494080748711
47,0.7210381800388153,,1.235071131074187,1.9504249073061504,7.233137122360596,COMPLETE,banco_rango,xgboost,,2.0,,,,665.0,,0.006376173651419462,,,0.6485689985737193,8.170911017969953,0.028421955780725452,2.7311228080875543,0.7678743949567535
48,0.8083751278142561,,1.196579356018223,1.6165263551667408,6.72422093333833,COMPLETE,banco_rango,xgboost,,3.0,,,,570.0,,0.017703306421148587,,,0.7583680641399282,1.5822863508593916,0.26398764764254806,0.002130078044373555,0.7853973817954693
49,0.6672439808154031,,1.2828522948103764,2.1301972050413887,7.4200946049418866,COMPLETE,banco_rango,xgboost,,5.0,,,,714.0,,0.009604274879619693,,,0.8017955544362767,15.251446927184492,8.265437510209262,1.3401901878601603,0.9968742732517087
50,0.772734045888343,,1.2783556802079212,1.760451402140379,7.211045068091428,COMPLETE,banco_rango,xgboost,,10.0,,,,457.0,,0.014641401388457865,,,0.8268895580288529,2.7390905114349966,1.6522727705760374,2.061541151436292e-05,0.8157369212808557
51,0.8108588065583664,,1.1579782117940494,1.606016167645715,6.597233784839326,COMPLETE,banco_rango,xgboost,,3.0,,,,773.0,,0.006869266151285838,,,0.6349864519167312,1.8789605139260686,1.5250345783722596,0.013334967126475302,0.8465663904013895
52,0.7963410369609517,,1.1788123539232584,1.6665126497612481,6.719311956100847,COMPLETE,banco_rango,xgboost,,4.0,,,,781.0,,0.007654095269588598,,,0.6059945059940647,3.8110903672317358,0.19331021033510806,0.0005861457066064047,0.8791387344278534
53,0.8079006562870618,,1.149484702108674,1.6185264126955885,6.578517646393004,COMPLETE,banco_rango,xgboost,,3.0,,,,820.0,,0.0056501931247957575,,,0.635379456062705,1.368905164085457,0.01787862152570241,0.01372081391189026,0.9136418173157806
54,0.7981082129152861,,1.1859456865467157,1.659266620684461,6.832168475532615,COMPLETE,banco_rango,xgboost,,2.0,,,,741.0,,0.009599377600134969,,,0.6043409464272205,4.8181425184582976,1.925244035429098,0.12144275560059052,0.8373342700747097
55,0.8079069123700497,,1.1864144424201641,1.6185000572749972,6.769679095444197,COMPLETE,banco_rango,xgboost,,3.0,,,,592.0,,0.02122209693462645,,,0.6766156713606188,6.359028704963066,0.09344952325197405,0.025880535121292826,0.8693493901486619
56,0.8000574858101667,,1.177415138852857,1.651237051010598,6.668938421154326,COMPLETE,banco_rango,xgboost,,4.0,,,,842.0,,0.006403298919958335,,,0.7671365454409032,2.4513520457387514,0.0006489424675554005,0.049359223178832234,0.9002546410310366
57,0.8115096468766232,,1.1553137708316905,1.6032506124602293,6.526552032896685,COMPLETE,banco_rango,xgboost,,3.0,,,,532.0,,0.012565865809600533,,,0.7339463716726682,2.979315504434758,0.0018601161531018359,0.0011773187462705223,0.7967365575581066
58,0.7990899966768279,,1.1978898348926366,1.6552272628871714,6.742142462821697,COMPLETE,banco_rango,xgboost,,4.0,,,,506.0,,0.013389501509046376,,,0.738081614451383,1.0735492658706016,0.0016951063141300037,0.00013866260167495008,0.7871871310931581
59,0.7892608891336454,,1.1918844104535846,1.6952330946267622,6.85930127217352,COMPLETE,banco_rango,xgboost,,5.0,,,,442.0,,0.008851592790176074,,,0.6979783693367992,3.0027174616945542,0.008339776705805782,0.002760591233239573,0.7278928248487984
60,0.7967178428821222,,1.1697330672588493,1.6649702610789856,6.759853175922979,COMPLETE,banco_rango,xgboost,,2.0,,,,528.0,,0.010564523575453533,,,0.7148157630341925,2.1019758546772205,0.005253727718242506,0.006805414087550672,0.8474182198936637
61,0.803950347269557,,1.1916127586078014,1.6350833236111177,6.731008358438309,COMPLETE,banco_rango,xgboost,,3.0,,,,660.0,,0.016191740786326188,,,0.7657878510465643,3.948668934757068,0.0003454042783303965,0.0012460760111208148,0.8203962324394594
62,0.802938785210059,,1.191431849217144,1.639296185473315,6.775276211456709,COMPLETE,banco_rango,xgboost,,3.0,,,,540.0,,0.02526465690376805,,,0.7316216490452798,4.554291244094033,0.021158675888509337,0.0004854163297737331,0.8003820248599549
63,0.8045639470544774,,1.1668025147728895,1.6325225615313743,6.718544819824213,COMPLETE,banco_rango,xgboost,,4.0,,,,488.0,,0.012644013044940413,,,0.8163200450425158,7.065811076465573,0.11517461839123885,0.0008986696096874403,0.7598548887703955
64,0.8052297080219993,,1.1657357347675452,1.6297395617206891,6.698629433253559,COMPLETE,banco_rango,xgboost,,2.0,,,,400.0,,0.018084228570712565,,,0.6625382183885,3.4299254146113674,1.6427041163261046e-05,3.5785800063007825e-05,0.8189587274335536
65,0.8097428895517839,,1.1786388680716597,1.6107468798255862,6.643574424181818,COMPLETE,banco_rango,xgboost,,3.0,,,,589.0,,0.02119802810598041,,,0.7854185546227639,1.8735754679721754,0.0019133717694279195,0.00327349772047534,0.8446076199544633
66,0.8062092011397493,,1.1847580505794724,1.6256364444317155,6.746498546500019,COMPLETE,banco_rango,xgboost,,4.0,,,,726.0,,0.01201310679426656,,,0.7459342030636789,5.486180800861682,0.00019905168970201124,0.00893375308082387,0.7767488890493929
67,0.7793489826603277,,1.2705328798278315,1.734641840288246,7.154408521640647,COMPLETE,banco_rango,xgboost,,9.0,,,,693.0,,0.015241351604607782,,,0.8038955516706636,5.824812995613414,0.0004444583775573923,0.00012063662764890521,0.886569498347208
68,0.8000455725518365,,1.1630478305129037,1.6512862434512754,6.738918222580076,COMPLETE,banco_rango,xgboost,,3.0,,,,564.0,,0.007849109731265765,,,0.687941339570957,4.0519653735820205,0.47472867219394965,0.057276099371284354,0.8671358115198927
69,0.7902841309865751,,1.1986021443641628,1.6911124921493375,6.829038449750318,COMPLETE,banco_rango,xgboost,,2.0,,,,851.0,,0.03101799561635316,,,0.70656377172879,2.8654318279805073,0.0010677913533290305,0.00030131682418751786,0.8035100984071276
70,0.6764606650583094,,1.268253187205568,2.100488918505467,7.34722368479274,COMPLETE,banco_rango,xgboost,,3.0,,,,785.0,,0.010350235411939277,,,0.6441201848259672,19.753932073005004,0.0025483766036797136,0.0014874811432221248,0.8261247246396621
71,0.8122957200105358,,1.166955126523627,1.5999040514624576,6.552928396346496,COMPLETE,banco_rango,xgboost,,3.0,,,,588.0,,0.019503174802142382,,,0.7811360620985912,1.4977480545874324,0.0020014736555413167,0.0025639445567137145,0.8383268848015817
72,0.8005819146940336,,1.221121766585607,1.6490701157242926,6.827173382607361,COMPLETE,banco_rango,xgboost,,4.0,,,,618.0,,0.01990725115896977,,,0.7878160397152667,1.6537445286616665,0.00012206410094364707,0.016494155800157367,0.7927719891257268
73,0.7728441941008795,,1.2772677659442013,1.7600247344568045,7.146523038780655,COMPLETE,banco_rango,xgboost,,8.0,,,,501.0,,0.01650265909695877,,,0.7523340298961393,2.4150035777362002,0.01232616647986701,0.000456882122534247,0.8595806290431468
74,0.7950424387026568,,1.2177276098140066,1.671817330539013,6.952471493030593,COMPLETE,banco_rango,xgboost,,3.0,,,,638.0,,0.02394894919287284,,,0.7712483956534529,1.011658735410243,0.006492067438794304,7.84959517994247,0.8364765782869391
75,0.8129397367716642,,1.1519264809406091,1.597157043389287,6.617299098785032,COMPLETE,banco_rango,xgboost,,2.0,,,,541.0,,0.013585865472595805,,,0.7314999146002745,6.588520066194738,0.0028321998772728725,0.0045111605127073195,0.8102931419857298
76,0.8038798007964683,,1.1602418139399389,1.6353774812011046,6.723137263764207,COMPLETE,banco_rango,xgboost,,2.0,,,,548.0,,0.00879988633803524,,,0.727653857419136,6.629496688897372,0.0029663704319339524,0.004134544907847294,0.7442503004538793
77,0.805880307589089,,1.1617736049479301,1.6270153403508605,6.683594356056954,COMPLETE,banco_rango,xgboost,,2.0,,,,471.0,,0.014063449830696434,,,0.842759155032649,3.3139996368332807,0.03856844642044921,0.002536418924182216,0.8130007613134134
78,0.6682132348892679,,1.3807497410677136,2.1270925158493323,8.052814101853317,COMPLETE,banco_rango,xgboost,,2.0,,,,363.0,,0.006680347856161482,,,0.7235608022809976,7.55663506449473,0.0011514123773487157,0.021489752632305306,0.7707177915229634
79,0.8060525497645532,,1.1720416593466485,1.6262933557594172,6.728986835531613,COMPLETE,banco_rango,xgboost,,3.0,,,,518.0,,0.012391481830649571,,,0.6724265172578416,4.618702507081791,0.014289821241740101,0.06525354022732953,0.8460293917743834
0,0.8470654463669494,0.041858227295469716,1.1836559275485103,1.4246564644527588,6.503409924601389,COMPLETE,banco,ridge,,,,,,,,,,,,,,,
1,0.8048731064448186,451.85609510240965,1.2472653088345023,1.6092218041901267,6.674786144699409,COMPLETE,banco,ridge,,,,,,,,,,,,,,,
2,0.6085876995866559,13.3032451015229,2.075770802853777,2.279158759485407,10.64434240969519,COMPLETE,banco,ridge,,,,,,,,,,,,,,,
3,0.6860687405401206,1.55099139875943,1.8454471536900405,2.0411486041713434,9.683447483945278,COMPLETE,banco,ridge,,,,,,,,,,,,,,,
4,0.8588397850293221,0.0012363188277052211,1.1130947079355498,1.3687164871410116,6.1666484602052245,COMPLETE,banco,ridge,,,,,,,,,,,,,,,
5,0.8588399277448584,0.0012358382772306934,1.113093793210157,1.3687157952422466,6.166644112185641,COMPLETE,banco,ridge,,,,,,,,,,,,,,,
6,0.8591313422479114,0.00025502648504032837,1.1112217626389975,1.3673022591913744,6.15774643936714,COMPLETE,banco,ridge,,,,,,,,,,,,,,,
7,0.6495002463021172,115.67327199145953,1.9363746874210268,2.1567569276226877,9.84866220111306,COMPLETE,banco,ridge,,,,,,,,,,,,,,,
8,0.6836757967941718,1.6136341713591311,1.852960938094707,2.0489131723512517,9.718686643054278,COMPLETE,banco,ridge,,,,,,,,,,,,,,,
9,0.6158274222751796,9.047071957568372,2.055202546329946,2.2579822517877863,10.58198901464491,COMPLETE,banco,ridge,,,,,,,,,,,,,,,
