number,value,params_alpha,user_attrs_mae_valid,user_attrs_rmse_valid,user_attrs_smape_valid,state,nivel,familia,params_l1_ratio,params_max_depth,params_max_features,params_min_samples_leaf,params_min_samples_split,params_n_estimators,params_l2_regularization,params_learning_rate,params_max_iter,params_max_leaf_nodes,params_colsample_bytree,params_min_child_weight,params_reg_alpha,params_reg_lambda,params_subsample
30,0.7689852266518321,,0.6430095104585856,0.8152712018223154,2.9902750529315734,COMPLETE,rango,xgboost,,4.0,,,,488.0,,0.007015053686489868,,,0.8479514318152331,2.417566998693703,2.4249713988677684e-08,0.0045431650253145986,0.7134051532046188
31,0.8064268728791172,,0.5928401915291657,0.7462850779157418,2.719629392349252,COMPLETE,rango,xgboost,,9.0,,,,501.0,,0.009993683338915501,,,0.7784596175059667,1.1313624197130343,0.011067606031871765,2.5295435902592424e-05,0.7606863097168565
32,0.7651669558140705,,0.6886375481632545,0.8219810944739522,3.186735817417651,COMPLETE,rango,xgboost,,8.0,,,,645.0,,0.012814227812950572,,,0.7993322338477125,4.6879892029317904,0.003518294595575072,9.970781331501311e-05,0.7899371409042152
33,0.8083188153294026,,0.5891545551389988,0.7426291072365733,2.6928643020459586,COMPLETE,rango,xgboost,,9.0,,,,448.0,,0.01548121191852081,,,0.9256136016106172,1.345621810065003,0.007971505473604281,4.522459646540039e-05,0.848422600110811
34,0.7885856458383776,,0.6136989145464967,0.7799189277371233,2.8090280265494165,COMPLETE,rango,xgboost,,10.0,,,,449.0,,0.031575211105733456,,,0.9334667150653168,2.5092337707986214,0.0007647392475536677,1.0581495315412259e-05,0.8530424394988941
35,0.7624472208348687,,0.6969902516815921,0.8267273070491267,3.228065003198376,COMPLETE,rango,xgboost,,9.0,,,,380.0,,0.022525259582042906,,,0.9094401300972033,4.238631466786133,1.4596474028247443e-07,0.0002685847698330212,0.7521255325691945
36,0.762474382108913,,0.6755256680155077,0.8266800425866241,3.124031030454287,COMPLETE,rango,xgboost,,8.0,,,,590.0,,0.01395334982723782,,,0.9462918323983716,3.0941892504441255,0.0993766608488373,0.013149918525421106,0.6713446546036314
37,0.735083275891597,,0.7566673748749971,0.8730455698806939,3.4965890916986444,COMPLETE,rango,xgboost,,10.0,,,,527.0,,0.017120198037142924,,,0.8205286277557111,5.646663052913061,0.0002805713058464426,0.0008875499680133121,0.9773103894483848
38,0.7620454643690336,,0.6651799549532317,0.8274261048663661,3.080897548838336,COMPLETE,rango,xgboost,,7.0,,,,399.0,,0.006837570304515064,,,0.9722274599293794,2.085391236227561,0.005452390218348376,4.089383256336722e-05,0.8606217606396747
39,0.39087029773373627,,1.2012144560363052,1.3238449204899356,5.5347697354640095,COMPLETE,rango,xgboost,,6.0,,,,283.0,,0.1616991126858668,,,0.7038343012063484,7.169733057092568,0.0015195978891472898,1.2130320469096681e-06,0.8273647222031253
40,0.8170563419264529,,0.5805920041018777,0.725505826065259,2.6643945237589826,COMPLETE,rango,xgboost,,6.0,,,,682.0,,0.01014676415884338,,,0.6394031098753601,1.0232584572107495,7.703681668328635e-06,7.000951572097305e-06,0.6863333012916892
41,0.8177519065531107,,0.579296914380198,0.7241253005691878,2.660175349527625,COMPLETE,rango,xgboost,,6.0,,,,686.0,,0.009441098803905477,,,0.6369784431933478,1.9991579622629392,4.6466609605487975e-06,4.8920963316303006e-06,0.693624047683964
42,0.7567520082711048,,0.6862493357473474,0.836578803490744,3.1696177708908104,COMPLETE,rango,xgboost,,6.0,,,,671.0,,0.011125191583713516,,,0.6465068867521171,3.2271526829724158,2.6151948215737426e-06,6.9720345694197275e-06,0.6907737161464889
43,0.7851347440289733,,0.6209859385964708,0.7862584438082214,2.8849246422111254,COMPLETE,rango,xgboost,,5.0,,,,741.0,,0.005073647165608445,,,0.5614549659124125,2.150243269988312,5.7023547807152885e-06,6.21092102742956e-08,0.6471639465457887
44,0.7707511151403035,,0.660007873481361,0.8121492373307625,3.051952186969377,COMPLETE,rango,xgboost,,5.0,,,,610.0,,0.010195922648371082,,,0.6241878832619756,3.707020517968153,3.2750340953417674e-07,2.1570365486606067e-07,0.7232471377217556
45,0.8216292131688022,,0.5726644445006354,0.716381049598105,2.6466157649742015,COMPLETE,rango,xgboost,,6.0,,,,675.0,,0.006751498147316708,,,0.5910814288158325,1.8587236250698895,2.1201486682270336e-05,1.277073168879583e-06,0.6174802860888808
46,0.7871891776518956,,0.6283860274365316,0.7824905113056823,2.9145170784922674,COMPLETE,rango,xgboost,,6.0,,,,686.0,,0.006503024815462511,,,0.5750455160748258,2.4708963606393906,1.6604795497517043e-05,1.2587221752451281e-06,0.6048337505673125
47,0.8202239411911805,,0.5760010689246046,0.7191974726076488,2.6476060435411486,COMPLETE,rango,xgboost,,6.0,,,,803.0,,0.009008936723493538,,,0.5947136573795407,1.9805985566639535,1.7805369348525684e-06,4.8941365657669635e-08,0.6872585521669908
48,0.24727159652881436,,1.1857472112597387,1.4716392993591927,5.498059051625525,COMPLETE,rango,xgboost,,6.0,,,,813.0,,0.007700936747633676,,,0.5975859624498946,9.741902445678114,9.534692449033482e-07,1.8771186152347895e-08,0.5538284854638127
49,0.69257343977377,,0.797000391756113,0.940487261983492,3.7076112663059435,COMPLETE,rango,xgboost,,4.0,,,,895.0,,0.0057648257955158645,,,0.6043905572777616,4.105160959948538,5.378054722732622e-08,4.912150923191024e-08,0.6249617165880681
50,0.5566940024329277,,0.9510503893907433,1.129364230153443,4.421438560954803,COMPLETE,rango,xgboost,,5.0,,,,857.0,,0.009058620359036776,,,0.6515842619101284,5.806316949402188,2.3893547101729647e-06,3.84815653987133e-07,0.5934370147505343
51,0.8305465372153411,,0.5600194899300446,0.6982443801520004,2.5767294195522745,COMPLETE,rango,xgboost,,6.0,,,,728.0,,0.009718080260036965,,,0.5507329173810498,1.912236606863578,1.3571783898576685e-05,1.9589922246895182e-06,0.6798815388958832
52,0.8264499454359973,,0.5675471213662749,0.7066341176661337,2.6141323124456246,COMPLETE,rango,xgboost,,7.0,,,,743.0,,0.00754566074104623,,,0.5511423262624568,1.9294339384774009,4.417819559367762e-05,9.702562372166408e-07,0.6598314369782501
53,0.8065304118012314,,0.5898849946138894,0.7460854637208164,2.7311745009166724,COMPLETE,rango,xgboost,,7.0,,,,741.0,,0.0072555641193611485,,,0.5579796382555015,2.6446558698477656,6.289100228353391e-05,1.9207372888936286e-07,0.6590898479919697
54,0.8150135852897441,,0.5849622166568094,0.729545096097254,2.6896613809494627,COMPLETE,rango,xgboost,,6.0,,,,788.0,,0.006247466809667231,,,0.5848196953598391,1.7751566483642074,3.1078378719548346e-05,6.977666457548702e-07,0.7077025574854969
55,0.7892867051046516,,0.6154059901711778,0.778624731266108,2.855375673247891,COMPLETE,rango,xgboost,,7.0,,,,725.0,,0.005519463663219628,,,0.5553956706716725,2.9744802148169827,0.00031736414007075094,3.770265526901254e-08,0.6397989218903543
56,-0.14798358037033066,,1.5392815491415917,1.8173980724628098,7.0233627770673825,COMPLETE,rango,xgboost,,7.0,,,,780.0,,0.008263401245697353,,,0.6000351244847423,17.07957550874729,1.1071579710089297e-05,1.9331223964396754e-06,0.6754888291075513
57,0.15323625701137433,,1.2457457021436074,1.5608578463346405,5.768383799557094,COMPLETE,rango,xgboost,,5.0,,,,856.0,,0.01147788894032872,,,0.5815873007527841,11.792107078054162,0.00011817367139218263,1.444199373036018e-07,0.6231630312587271
58,0.67485351582384,,0.8207224575757475,0.9672121781310521,3.8130463542302686,COMPLETE,rango,xgboost,,8.0,,,,637.0,,0.0141450662891692,,,0.6770397694750637,4.63617976347535,4.087539725408452e-05,1.51579897923812e-08,0.6036438511198146
59,0.8248934248544066,,0.5580930426926384,0.7097958435367069,2.5874043458530767,COMPLETE,rango,xgboost,,6.0,,,,827.0,,0.008768740335388308,,,0.5503115619058689,1.6987996436724764,5.331745081986542e-07,0.05147295946571318,0.6540296732347287
60,0.5111917614801755,,1.0327714848898795,1.1859093234108256,4.785839068174276,COMPLETE,rango,xgboost,,6.0,,,,817.0,,0.008626681906541114,,,0.5505783379190415,6.715308665114722,1.1041100693032166e-06,0.35322223713187867,0.6626784296013919
61,0.8299428264969211,,0.5553724747774637,0.699487089579317,2.5751778299890353,COMPLETE,rango,xgboost,,7.0,,,,755.0,,0.007688729181642909,,,0.5705745046883528,1.8622501967967573,2.796662845646158e-07,0.03768413113294071,0.5803256812900937
62,0.814811145134765,,0.5807667025471034,0.7299441763179937,2.692142108307044,COMPLETE,rango,xgboost,,6.0,,,,760.0,,0.007636997917016423,,,0.5689955122999737,1.8371150496327564,8.400078909648153e-08,0.09353347072770006,0.5885509595444838
63,0.4506555367664661,,1.0086241024689417,1.257200661189507,4.70390652890464,COMPLETE,rango,xgboost,,7.0,,,,805.0,,0.006220556678779682,,,0.5932477519838313,3.579492898967356,3.549810118425768e-07,3.1484147621719605,0.5669203947869613
64,0.6319862925858305,,0.8269325397130133,1.028997269845188,3.8656795224953884,COMPLETE,rango,xgboost,,5.0,,,,836.0,,0.005163743578247961,,,0.6149567613969805,1.6670302563992145,1.3799923528823421e-08,1.4582699132265744,0.5747100175529383
65,0.8146643569513816,,0.5748627167818582,0.7302334106669061,2.668097192115953,COMPLETE,rango,xgboost,,7.0,,,,729.0,,0.009353887362526826,,,0.5728098058453012,2.8988810645378047,2.033229216460995e-06,0.02944621334267175,0.6156636571346091
66,0.6109882147137085,,0.9089963007052234,1.0579462518141676,4.2229807828245685,COMPLETE,rango,xgboost,,5.0,,,,875.0,,0.007231782735929029,,,0.6139354856555008,5.258246168304674,5.8240223799368e-07,0.073409070805932,0.6444516252302195
67,0.8286112346209934,,0.5565817848402728,0.7022203323857067,2.5703444804552533,COMPLETE,rango,xgboost,,6.0,,,,765.0,,0.012083197464717378,,,0.5509682557850549,1.7449119150272756,1.6906379725201416e-07,0.006416033432163017,0.6557543831836475
68,0.34968958776675874,,1.1691299579259038,1.3678629258580124,5.411931245635528,COMPLETE,rango,xgboost,,7.0,,,,701.0,,0.011538635795407632,,,0.5656711407442606,12.438623945626102,2.1319931018920348e-07,0.005863228169712619,0.9413917769453339
69,0.6298408920652017,,0.8816522438950082,1.0319922713408718,4.094622901287335,COMPLETE,rango,xgboost,,3.0,,,,769.0,,0.0593863843316646,,,0.5550108651877314,4.363281450606477,1.2145535163817548e-07,0.0016400149229955218,0.6526412181522456
70,-0.4420347647679501,,1.8551369339675456,2.0369017916418852,8.329752269979487,COMPLETE,rango,xgboost,,6.0,,,,748.0,,0.018445465423238678,,,0.5811908847809996,19.753932073005004,3.766289899880313e-08,0.009266122082923166,0.6334496721600852
71,0.8240646676115229,,0.5862684426652178,0.7114735477054648,2.678007562811287,COMPLETE,rango,xgboost,,6.0,,,,650.0,,0.11015338089881467,,,0.5870529788558445,1.7005839350668688,1.4036780131774387e-05,0.020023429692430563,0.6802769507147225
72,0.8540731862355025,,0.49141901697005735,0.6479623545913386,2.2631347312713253,COMPLETE,rango,xgboost,,6.0,,,,707.0,,0.10394174695773986,,,0.5709350631695265,1.552738124267896,2.129621545529652e-05,0.016604118990686104,0.6051306553953714
73,0.7966480770514408,,0.602393619459061,0.7649030042868977,2.7769446869194843,COMPLETE,rango,xgboost,,5.0,,,,654.0,,0.12140704611661196,,,0.5699070765415762,2.676843367144884,1.0976996789837624e-05,0.0029544916290400168,0.601990974829868
74,0.8301265373118453,,0.5598949754394272,0.6991091635426251,2.569636189427886,COMPLETE,rango,xgboost,,6.0,,,,705.0,,0.11377013862576474,,,0.6056176101784968,1.0047434124262362,0.0001835432739464519,0.02369296950323961,0.6727220691675219
75,0.8411895684770619,,0.5461106348056769,0.6759611526181577,2.505046661436774,COMPLETE,rango,xgboost,,7.0,,,,711.0,,0.09761940309988669,,,0.551383926260563,1.4618286108974439,0.00015713313350244662,0.01742587196204366,0.6694059086417732
76,0.7447143722294118,,0.6995020991380576,0.8570287825573513,3.241554073379572,COMPLETE,rango,xgboost,,7.0,,,,707.0,,0.09547633830038804,,,0.55120036753132,3.3860088363431404,6.087320565397011e-05,0.06160980836218239,0.6661120041619835
77,0.8051587916238971,,0.5972562763658226,0.7487255130196527,2.737567094276465,COMPLETE,rango,xgboost,,8.0,,,,774.0,,0.18052542879420883,,,0.5687224164909693,1.0022779168595104,0.00011800765203609314,0.2475499201970871,0.7022440970030994
78,0.7397734097738935,,0.7075783569971626,0.8652827791774879,3.244599089593578,COMPLETE,rango,xgboost,,7.0,,,,728.0,,0.13661080513589993,,,0.6259834530621395,2.3233198367251773,0.00017258097901315028,0.1040529847407448,0.632532903374135
79,0.7849801747001888,,0.6014534895067434,0.7865412014612908,2.793795096978223,COMPLETE,rango,xgboost,,7.0,,,,830.0,,0.08348180436285998,,,0.6093668885431212,1.5368832655797702,0.0006056251828250332,0.035508560449821785,0.5667877777963667
0,-187.77595491092416,0.041858227295469716,8.656411160743572,8.711007136305126,32.24176742365606,COMPLETE,total,ridge,,,,,,,,,,,,,,,
1,-33.28189099425209,451.85609510240965,3.6712936786642065,3.7121662373771867,15.102261637764258,COMPLETE,total,ridge,,,,,,,,,,,,,,,
2,-0.2885294881604641,13.3032451015229,0.5709821392701601,0.7196846048565672,2.5600666384221626,COMPLETE,total,ridge,,,,,,,,,,,,,,,
3,-11.99775599878245,1.55099139875943,2.1564410069711997,2.2857525954162137,9.143600097709086,COMPLETE,total,ridge,,,,,,,,,,,,,,,
4,-207.73961135549754,0.0012363188277052211,9.109164168036749,9.160042040615137,33.644339682203125,COMPLETE,total,ridge,,,,,,,,,,,,,,,
5,-207.7398530152233,0.0012358382772306934,9.109169522319654,9.160047342945136,33.64435613340036,COMPLETE,total,ridge,,,,,,,,,,,,,,,
6,-208.23316003174517,0.00025502648504032837,9.120093445800121,9.170864752709422,33.677913621299446,COMPLETE,total,ridge,,,,,,,,,,,,,,,
7,-9.832473360051354,115.67327199145953,2.0326124037032596,2.0866943803646856,8.663035458849379,COMPLETE,total,ridge,,,,,,,,,,,,,,,
8,-10.97340138915857,1.6136341713591311,2.0602085310512486,2.1938342001859277,8.75346845008525,COMPLETE,total,ridge,,,,,,,,,,,,,,,
9,-0.34593721147226053,9.047071957568372,0.5963331305420662,0.7355419246109647,2.6762102615736656,COMPLETE,total,ridge,,,,,,,,,,,,,,,
10,-199.56234216165163,0.01759269290177328,8.926305335424201,8.978829565866054,33.080642048158175,COMPLETE,total,ridge,,,,,,,,,,,,,,,
11,0.21519791055717807,21.960517556813034,0.5058644891975094,0.5616620838716976,2.255567389978929,COMPLETE,total,ridge,,,,,,,,,,,,,,,
12,-9.485280628260815,113.02764716835573,1.9981612396871575,2.052981618189779,8.522766004836756,COMPLETE,total,ridge,,,,,,,,,,,,,,,
13,-0.22750457124529722,14.3894261149651,0.5583675965335798,0.7024357242786596,2.5020272814025386,COMPLETE,total,ridge,,,,,,,,,,,,,,,
14,-0.018577206585093764,17.645874545686592,0.5194603562326569,0.6398703821736362,2.32291741594448,COMPLETE,total,ridge,,,,,,,,,,,,,,,
15,-173.08398425010853,0.07404328350309963,8.30830578617386,8.365163629315013,31.147450826562267,COMPLETE,total,ridge,,,,,,,,,,,,,,,
16,-45.646356674003414,0.7007346328887591,4.247254191306809,4.330159522399677,17.241083203802898,COMPLETE,total,ridge,,,,,,,,,,,,,,,
17,-37.88620479014905,618.155331427154,3.912783476172891,3.9536007562697617,16.01422762921705,COMPLETE,total,ridge,,,,,,,,,,,,,,,
18,0.17610874789859554,34.67822756985271,0.47653027733138015,0.5754796588075104,2.1101911181747326,COMPLETE,total,ridge,,,,,,,,,,,,,,,
19,-1.1926146101342794,3.206189270127587,0.7571427099431679,0.9388067066345105,3.3154443899051302,COMPLETE,total,ridge,,,,,,,,,,,,,,,
20,-3.484423857113982,69.44324926302441,1.2590206952103866,1.342605304794577,5.462059125041541,COMPLETE,total,ridge,,,,,,,,,,,,,,,
21,0.14524760989710916,35.334644141333435,0.47533031368654655,0.5861586706045585,2.104294553423972,COMPLETE,total,ridge,,,,,,,,,,,,,,,
22,-120.44201684783096,0.222431526133539,6.922751343797846,6.986819395841075,26.647428910621567,COMPLETE,total,ridge,,,,,,,,,,,,,,,
23,-0.09767184818432062,39.4090276031539,0.5033055508194403,0.6642495894527292,2.2221548861862197,COMPLETE,total,ridge,,,,,,,,,,,,,,,
24,-19.34345037585804,202.86659345470113,2.81567306641705,2.8596134993520983,11.795936154462224,COMPLETE,total,ridge,,,,,,,,,,,,,,,
25,-2.0500026756409824,2.828205613014168,0.8721379512744262,1.1072486049930172,3.800740125135276,COMPLETE,total,ridge,,,,,,,,,,,,,,,
26,-41.730447416680505,840.777229254154,4.103466329790877,4.144419913039795,16.727903626562313,COMPLETE,total,ridge,,,,,,,,,,,,,,,
27,0.3241446857956265,29.73360624358965,0.48643294932898645,0.5212209915878082,2.159057661382235,COMPLETE,total,ridge,,,,,,,,,,,,,,,
28,-108.22835760743845,0.268935872953632,6.560271343947157,6.626172433578912,25.43034578359991,COMPLETE,total,ridge,,,,,,,,,,,,,,,
29,-0.3751965852443502,3.946592783273939,0.6417961807865448,0.74349392493967,2.8399318298394856,COMPLETE,total,ridge,,,,,,,,,,,,,,,
30,-25.492315695098764,285.1324658878474,3.2214686798760503,3.2632849081378597,13.378854984229793,COMPLETE,total,ridge,,,,,,,,,,,,,,,
31,0.1908739159638937,34.34397723110658,0.4771509164506161,0.5702996861295211,2.1132432387529447,COMPLETE,total,ridge,,,,,,,,,,,,,,,
32,-0.7022087953725817,46.56501077649644,0.6743586438096975,0.8271827073822837,2.969304645052893,COMPLETE,total,ridge,,,,,,,,,,,,,,,
33,-0.0696720343405357,5.466714667177825,0.5819561205363453,0.6557229023442536,2.5994579337046306,COMPLETE,total,ridge,,,,,,,,,,,,,,,
34,0.3022130558961095,30.95470067520838,0.48383580134800513,0.5296103347747153,2.146209659346243,COMPLETE,total,ridge,,,,,,,,,,,,,,,
35,-21.37545465449052,226.95369331148427,2.9559930571252973,2.9990310760512404,12.346365497806728,COMPLETE,total,ridge,,,,,,,,,,,,,,,
36,-47.716042851986025,0.6760807502482785,4.343330059326216,4.425180944000378,17.596586944558364,COMPLETE,total,ridge,,,,,,,,,,,,,,,
37,-0.017056759310770442,17.669765049425646,0.5193779241622837,0.6393926311963766,2.3225111871909476,COMPLETE,total,ridge,,,,,,,,,,,,,,,
38,-0.26261147238555527,7.72360481293756,0.5885632839725469,0.7124098199158867,2.6395470443276405,COMPLETE,total,ridge,,,,,,,,,,,,,,,
39,-203.58905275578812,0.009508374156265638,9.016776321698728,9.06851607999121,33.36000200888963,COMPLETE,total,ridge,,,,,,,,,,,,,,,
40,-7.6156716099040285,99.15307512868114,1.8011962229147198,1.8609709777601628,7.716779853014989,COMPLETE,total,ridge,,,,,,,,,,,,,,,
41,0.3248431166301564,25.879424303801358,0.4953836610373881,0.5209516063345769,2.2034617723598813,COMPLETE,total,ridge,,,,,,,,,,,,,,,
42,0.1953942492406503,21.503198805228475,0.5071935532457452,0.5687044123307764,2.262171808444173,COMPLETE,total,ridge,,,,,,,,,,,,,,,
43,-11.95851065464982,1.553281967106247,2.152832322179624,2.2822991930200627,9.128999224725286,COMPLETE,total,ridge,,,,,,,,,,,,,,,
44,-0.1897343209454343,15.001782492986523,0.5506825234993524,0.6915443328761258,2.4666989611801085,COMPLETE,total,ridge,,,,,,,,,,,,,,,
45,-9.260289510966953,111.32605859373008,1.9755110817657915,2.0308359339015407,8.430430864936024,COMPLETE,total,ridge,,,,,,,,,,,,,,,
46,-0.32535692183881904,8.621631840340632,0.5951035428037473,0.729896795446327,2.670321780188674,COMPLETE,total,ridge,,,,,,,,,,,,,,,
47,-35.83333710749498,0.8398402666875419,3.75870184193612,3.8478272462679595,15.411528467264688,COMPLETE,total,ridge,,,,,,,,,,,,,,,
48,-32.9317318796812,441.9472806974466,3.652270447607099,3.6931593351007415,15.030032207113836,COMPLETE,total,ridge,,,,,,,,,,,,,,,
49,-3.639034914507808,70.57595690679074,1.2835341467244892,1.3655539165839914,5.565165735338595,COMPLETE,total,ridge,,,,,,,,,,,,,,,
50,0.17126461335801502,20.983804419068814,0.5087327503956013,0.5771689686891219,2.269817140187362,COMPLETE,total,ridge,,,,,,,,,,,,,,,
51,0.26684914927031556,32.29310743189793,0.481107643842235,0.5428648258209867,2.132736478765657,COMPLETE,total,ridge,,,,,,,,,,,,,,,
52,-17.370177401785472,181.74310017883062,2.6723061940888004,2.7173883351842836,11.230160559412571,COMPLETE,total,ridge,,,,,,,,,,,,,,,
53,-0.3650841438538295,9.651964765329465,0.5964271429178319,0.7407552577275714,2.6768829119556163,COMPLETE,total,ridge,,,,,,,,,,,,,,,
54,0.24376045783927647,22.686757147532855,0.5038024245971796,0.5513466277519489,2.2453168247817135,COMPLETE,total,ridge,,,,,,,,,,,,,,,
55,-2.3816693526028265,61.134296316876885,1.0675282143488019,1.1658981211261894,4.652756037984091,COMPLETE,total,ridge,,,,,,,,,,,,,,,
56,-4.817035214356312,2.2082195757133896,1.346784330787587,1.5291351731734661,5.810348018540288,COMPLETE,total,ridge,,,,,,,,,,,,,,,
57,-0.06802152247725579,5.400955382766388,0.5825270133412767,0.6552168143995856,2.601463950070186,COMPLETE,total,ridge,,,,,,,,,,,,,,,
58,-208.30139621980095,0.00011937800715915961,9.121603555097991,9.172360055459434,33.68255152820725,COMPLETE,total,ridge,,,,,,,,,,,,,,,
59,0.3291900228327287,29.327193790836454,0.4873213493904102,0.5192718600638989,2.163456964466119,COMPLETE,total,ridge,,,,,,,,,,,,,,,
60,-33.38594552086585,454.86009668594465,3.676927590356914,3.7177956677761275,15.123642094324468,COMPLETE,total,ridge,,,,,,,,,,,,,,,
61,0.3370597922669024,28.227216473715156,0.4897887560293241,0.5162168919176752,2.175685960732368,COMPLETE,total,ridge,,,,,,,,,,,,,,,
62,-14.149121642650929,151.12625613842178,2.4199314117873314,2.4676795273149885,10.225767605321316,COMPLETE,total,ridge,,,,,,,,,,,,,,,
63,0.3358816228075582,28.50425588328824,0.4891584815879983,0.5166753955593061,2.1725607943089713,COMPLETE,total,ridge,,,,,,,,,,,,,,,
64,-3.77056757559886,71.53538549310454,1.3040176867978222,1.384777688732755,5.651236490770061,COMPLETE,total,ridge,,,,,,,,,,,,,,,
65,0.2594808817241887,32.52730793741708,0.4806424442104831,0.5455859393476625,2.130441604225389,COMPLETE,total,ridge,,,,,,,,,,,,,,,
66,-0.3690288905263166,11.028298279462836,0.5910410091870014,0.7418247829542542,2.652354973457344,COMPLETE,total,ridge,,,,,,,,,,,,,,,
67,-207.75244787569142,0.001210792978274932,9.10944857375277,9.160323686384762,33.64521352303648,COMPLETE,total,ridge,,,,,,,,,,,,,,,
68,-0.24049262534405735,4.209153081796248,0.6093768618972663,0.7061421328809943,2.704848218336335,COMPLETE,total,ridge,,,,,,,,,,,,,,,
69,-0.2930835239674605,41.99809287609188,0.5605573518661279,0.7209552698725076,2.473921679080971,COMPLETE,total,ridge,,,,,,,,,,,,,,,
70,-141.52061138181554,0.15487567162499155,7.507745263849711,7.5689192159821275,28.576227492977097,COMPLETE,total,ridge,,,,,,,,,,,,,,,
