number,value,params_alpha,user_attrs_mae_valid,user_attrs_rmse_valid,user_attrs_smape_valid,state,nivel,familia,params_l1_ratio,params_max_depth,params_max_features,params_min_samples_leaf,params_min_samples_split,params_n_estimators,params_l2_regularization,params_learning_rate,params_max_iter,params_max_leaf_nodes,params_colsample_bytree,params_min_child_weight,params_reg_alpha,params_reg_lambda,params_subsample
36,0.719433716091952,,1.2335558278446386,1.9560258523214726,7.265121746178141,COMPLETE,banco_rango,extra_trees,,6.0,0.6760135756775472,2.0,14.0,747.0,,,,,,,,,
37,0.7011440818080749,,1.2549803750619604,2.0187743623392396,7.342485846534891,COMPLETE,banco_rango,extra_trees,,9.0,0.7897943075195862,6.0,11.0,938.0,,,,,,,,,
38,0.7141448062067637,,1.2314488524822873,1.9743761408385914,7.254472360548466,COMPLETE,banco_rango,extra_trees,,6.0,0.9090265553362843,4.0,16.0,802.0,,,,,,,,,
39,0.6524010681625594,,1.2951154291551144,2.177188677357846,7.5292372918159405,COMPLETE,banco_rango,extra_trees,,10.0,0.6096782070072833,8.0,20.0,653.0,,,,,,,,,
40,0.6023306851496535,,1.395871244017523,2.3287233131997684,8.1528370966536,COMPLETE,banco_rango,extra_trees,,3.0,0.7409278220897713,1.0,15.0,695.0,,,,,,,,,
41,0.73303383927168,,1.2333564422911425,1.9080289436956483,7.237291164063866,COMPLETE,banco_rango,extra_trees,,8.0,0.7087325982469985,2.0,12.0,875.0,,,,,,,,,
42,0.7302398973731965,,1.2242800398875662,1.9179872222604804,7.199085600211595,COMPLETE,banco_rango,extra_trees,,7.0,0.6690443955657798,2.0,12.0,863.0,,,,,,,,,
43,0.718378939506533,,1.2414844799574625,1.9596991996278426,7.279827114453939,COMPLETE,banco_rango,extra_trees,,8.0,0.7328036536604239,3.0,10.0,818.0,,,,,,,,,
44,0.7273449348451964,,1.2348238492198813,1.928251311823823,7.255086032434475,COMPLETE,banco_rango,extra_trees,,7.0,0.6483508904518615,1.0,14.0,250.0,,,,,,,,,
45,0.7008769278749153,,1.2656990887603192,2.019676474366755,7.445279518263383,COMPLETE,banco_rango,extra_trees,,5.0,0.5122730856627445,2.0,12.0,948.0,,,,,,,,,
46,0.7240240985438455,,1.2491978458948911,1.9399584609636353,7.304689042880323,COMPLETE,banco_rango,extra_trees,,10.0,0.7603198693385045,3.0,15.0,869.0,,,,,,,,,
47,0.7045724418504926,,1.2680152573194101,2.0071616610078284,7.363296961862878,COMPLETE,banco_rango,extra_trees,,11.0,0.8433933188567846,1.0,6.0,734.0,,,,,,,,,
48,0.6987818843243438,,1.2537908685943673,2.0267369913002256,7.336480217713477,COMPLETE,banco_rango,extra_trees,,9.0,0.7925334608617504,4.0,17.0,941.0,,,,,,,,,
49,0.7001269235010429,,1.252030118244863,2.022206900818723,7.337804878322116,COMPLETE,banco_rango,extra_trees,,7.0,0.6239275907435406,3.0,10.0,814.0,,,,,,,,,
50,0.7370812776945153,,1.24713848413243,1.8935100172423094,7.282454383878409,COMPLETE,banco_rango,extra_trees,,13.0,0.9916213810745589,2.0,19.0,552.0,,,,,,,,,
51,0.7372701924371443,,1.2463376945666182,1.8928296240125302,7.278458031126854,COMPLETE,banco_rango,extra_trees,,13.0,0.9958765096778435,2.0,21.0,558.0,,,,,,,,,
52,0.715730432587024,,1.2692088892172466,1.9688926366002408,7.385257940389561,COMPLETE,banco_rango,extra_trees,,13.0,0.9887457146351861,1.0,22.0,559.0,,,,,,,,,
53,0.7313637094507073,,1.2584640650948946,1.913987915536022,7.345077996366513,COMPLETE,banco_rango,extra_trees,,13.0,0.9449165097465023,3.0,21.0,521.0,,,,,,,,,
54,0.7378903174343071,,1.2559989024619722,1.8905944676294033,7.319693124573165,COMPLETE,banco_rango,extra_trees,,14.0,0.9694630020687556,2.0,19.0,462.0,,,,,,,,,
55,0.7185172193132368,,1.2849356097558984,1.9592180209496939,7.454351296734976,COMPLETE,banco_rango,extra_trees,,14.0,0.9473942690522053,1.0,19.0,439.0,,,,,,,,,
56,0.5905941337216617,,1.3545560183006242,2.362837643000592,7.799106120809704,COMPLETE,banco_rango,extra_trees,,14.0,0.9066249994803388,10.0,21.0,468.0,,,,,,,,,
57,0.7304870758455915,,1.258855905019793,1.9171083046653608,7.34330542562473,COMPLETE,banco_rango,extra_trees,,18.0,0.9995149414818256,3.0,21.0,538.0,,,,,,,,,
58,0.7099815496283151,,1.2658404795254845,1.9887017885024982,7.386109673289511,COMPLETE,banco_rango,extra_trees,,13.0,0.9663189971385338,5.0,19.0,486.0,,,,,,,,,
59,0.7055505458560529,,1.2622028412902873,2.0038362425471545,7.378389372314864,COMPLETE,banco_rango,extra_trees,,17.0,0.3526450010722935,2.0,24.0,594.0,,,,,,,,,
60,0.7372822869515575,,1.2428485808700873,1.8927860562140184,7.264505036227238,COMPLETE,banco_rango,extra_trees,,15.0,0.9656744352688595,3.0,19.0,397.0,,,,,,,,,
61,0.7257414469622778,,1.262717009986008,1.933913035023431,7.362605800799436,COMPLETE,banco_rango,extra_trees,,15.0,0.8852893929699255,2.0,23.0,374.0,,,,,,,,,
62,0.7340322430562372,,1.2412750988188257,1.9044577650071401,7.260268062453706,COMPLETE,banco_rango,extra_trees,,12.0,0.9696155290746078,3.0,19.0,319.0,,,,,,,,,
63,0.7352366241051925,,1.248204863200265,1.9001408970648304,7.286688596093195,COMPLETE,banco_rango,extra_trees,,12.0,0.9697547408893432,3.0,18.0,318.0,,,,,,,,,
64,0.7246801766234017,,1.2498130096685436,1.9376511552324158,7.301695155382664,COMPLETE,banco_rango,extra_trees,,12.0,0.963243207053227,3.0,18.0,302.0,,,,,,,,,
65,0.7033654105300777,,1.2792885626052142,2.0112578215488788,7.45308998874174,COMPLETE,banco_rango,extra_trees,,16.0,0.9274699046472099,4.0,20.0,342.0,,,,,,,,,
66,0.7128224753068086,,1.2517892780661197,1.978937482234669,7.324507305928786,COMPLETE,banco_rango,extra_trees,,14.0,0.9718980443806851,4.0,19.0,258.0,,,,,,,,,
67,0.7238967296061016,,1.2527316751475726,1.9404060760349096,7.3252099618410575,COMPLETE,banco_rango,extra_trees,,15.0,0.8898195611307927,3.0,22.0,383.0,,,,,,,,,
68,0.7120361847051889,,1.2576988122297477,1.9816447907315355,7.353876132389992,COMPLETE,banco_rango,extra_trees,,12.0,0.9848801132381845,5.0,18.0,424.0,,,,,,,,,
69,0.7270029112813294,,1.2664626111059232,1.9294603498631075,7.385218045183735,COMPLETE,banco_rango,extra_trees,,13.0,0.9416314391033973,3.0,23.0,321.0,,,,,,,,,
70,0.7172681461473147,,1.2728496979309905,1.963560200961051,7.405366004715738,COMPLETE,banco_rango,extra_trees,,14.0,0.9234530191368961,1.0,21.0,209.0,,,,,,,,,
71,0.7356060795684212,,1.2480326276413798,1.8988146892654425,7.288686408006212,COMPLETE,banco_rango,extra_trees,,13.0,0.9552805790868414,2.0,19.0,354.0,,,,,,,,,
72,0.7248870009218547,,1.255640897424255,1.9369232224828876,7.330775929443903,COMPLETE,banco_rango,extra_trees,,13.0,0.9608250952261974,2.0,20.0,259.0,,,,,,,,,
73,0.7299279472882636,,1.2547212739498788,1.919095880282999,7.32120554679537,COMPLETE,banco_rango,extra_trees,,15.0,0.9912523047913306,3.0,19.0,355.0,,,,,,,,,
74,0.7351534768019743,,1.2490585737842084,1.9004392374011176,7.295637813894447,COMPLETE,banco_rango,extra_trees,,12.0,0.9592439201345826,2.0,18.0,465.0,,,,,,,,,
75,0.7131512841755776,,1.260687714010596,1.9778042484316132,7.359634204414912,COMPLETE,banco_rango,extra_trees,,12.0,0.9581815907359945,4.0,18.0,459.0,,,,,,,,,
76,0.7339504909156871,,1.2577621784930066,1.9047504349502704,7.329126737316657,COMPLETE,banco_rango,extra_trees,,12.0,0.9995707377572819,2.0,19.0,405.0,,,,,,,,,
77,0.7240405599257803,,1.2636613727188117,1.9399006028803496,7.35331079359378,COMPLETE,banco_rango,extra_trees,,13.0,0.8868832830859152,1.0,17.0,294.0,,,,,,,,,
78,0.7201542227712951,,1.263999678036173,1.9535126571490298,7.37896906014878,COMPLETE,banco_rango,extra_trees,,14.0,0.9213580394146601,3.0,20.0,367.0,,,,,,,,,
79,0.7436636344473965,,1.249318670492926,1.869657093865124,7.28447144019401,COMPLETE,banco_rango,extra_trees,,16.0,0.9834502381978351,2.0,16.0,516.0,,,,,,,,,
0,0.646707820704326,,1.4025337193156966,2.194946111777747,8.014243662092028,COMPLETE,banco_rango,hist_gradient_boosting,,,,32.0,,,1.2363188277052228e-05,0.021642251106469404,671.0,49.0,,,,,
1,0.45175518939208803,,1.659769675496977,2.734287110879227,9.359364270673202,COMPLETE,banco_rango,hist_gradient_boosting,,,,32.0,,,0.090470719575684,0.009204496040276266,134.0,57.0,,,,,
2,0.7138530134868184,,1.2729009305792705,1.9753835768640275,7.363836175243772,COMPLETE,banco_rango,hist_gradient_boosting,,,,14.0,,,1.8740223688836324e-05,0.005419290634672375,682.0,55.0,,,,,
3,0.6380412936018484,,1.3385606196542876,2.221704855527003,7.6946930028909275,COMPLETE,banco_rango,hist_gradient_boosting,,,,24.0,,,0.00010929592787219404,0.01024634005770867,282.0,37.0,,,,,
4,0.6515378764696154,,1.3212289980176286,2.179890305182164,7.623740983120721,COMPLETE,banco_rango,hist_gradient_boosting,,,,21.0,,,0.0015577217702693043,0.05476331374316277,183.0,24.0,,,,,
5,0.6490281767383576,,1.441402893194855,2.1877262426635564,8.1907090895202,COMPLETE,banco_rango,hist_gradient_boosting,,,,32.0,,,2.1142332035497158e-06,0.10788483727948411,220.0,37.0,,,,,
6,0.6727099290482919,,1.2679959369036857,2.1126291388757363,7.406050657837378,COMPLETE,banco_rango,hist_gradient_boosting,,,,48.0,,,5.746775499181867,0.053848112391315636,202.0,11.0,,,,,
7,0.6555417435924565,,1.311425537568124,2.1673305361273734,7.622833365787746,COMPLETE,banco_rango,hist_gradient_boosting,,,,36.0,,,0.0012052231254145623,0.11814432092118202,283.0,13.0,,,,,
8,0.6309236577710416,,1.2890325938970622,2.2434425591553784,7.4881743015567075,COMPLETE,banco_rango,hist_gradient_boosting,,,,46.0,,,6.478282331897332e-05,0.008059522363804595,397.0,9.0,,,,,
9,0.6423811992397284,,1.423600222875231,2.208345505639154,8.10114777409265,COMPLETE,banco_rango,hist_gradient_boosting,,,,30.0,,,1.967801053211497e-05,0.0667690954439529,287.0,37.0,,,,,
10,0.7528256438048332,,1.3437233904597872,1.8359403055730976,7.502844385571902,COMPLETE,banco_rango,hist_gradient_boosting,,,,6.0,,,0.036565023379591846,0.022639291620412304,660.0,63.0,,,,,
11,0.7648637039747304,,1.3046434896143813,1.790674655495089,7.317164120268046,COMPLETE,banco_rango,hist_gradient_boosting,,,,6.0,,,0.1475158931424759,0.022687615652227402,691.0,63.0,,,,,
12,0.7596430193864611,,1.3198160817566782,1.8104445186283775,7.389809542118265,COMPLETE,banco_rango,hist_gradient_boosting,,,,6.0,,,0.14174738765779735,0.02256508822740643,566.0,63.0,,,,,
13,0.7570047614748832,,1.322520929358837,1.8203534965497878,7.352254467092169,COMPLETE,banco_rango,hist_gradient_boosting,,,,5.0,,,1.331411893520304,0.026059578182190117,544.0,64.0,,,,,
14,0.7108195369187047,,1.3097596255146169,1.985826605258153,7.517061270855424,COMPLETE,banco_rango,hist_gradient_boosting,,,,14.0,,,0.1391770417912225,0.014092757085875646,515.0,47.0,,,,,
15,0.7103873743574217,,1.3320618860784368,1.9873098996521728,7.644411460157459,COMPLETE,banco_rango,hist_gradient_boosting,,,,12.0,,,0.012187307474447075,0.21860300184408024,563.0,47.0,,,,,
16,0.6622074371846494,,1.3748073053985133,2.1462578281848756,7.849244153235057,COMPLETE,banco_rango,hist_gradient_boosting,,,,19.0,,,0.8088364455093929,0.035990754182065994,453.0,55.0,,,,,
17,0.7813347327479485,,1.2495409835386218,1.7268187399378514,7.1017065440762375,COMPLETE,banco_rango,hist_gradient_boosting,,,,9.0,,,0.4728327623394461,0.016815661384254648,618.0,25.0,,,,,
18,0.7177764046664525,,1.2905339114251513,1.9617944906123943,7.462263233308984,COMPLETE,banco_rango,hist_gradient_boosting,,,,10.0,,,1.7783714732221927,0.01609833084908314,621.0,26.0,,,,,
19,0.6749270303801231,,1.3174066888097982,2.1054613806402895,7.6076036667847955,COMPLETE,banco_rango,hist_gradient_boosting,,,,17.0,,,0.012924633002357995,0.03952545646791604,443.0,27.0,,,,,
20,0.6691570363200166,,1.2642449635443258,2.124064995047205,7.3556646288252,COMPLETE,banco_rango,hist_gradient_boosting,,,,39.0,,,0.41101674014475686,0.014204680611021026,615.0,17.0,,,,,
21,0.772598878524486,,1.2767290957800679,1.7609748421897435,7.249151172228791,COMPLETE,banco_rango,hist_gradient_boosting,,,,9.0,,,0.19541924996392923,0.02852360093519039,604.0,43.0,,,,,
22,0.7741375535043122,,1.2786687936185275,1.7550070462655418,7.277747577417154,COMPLETE,banco_rango,hist_gradient_boosting,,,,9.0,,,7.9224809151499835,0.03521956938307156,697.0,31.0,,,,,
23,0.7250924317249621,,1.3261493091524736,1.9361999233252265,7.604269684709895,COMPLETE,banco_rango,hist_gradient_boosting,,,,10.0,,,6.754363510053987,0.03419275757544174,606.0,31.0,,,,,
24,0.7015564258389788,,1.281740275335375,2.0173811878359014,7.394001016439665,COMPLETE,banco_rango,hist_gradient_boosting,,,,17.0,,,8.124729188919865,0.07684888744928284,498.0,20.0,,,,,
25,0.6404753747421591,,1.3865175820881088,2.21422205150744,7.9157448300050115,COMPLETE,banco_rango,hist_gradient_boosting,,,,23.0,,,2.1750687145786562,0.03135994085368207,630.0,42.0,,,,,
26,0.6999825266541819,,1.344380023507289,2.022693715374691,7.697267387778483,COMPLETE,banco_rango,hist_gradient_boosting,,,,10.0,,,0.4708179495089523,0.016818494772375948,370.0,32.0,,,,,
27,0.6591547784485214,,1.3186264246378334,2.155933969207171,7.610648234443072,COMPLETE,banco_rango,hist_gradient_boosting,,,,26.0,,,0.010507228620455548,0.04518549455043819,699.0,41.0,,,,,
28,0.729379423502239,,1.2366215611157263,1.9210437600603048,7.200919081854934,COMPLETE,banco_rango,hist_gradient_boosting,,,,14.0,,,0.04362030179606811,0.010781650779457471,588.0,21.0,,,,,
29,0.7834319460945087,,1.2423723236798119,1.7185178499650953,7.010229246135253,COMPLETE,banco_rango,hist_gradient_boosting,,,,8.0,,,0.33303505591480587,0.029253940060081307,650.0,31.0,,,,,
30,0.6934387633035014,,1.2671787390806766,2.044633490622606,7.3498507305294405,COMPLETE,banco_rango,hist_gradient_boosting,,,,18.0,,,4.440199155642319,0.006197707410396889,651.0,32.0,,,,,
31,0.7677015073197222,,1.289097154855633,1.7798362440378561,7.32211722374371,COMPLETE,banco_rango,hist_gradient_boosting,,,,9.0,,,0.41020326996541456,0.027912728479986496,648.0,29.0,,,,,
32,0.7754532555651612,,1.2802732851816456,1.7498879152020577,7.2203637614777545,COMPLETE,banco_rango,hist_gradient_boosting,,,,8.0,,,2.4141311115493433,0.019036775872850225,507.0,43.0,,,,,
33,0.7194302596650696,,1.2963939329476653,1.9560379008816593,7.462394770428451,COMPLETE,banco_rango,hist_gradient_boosting,,,,13.0,,,2.371883402138444,0.019225819408928885,488.0,34.0,,,,,
34,0.7727723575158896,,1.2996010268117073,1.760303010795593,7.283750618024848,COMPLETE,banco_rango,hist_gradient_boosting,,,,8.0,,,1.2566464315614956,0.012274491599270958,542.0,51.0,,,,,
35,0.7214460371275493,,1.2651689488459479,1.9489985730478228,7.333081681066009,COMPLETE,banco_rango,hist_gradient_boosting,,,,12.0,,,0.04977099413239186,0.007752573000855053,671.0,25.0,,,,,
36,0.6519349489254316,,1.365849079736547,2.178647959085651,7.815741358238999,COMPLETE,banco_rango,hist_gradient_boosting,,,,21.0,,,0.7321425510111528,0.01866475492495449,582.0,40.0,,,,,
37,0.7338191503734109,,1.2418330600801697,1.905220535586917,7.215641078386471,COMPLETE,banco_rango,hist_gradient_boosting,,,,15.0,,,2.991474286580957,0.05158890181907972,105.0,23.0,,,,,
38,0.7768213554327471,,1.2706043433185013,1.7445489843120956,7.18459502565107,COMPLETE,banco_rango,hist_gradient_boosting,,,,7.0,,,0.002376489230056504,0.06951778603120337,455.0,17.0,,,,,
39,0.7767651234210459,,1.263049795166934,1.7447687484400414,7.161677050898044,COMPLETE,banco_rango,hist_gradient_boosting,,,,7.0,,,0.00032468613913304935,0.12492435363186749,351.0,15.0,,,,,
40,0.7537369187144672,,1.3224557432432444,1.8325528360049221,7.44078575033454,COMPLETE,banco_rango,hist_gradient_boosting,,,,5.0,,,0.0004993522921866441,0.13750134455122914,328.0,16.0,,,,,
41,0.7753161879630948,,1.2823947073925126,1.7504219161502654,7.3094734554010845,COMPLETE,banco_rango,hist_gradient_boosting,,,,7.0,,,0.0002894991238654003,0.08728774361895761,440.0,15.0,,,,,
42,0.768980414510539,,1.3040558500726063,1.7749300844325777,7.316267452899377,COMPLETE,banco_rango,hist_gradient_boosting,,,,8.0,,,0.0037187440242976936,0.16712709926936026,364.0,11.0,,,,,
43,0.7357136078740499,,1.270935545330062,1.8984285285518732,7.337967397316265,COMPLETE,banco_rango,hist_gradient_boosting,,,,12.0,,,0.0021875018527830145,0.09017951586221229,411.0,19.0,,,,,
44,0.6950410735613223,,1.4092471342768254,2.0392831251632875,8.118000758550911,COMPLETE,banco_rango,hist_gradient_boosting,,,,11.0,,,7.507554765470767e-05,0.10112721441886595,469.0,8.0,,,,,
45,0.661034660102291,,1.3404467146011614,2.1499803805733624,7.671726263123454,COMPLETE,banco_rango,hist_gradient_boosting,,,,16.0,,,0.0006062052834576462,0.13991657348851522,243.0,23.0,,,,,
46,0.7743071587233719,,1.280197663637017,1.754347985275678,7.249350687047307,COMPLETE,banco_rango,hist_gradient_boosting,,,,5.0,,,0.0001860044112357464,0.04358119606977562,326.0,12.0,,,,,
47,0.6386701615955761,,1.4097443633858215,2.219774018617789,8.036880093928993,COMPLETE,banco_rango,hist_gradient_boosting,,,,43.0,,,0.004859843394110133,0.06714882792794805,526.0,38.0,,,,,
48,0.7800155606117298,,1.2580591353145154,1.732019716437966,7.151106514188543,COMPLETE,banco_rango,hist_gradient_boosting,,,,7.0,,,3.532739513572627e-05,0.06110448056432819,421.0,14.0,,,,,
49,0.7485348586443468,,1.3619780029703192,1.851807103993409,7.687663144309272,COMPLETE,banco_rango,hist_gradient_boosting,,,,7.0,,,4.9433190499482065e-06,0.23971748759454098,386.0,14.0,,,,,
50,0.6581090887064962,,1.2700784798154838,2.1592385652902175,7.390928111962775,COMPLETE,banco_rango,hist_gradient_boosting,,,,29.0,,,2.7827157766896816e-05,0.06351939479407556,327.0,18.0,,,,,
51,0.7927681885006121,,1.2214853452603067,1.6810671520406142,6.962307542442063,COMPLETE,banco_rango,hist_gradient_boosting,,,,7.0,,,4.183929290548135e-05,0.02544047866305633,412.0,10.0,,,,,
52,0.7576419584518362,,1.3260522094560527,1.817965208704298,7.466098373005475,COMPLETE,banco_rango,hist_gradient_boosting,,,,5.0,,,9.26985801993879e-06,0.05338647938113557,416.0,10.0,,,,,
53,0.7991134633609882,,1.1868276056602693,1.655130593161819,6.796457777168316,COMPLETE,banco_rango,hist_gradient_boosting,,,,7.0,,,4.7982961699515456e-05,0.02484287282830866,352.0,13.0,,,,,
54,0.7188545236511624,,1.2422929479780604,1.95804379133691,7.2246112986645805,COMPLETE,banco_rango,hist_gradient_boosting,,,,11.0,,,2.4916791000699328e-05,0.025124781059600646,294.0,13.0,,,,,
55,0.670441356841075,,1.2769991592947898,2.1199382140777248,7.442469400700842,COMPLETE,banco_rango,hist_gradient_boosting,,,,35.0,,,1.0439404577842127e-06,0.02456936099782793,431.0,8.0,,,,,
56,0.7214873289570471,,1.2565006708193,1.9488541114530347,7.2838050724395265,COMPLETE,banco_rango,hist_gradient_boosting,,,,14.0,,,0.00011610870379030508,0.02065590027380958,473.0,22.0,,,,,
57,0.7687048564255305,,1.23043374685614,1.7759883292855934,7.158168162539694,COMPLETE,banco_rango,hist_gradient_boosting,,,,7.0,,,5.616729702928813e-05,0.014119427649212351,170.0,27.0,,,,,
58,0.731419607989767,,1.23219362518996,1.913788771380441,7.176554405840515,COMPLETE,banco_rango,hist_gradient_boosting,,,,11.0,,,1.0473852198916479e-05,0.04112431930771418,390.0,17.0,,,,,
59,0.7905622588477148,,1.19992728546075,1.6899907326214438,6.914835751838952,COMPLETE,banco_rango,hist_gradient_boosting,,,,9.0,,,5.571174703358652e-06,0.0314057671019922,252.0,10.0,,,,,
60,0.7877224522999354,,1.2086098931363092,1.7014096096887332,6.958169388500952,COMPLETE,banco_rango,hist_gradient_boosting,,,,9.0,,,4.207509245712936e-06,0.0313894482463117,251.0,10.0,,,,,
61,0.7934162710692009,,1.1789832860633531,1.6784364665580231,6.836414724899463,COMPLETE,banco_rango,hist_gradient_boosting,,,,9.0,,,3.965997567479285e-06,0.031364891232207835,225.0,10.0,,,,,
62,0.7910591449357126,,1.1975708859214995,1.687984810640617,6.916136605464129,COMPLETE,banco_rango,hist_gradient_boosting,,,,9.0,,,2.7952947095486308e-06,0.03192862883410824,257.0,10.0,,,,,
63,0.7213951534014307,,1.2537255751114544,1.9491765776613843,7.272262097917842,COMPLETE,banco_rango,hist_gradient_boosting,,,,13.0,,,3.752231449928051e-06,0.03031689075702918,242.0,10.0,,,,,
64,0.7240066130358189,,1.2388714798026392,1.940019916731652,7.192495361546585,COMPLETE,banco_rango,hist_gradient_boosting,,,,11.0,,,1.3928473979089071e-06,0.032000709545432014,192.0,12.0,,,,,
65,0.7846050481670002,,1.2316325468193297,1.7138571110233012,7.085074076705087,COMPLETE,banco_rango,hist_gradient_boosting,,,,9.0,,,2.91290559437731e-06,0.03821852638063414,264.0,8.0,,,,,
66,0.7292614327276914,,1.245902256166438,1.9214625026831524,7.242477801741308,COMPLETE,banco_rango,hist_gradient_boosting,,,,10.0,,,2.775337939112192e-06,0.0374545705588205,255.0,8.0,,,,,
67,0.6867314350177895,,1.3075278978654974,2.0668799830559266,7.56113915868656,COMPLETE,banco_rango,hist_gradient_boosting,,,,16.0,,,5.953900431369397e-06,0.04580228686478948,214.0,10.0,,,,,
68,0.7254799181779708,,1.2093631927758726,1.9348348903352874,7.059409339584903,COMPLETE,banco_rango,hist_gradient_boosting,,,,13.0,,,1.7374073728344295e-06,0.022945363860949374,166.0,12.0,,,,,
69,0.6995155470232568,,1.2513500691365944,2.0242672728867843,7.271407513584189,COMPLETE,banco_rango,hist_gradient_boosting,,,,19.0,,,1.335444299680877e-05,0.034911537672416094,272.0,9.0,,,,,
70,0.6699586061944705,,1.257557387627435,2.1214903309152557,7.329040576146693,COMPLETE,banco_rango,hist_gradient_boosting,,,,50.0,,,2.542341303575254e-06,0.026698352557433695,224.0,11.0,,,,,
71,0.791514343828173,,1.2154648073911176,1.686145084836546,6.985176532171152,COMPLETE,banco_rango,hist_gradient_boosting,,,,9.0,,,6.817475368254808e-06,0.02857535400653151,301.0,8.0,,,,,
72,0.7229623437957177,,1.229085457337176,1.9436866538655773,7.180686441914406,COMPLETE,banco_rango,hist_gradient_boosting,,,,10.0,,,7.090864966542281e-06,0.03249033264542081,310.0,13.0,,,,,
73,0.7895324413090619,,1.2160503076493627,1.6941405289779397,7.0125922068510125,COMPLETE,banco_rango,hist_gradient_boosting,,,,9.0,,,1.4757484575615651e-05,0.03895227181023771,269.0,9.0,,,,,
74,0.8038776785806327,,1.1661274727681166,1.635386329383528,6.697181994324097,COMPLETE,banco_rango,hist_gradient_boosting,,,,6.0,,,1.946352575785797e-05,0.02413911771303029,293.0,10.0,,,,,
75,0.8105817395595472,,1.140994387186662,1.6071920385219527,6.560790716002478,COMPLETE,banco_rango,hist_gradient_boosting,,,,6.0,,,1.5962205770879764e-05,0.022493092690803882,295.0,15.0,,,,,
