number,value,params_alpha,user_attrs_mae_valid,user_attrs_rmse_valid,user_attrs_smape_valid,state,nivel,familia,params_l1_ratio,params_max_depth,params_max_features,params_min_samples_leaf,params_min_samples_split,params_n_estimators,params_l2_regularization,params_learning_rate,params_max_iter,params_max_leaf_nodes,params_colsample_bytree,params_min_child_weight,params_reg_alpha,params_reg_lambda,params_subsample
71,0.33618847238315486,28.443118718357866,0.489297051557631,0.5165560192939532,2.173247804430695,COMPLETE,total,ridge,,,,,,,,,,,,,,,
72,-7.0613758796963015,95.13565204130289,1.7384546285439917,1.800112374642578,7.458587442039162,COMPLETE,total,ridge,,,,,,,,,,,,,,,
73,0.3218642838127843,25.674150932225178,0.4958955151584921,0.5220995764254522,2.2060052770112497,COMPLETE,total,ridge,,,,,,,,,,,,,,,
74,-0.20858510882779635,7.128030260526614,0.5805011544666515,0.6970014010748278,2.601847678100099,COMPLETE,total,ridge,,,,,,,,,,,,,,,
75,-0.3465561528185288,11.954618294431665,0.5841807061791133,0.7357110279609066,2.6208199580434073,COMPLETE,total,ridge,,,,,,,,,,,,,,,
76,-27.559207306516996,320.52587397809293,3.3467661211329847,3.3881927286873936,13.862170412778104,COMPLETE,total,ridge,,,,,,,,,,,,,,,
77,-1.7408818351175297,55.996779277873124,0.9378826620733941,1.0496395537844605,4.100914559771427,COMPLETE,total,ridge,,,,,,,,,,,,,,,
78,0.31052388209239046,25.03072203189255,0.4975249586435642,0.5264469882346374,2.214104144476842,COMPLETE,total,ridge,,,,,,,,,,,,,,,
79,-0.14467364202181932,15.704905169298765,0.5414592275579881,0.6783219534092003,2.4243366316414643,COMPLETE,total,ridge,,,,,,,,,,,,,,,
0,-47.53894813827324,0.0074593432857265485,4.383549318389435,4.417130314089561,17.764212065428765,COMPLETE,total,elasticnet,0.9056428757689245,,,,,,,,,,,,,,
1,0.44911941779759024,0.4570563099801455,0.37537330611853886,0.4705694879529343,1.6645493169603394,COMPLETE,total,elasticnet,0.588792635777333,,,,,,,,,,,,,,
2,-130.09517313271283,0.0006026889128682511,7.214820611507018,7.259193655537363,27.62513806105551,COMPLETE,total,elasticnet,0.19039506830258235,,,,,,,,,,,,,,
3,-123.06130295048702,0.00019517224641449495,7.04136574009669,7.0617640168122096,27.053783242013584,COMPLETE,total,elasticnet,0.8295585311974416,,,,,,,,,,,,,,
4,0.4998435561071126,0.10129197956845731,0.39890674808727944,0.4483817894666589,1.7714839799256148,COMPLETE,total,elasticnet,0.6872653200164409,,,,,,,,,,,,,,
5,-227.82881852616148,0.00012674255898937226,9.555339738010062,9.590701864432555,35.00650134566581,COMPLETE,total,elasticnet,0.9229188669457948,,,,,,,,,,,,,,
6,-0.75481273333239,1.452824663751602,0.6871000851738659,0.8398668121186661,3.0233567128182317,COMPLETE,total,elasticnet,0.24110519961044852,,,,,,,,,,,,,,
7,-120.050222196504,0.0008111941985431928,6.932920385716372,6.97553989823123,26.69170203094351,COMPLETE,total,elasticnet,0.21506405886809044,,,,,,,,,,,,,,
8,-56.71094417565802,0.0033205591037519565,4.793405693184989,4.816417452750767,19.260231890526423,COMPLETE,total,elasticnet,0.522280788469014,,,,,,,,,,,,,,
9,-63.38436314951973,0.01444525102276306,5.038637070214857,5.087275223563063,20.140738240323934,COMPLETE,total,elasticnet,0.3121062261782377,,,,,,,,,,,,,,
10,-0.2900445155325466,0.1466347391866951,0.609141842063463,0.7201075759927894,2.7317029911622286,COMPLETE,total,elasticnet,0.6954268723777908,,,,,,,,,,,,,,
11,-0.05383402245548963,0.2941038759592651,0.5227939303670013,0.6508503449182922,2.337882675609342,COMPLETE,total,elasticnet,0.5822453868053145,,,,,,,,,,,,,,
12,-55.64789586357091,7.546857382964185,4.729545473131078,4.771851534802652,19.032151386467703,COMPLETE,total,elasticnet,0.6923504838788028,,,,,,,,,,,,,,
13,0.32414968190739546,0.12337029041570544,0.4445184816222927,0.521219065078474,1.9699347345048313,COMPLETE,total,elasticnet,0.4032076028923692,,,,,,,,,,,,,,
14,-0.4852030757412038,0.8282245617333772,0.60365208223139,0.7726591493290755,2.7134036007969984,COMPLETE,total,elasticnet,0.061859059217006296,,,,,,,,,,,,,,
15,0.1773454257347845,0.0690667850864024,0.47437868329943217,0.5750475931673309,2.095081306212682,COMPLETE,total,elasticnet,0.6774403085060852,,,,,,,,,,,,,,
16,-20.197476102770942,3.181141819691148,2.8763247915717183,2.91902025659399,12.034736836353895,COMPLETE,total,elasticnet,0.4290757298102156,,,,,,,,,,,,,,
17,0.6448115880229462,0.4978011207421547,0.32692764145736203,0.37785434958669795,1.4446887631671963,COMPLETE,total,elasticnet,0.7765052276167822,,,,,,,,,,,,,,
18,0.2430511907915167,0.06112847920145654,0.4606681079776879,0.5516051175065259,2.036584688138284,COMPLETE,total,elasticnet,0.786407001702922,,,,,,,,,,,,,,
19,-6.951667271860236,0.028159458972484237,1.6985647273933757,1.7878213992533234,7.288746171991871,COMPLETE,total,elasticnet,0.7870664442148092,,,,,,,,,,,,,,
20,-11.468952344467986,2.0240249635551524,2.19708133924645,2.238772760697081,9.330508764338724,COMPLETE,total,elasticnet,0.6412287422835237,,,,,,,,,,,,,,
21,0.4523822700630993,0.7216401968118877,0.4230977927893136,0.469173832469792,1.8748706886164268,COMPLETE,total,elasticnet,0.507452134737317,,,,,,,,,,,,,,
22,-0.07233134278766395,0.3204888885341094,0.49493436466552093,0.656537491745185,2.2121826769332875,COMPLETE,total,elasticnet,0.47685441439898696,,,,,,,,,,,,,,
23,-55.64789586357091,6.366060137088433,4.729545473131078,4.771851534802652,19.032151386467703,COMPLETE,total,elasticnet,0.7688053391681984,,,,,,,,,,,,,,
24,0.5408442826390166,0.5389786331366423,0.3891751495206517,0.42961064102809005,1.725880240440132,COMPLETE,total,elasticnet,0.570367851417863,,,,,,,,,,,,,,
25,-0.4675241781915056,0.19451956456250807,0.6726312009546221,0.7680467649500322,3.0206582011389913,COMPLETE,total,elasticnet,0.8549336881900487,,,,,,,,,,,,,,
26,-2.0423122316680615,0.04071812891922138,0.9850881895648715,1.1058517852622027,4.300104551011322,COMPLETE,total,elasticnet,0.5924815361057166,,,,,,,,,,,,,,
27,-1.4978364804398483,1.116592205199284,0.9313244829982246,1.0020214851328424,4.075528910903413,COMPLETE,total,elasticnet,0.7420401507373823,,,,,,,,,,,,,,
28,-30.58663958244682,3.213292591168411,3.5247794233048637,3.5632536944729685,14.544445167131823,COMPLETE,total,elasticnet,0.6394437773077059,,,,,,,,,,,,,,
29,-41.653268154010796,0.008631221064588296,4.104800630115191,4.140675418699207,16.730937126665538,COMPLETE,total,elasticnet,0.8523884270608129,,,,,,,,,,,,,,
30,-18.759488794692373,0.02108377069981044,2.7470472284393153,2.8182718575578596,11.516641292068668,COMPLETE,total,elasticnet,0.9256485637866689,,,,,,,,,,,,,,
31,0.4822226615144535,0.5306241410372767,0.41160924973993157,0.45621183868957305,1.8273790209384566,COMPLETE,total,elasticnet,0.5218770493460431,,,,,,,,,,,,,,
32,0.5200461196994577,0.5078856659327249,0.38209448762230025,0.4392328215802727,1.6942573512680068,COMPLETE,total,elasticnet,0.5805024327495306,,,,,,,,,,,,,,
33,0.36327248354995356,0.0887140710380505,0.4314670087410229,0.505908342299471,1.9114796921231056,COMPLETE,total,elasticnet,0.583976107577182,,,,,,,,,,,,,,
34,-0.2509229485714186,0.23852833098797757,0.6069722365308093,0.709104614503344,2.72067501179484,COMPLETE,total,elasticnet,0.7296057604399429,,,,,,,,,,,,,,
35,0.3525309603749628,0.5509059138141574,0.4588582917844857,0.5101578043121581,2.0423143577428755,COMPLETE,total,elasticnet,0.39733306381596056,,,,,,,,,,,,,,
36,-15.443421955825663,2.3033069743070635,2.5314536194816974,2.5709352110494432,10.671308065097422,COMPLETE,total,elasticnet,0.6281258505255457,,,,,,,,,,,,,,
37,-50.860520193208686,0.003184221939754004,4.544864019492909,4.565764068456276,18.354007730990975,COMPLETE,total,elasticnet,0.5467234195272035,,,,,,,,,,,,,,
38,0.09522988279919231,0.38339524425182864,0.43493753695638127,0.6030650439354983,1.9380119751653566,COMPLETE,total,elasticnet,0.452933862017341,,,,,,,,,,,,,,
39,-2.3318301777889623,1.1952386444149932,1.0983880664721308,1.1572747041319853,4.7855483159344265,COMPLETE,total,elasticnet,0.8236848876759962,,,,,,,,,,,,,,
40,0.11276341380837795,0.11907911978841497,0.49391381446300225,0.5971930607701402,2.1830228807946455,COMPLETE,total,elasticnet,0.3573950854419431,,,,,,,,,,,,,,
41,0.5359533777566297,0.6629578579949019,0.3985851970296596,0.4318926761597201,1.7665317352414684,COMPLETE,total,elasticnet,0.5623107635392719,,,,,,,,,,,,,,
42,-0.45398047163421573,0.21403036570078315,0.6648902198342265,0.7644944174322408,2.9879426212647933,COMPLETE,total,elasticnet,0.5654609809632107,,,,,,,,,,,,,,
43,0.5482942260511234,0.4745692557279043,0.3552787442671139,0.42611110500317345,1.5732630487560189,COMPLETE,total,elasticnet,0.6618275467568369,,,,,,,,,,,,,,
44,-41.703856145941764,4.002290435449368,4.103100392991378,4.143130170605067,16.726561624034954,COMPLETE,total,elasticnet,0.6130011526761973,,,,,,,,,,,,,,
45,-3.221217002295398,1.3376093868870897,1.2422090485354467,1.3026083896663394,5.39309954186796,COMPLETE,total,elasticnet,0.6721950312639717,,,,,,,,,,,,,,
46,0.4187356209270914,0.4694951445288783,0.39930022223487427,0.48337244148028913,1.7730165680485572,COMPLETE,total,elasticnet,0.542638008333929,,,,,,,,,,,,,,
47,-0.14451601809082915,0.9098395713869887,0.5859595632718614,0.6782752486324544,2.588582024908609,COMPLETE,total,elasticnet,0.7147655356259948,,,,,,,,,,,,,,
48,-12.274987531625596,1.8580095512700157,2.270858085645372,2.3100005992332835,9.626799126441203,COMPLETE,total,elasticnet,0.8878803414743301,,,,,,,,,,,,,,
49,0.36157864770348525,0.17008125994489923,0.3954664571493023,0.5065808093414643,1.757828957729737,COMPLETE,total,elasticnet,0.48456378181525306,,,,,,,,,,,,,,
50,-55.64789586357091,5.394034878758185,4.729545473131078,4.771851534802652,19.032151386467703,COMPLETE,total,elasticnet,0.6625945044751618,,,,,,,,,,,,,,
51,0.10906967515042088,0.32757826179236604,0.4607294782535849,0.598434885117743,2.0550427682094914,COMPLETE,total,elasticnet,0.6127039677308701,,,,,,,,,,,,,,
52,0.5598949287960107,0.6957117117123855,0.3404500605302516,0.42060382517126416,1.506080037286108,COMPLETE,total,elasticnet,0.7037974882061996,,,,,,,,,,,,,,
53,0.5778970737655436,0.6907007158077849,0.33177689201008853,0.4119117808005657,1.4679901949434093,COMPLETE,total,elasticnet,0.7588221816167676,,,,,,,,,,,,,,
54,-55.64789586357091,9.557582392938084,4.729545473131078,4.771851534802652,19.032151386467703,COMPLETE,total,elasticnet,0.7666790361387027,,,,,,,,,,,,,,
55,0.2507574860866706,0.8079170431062436,0.47591529588053066,0.5487900615577068,2.1070308634110435,COMPLETE,total,elasticnet,0.8135981432883581,,,,,,,,,,,,,,
56,-9.325948591963867,1.810751841480509,1.995217209108791,2.0373235761010076,8.51141155069024,COMPLETE,total,elasticnet,0.7047835364105742,,,,,,,,,,,,,,
57,0.6325889555137367,0.6519989718478023,0.3160006493608834,0.38430066433368476,1.3974464505876771,COMPLETE,total,elasticnet,0.7429176950896229,,,,,,,,,,,,,,
58,-56.149107422087326,0.0004941396430253842,4.7788655002209985,4.792915336228484,19.20274080527118,COMPLETE,total,elasticnet,0.7469131724394645,,,,,,,,,,,,,,
59,0.005346200262609568,0.050759472496799296,0.5227633152271896,0.632311389563687,2.3064040530930816,COMPLETE,total,elasticnet,0.8581492392556765,,,,,,,,,,,,,,
60,0.4449050839738856,0.09042637493167084,0.3961930634706719,0.47236602841505904,1.7595516811228764,COMPLETE,total,elasticnet,0.8049950163027647,,,,,,,,,,,,,,
61,0.5902484084011763,0.6698416498799108,0.34430134338246,0.4058404736951445,1.524368938983664,COMPLETE,total,elasticnet,0.6747394764006153,,,,,,,,,,,,,,
62,0.0017503349580945127,0.287713892728633,0.5176919134792186,0.6334533222251922,2.3133460191033706,COMPLETE,total,elasticnet,0.6578306295190101,,,,,,,,,,,,,,
63,-0.34945839244873045,0.9531630651446815,0.6330636736548433,0.7365034421607279,2.7939595338134606,COMPLETE,total,elasticnet,0.6961231522275356,,,,,,,,,,,,,,
64,-28.46629769876399,2.7515941967725936,3.4032976283404532,3.4415795918766885,14.079344010727048,COMPLETE,total,elasticnet,0.7792255764027647,,,,,,,,,,,,,,
65,-0.6952936446253775,0.1685215203135865,0.7361893689594776,0.8255008002121534,3.3141331647365733,COMPLETE,total,elasticnet,0.7429505835916855,,,,,,,,,,,,,,
66,-5.769841892742686,1.4723030815859441,1.6045703374412277,1.6496214482254572,6.905094623668824,COMPLETE,total,elasticnet,0.8954001248068013,,,,,,,,,,,,,,
67,0.3677360168240392,0.3552590079841907,0.4047576914633198,0.5041319858154232,1.7968546931613278,COMPLETE,total,elasticnet,0.9477228456328759,,,,,,,,,,,,,,
68,0.6627327913088676,0.5748109622202024,0.3284228475962004,0.36819856433132037,1.4522498166093867,COMPLETE,total,elasticnet,0.7113817418190433,,,,,,,,,,,,,,
69,-55.64789586357091,4.469802655768225,4.729545473131078,4.771851534802652,19.032151386467703,COMPLETE,total,elasticnet,0.7203064592459734,,,,,,,,,,,,,,
70,-0.1286767728704321,0.6574586379101979,0.5174666843443454,0.6735654860287752,2.3203310117234905,COMPLETE,total,elasticnet,0.13947575326850042,,,,,,,,,,,,,,
71,0.5598040745578914,0.4742715902896529,0.35305145456751497,0.4206472371546819,1.5630976556642528,COMPLETE,total,elasticnet,0.6782309651142288,,,,,,,,,,,,,,
72,-0.8863869107372238,1.0463088862753882,0.7827063201143675,0.8707839562070855,3.4389503586849597,COMPLETE,total,elasticnet,0.6857097123139086,,,,,,,,,,,,,,
73,-0.12567582688347656,0.25842917432295565,0.5651753621594816,0.6726694460510196,2.5289019857783344,COMPLETE,total,elasticnet,0.7866821866982172,,,,,,,,,,,,,,
74,0.3545267570111065,0.37043822882730326,0.4070202263886665,0.5093709272595772,1.8085304472116475,COMPLETE,total,elasticnet,0.7434827269002825,,,,,,,,,,,,,,
75,-4.717363613159504,1.4952754142416984,1.4615445942917333,1.5159781378493105,6.312021429981023,COMPLETE,total,elasticnet,0.6481518075183741,,,,,,,,,,,,,,
76,0.5876333645651362,0.6879469439327881,0.3307074739441174,0.40713345551339997,1.4639641677192032,COMPLETE,total,elasticnet,0.8424924138406552,,,,,,,,,,,,,,
77,0.6086316454354596,0.676052006361199,0.3166538062732703,0.3966321232422871,1.4014228478117485,COMPLETE,total,elasticnet,0.8564281670675258,,,,,,,,,,,,,,
78,0.5410646787373748,0.7107760638264644,0.35840565921984674,0.4295075214648853,1.5871536701511855,COMPLETE,total,elasticnet,0.8440239746351381,,,,,,,,,,,,,,
79,-23.04150163962135,2.3415386672382925,3.0707120800546543,3.108678623374601,12.79380025392702,COMPLETE,total,elasticnet,0.8817763376303015,,,,,,,,,,,,,,
0,-54.69140382210221,,4.6887229012401646,4.73139399462756,18.88366790470788,COMPLETE,total,random_forest,,16.0,0.4514121162875837,9.0,15.0,462.0,,,,,,,,,
1,-54.872602810922984,,4.696483620963671,4.739084836734175,18.91191464126286,COMPLETE,total,random_forest,,2.0,0.8102471755674295,11.0,15.0,309.0,,,,,,,,,
2,-52.66354107789833,,4.60097698038648,4.644454312600139,18.563684325209643,COMPLETE,total,random_forest,,16.0,0.4681862286846154,10.0,6.0,214.0,,,,,,,,,
3,-54.752971280175416,,4.6913612642612526,4.734008576206288,18.89327175865365,COMPLETE,total,random_forest,,6.0,0.5392989411287272,7.0,11.0,328.0,,,,,,,,,
4,-26.321424260830277,,3.2568259876781784,3.313955705144617,13.516778700012818,COMPLETE,total,random_forest,,4.0,0.6464454897410734,4.0,10.0,628.0,,,,,,,,,
5,-54.83990813512857,,4.695084262443305,4.737698061213541,18.90682203917907,COMPLETE,total,random_forest,,4.0,0.3801927682679985,7.0,15.0,750.0,,,,,,,,,
6,-54.900465705325196,,4.697675846347315,4.740266347489212,18.916253210067,COMPLETE,total,random_forest,,4.0,0.9776608214984636,1.0,23.0,625.0,,,,,,,,,
7,-55.01833350236131,,4.702715947761031,4.745261212315891,18.934592098219813,COMPLETE,total,random_forest,,6.0,0.6360991209307408,2.0,17.0,766.0,,,,,,,,,
8,-54.40652711352107,,4.676495642854689,4.719277294822019,18.83914639532403,COMPLETE,total,random_forest,,9.0,0.518206988040011,1.0,22.0,285.0,,,,,,,,,
9,-54.84854989472635,,4.6954541772788,4.7380646490638645,18.90816827605386,COMPLETE,total,random_forest,,6.0,0.47015539609159257,7.0,14.0,664.0,,,,,,,,,
10,-17.831206136971712,,2.683451932915282,2.7512756237519276,11.277369430559455,COMPLETE,total,random_forest,,12.0,0.7660575266039114,4.0,2.0,869.0,,,,,,,,,
11,-17.932232495852748,,2.6909253106137894,2.7586458251667283,11.306905041574781,COMPLETE,total,random_forest,,12.0,0.7684132788054852,4.0,3.0,837.0,,,,,,,,,
12,-17.57790194684816,,2.662957476416324,2.7327088596383344,11.196320148978474,COMPLETE,total,random_forest,,12.0,0.8225913410012512,4.0,2.0,895.0,,,,,,,,,
13,-17.362801325891997,,2.645930681610144,2.7168427314439585,11.128936228299013,COMPLETE,total,random_forest,,12.0,0.8852734205822993,4.0,2.0,879.0,,,,,,,,,
14,-25.158953934682323,,3.1829844246490833,3.2426884014675172,13.231342745531894,COMPLETE,total,random_forest,,12.0,0.9617044516578511,5.0,6.0,889.0,,,,,,,,,
15,-12.412846406212969,,2.2356178002094595,2.3219641348775415,9.490452465177784,COMPLETE,total,random_forest,,10.0,0.8795090199763674,3.0,6.0,489.0,,,,,,,,,
16,-11.39713080376526,,2.1461983173799983,2.232315749891002,9.129514383704562,COMPLETE,total,random_forest,,9.0,0.8985870661122766,2.0,6.0,485.0,,,,,,,,,
17,-17.396423935947116,,2.64631499044509,2.7193288871702097,11.130413945565698,COMPLETE,total,random_forest,,9.0,0.9055601768994622,2.0,8.0,469.0,,,,,,,,,
18,-10.657460003442202,,2.089108861167668,2.164696418797613,8.898186032923343,COMPLETE,total,random_forest,,9.0,0.7214242801101427,2.0,5.0,489.0,,,,,,,,,
19,-21.917712409322387,,2.971265667119105,3.035153529684434,12.408109191548245,COMPLETE,total,random_forest,,10.0,0.6837740298493892,2.0,9.0,394.0,,,,,,,,,
20,-46.559079280913494,,4.326024441836753,4.372318100572463,17.553642186997788,COMPLETE,total,random_forest,,8.0,0.6908077226885364,6.0,5.0,541.0,,,,,,,,,
21,-12.238572881807375,,2.2205905254457696,2.3068301394519475,9.429917344038223,COMPLETE,total,random_forest,,14.0,0.8913153887661023,3.0,5.0,526.0,,,,,,,,,
22,-9.001117120098831,,1.9211710120755114,2.0050226739125647,8.215338967284252,COMPLETE,total,random_forest,,14.0,0.926661513255681,1.0,4.0,569.0,,,,,,,,,
23,-16.65828151119874,,2.5855091581334513,2.6642148807875086,10.889312957981655,COMPLETE,total,random_forest,,14.0,0.976113970095978,1.0,8.0,408.0,,,,,,,,,
24,-9.557564359349684,,1.977376076412547,2.0600459161367173,8.44455546561984,COMPLETE,total,random_forest,,8.0,0.8260334901090891,2.0,4.0,584.0,,,,,,,,,
25,-12.570606547484475,,2.251909798247384,2.335579535170835,9.556026891590504,COMPLETE,total,random_forest,,8.0,0.7573341464949199,3.0,4.0,605.0,,,,,,,,,
26,-46.97348135072563,,4.345160408272845,4.391325699604472,17.624298781045912,COMPLETE,total,random_forest,,7.0,0.8312386569375066,1.0,12.0,569.0,,,,,,,,,
27,-54.737204841972655,,4.690685763176684,4.733339161379858,18.89081297730567,COMPLETE,total,random_forest,,14.0,0.721808829670814,5.0,19.0,694.0,,,,,,,,,
28,-54.80366736435216,,4.693532640650438,4.736160400222402,18.901174979499828,COMPLETE,total,random_forest,,10.0,0.6127096902535056,12.0,8.0,582.0,,,,,,,,,
29,-13.68565072615303,,2.3464385762925684,2.4296383229486573,9.93573058639237,COMPLETE,total,random_forest,,16.0,0.5939671664186501,3.0,4.0,423.0,,,,,,,,,
30,-54.822766196114394,,4.694350406924804,4.7369708074653385,18.90415124800409,COMPLETE,total,random_forest,,11.0,0.8461337631209489,9.0,4.0,713.0,,,,,,,,,
31,-14.46035514345015,,2.4154092715868654,2.4928994662788004,10.211860184186621,COMPLETE,total,random_forest,,8.0,0.9216999499365213,2.0,7.0,520.0,,,,,,,,,
32,-10.103100573416517,,2.0274009117037672,2.112599479699382,8.648104127912532,COMPLETE,total,random_forest,,7.0,0.9341492420023032,2.0,4.0,439.0,,,,,,,,,
33,-8.548126176617,,1.8731363215025028,1.9590887304448623,8.018955423075838,COMPLETE,total,random_forest,,7.0,0.9379194443243688,1.0,3.0,363.0,,,,,,,,,
34,-8.638752721726924,,1.8790220694205892,1.9683641700455692,8.043234411204752,COMPLETE,total,random_forest,,5.0,0.9300879638942464,1.0,3.0,342.0,,,,,,,,,
35,-9.599783427559085,,1.9810266239399776,2.0641608066236063,8.45925053260003,COMPLETE,total,random_forest,,2.0,0.9965511987513338,1.0,3.0,240.0,,,,,,,,,
36,-25.8728984601179,,3.2247601222527584,3.2866411403076308,13.392835552465876,COMPLETE,total,random_forest,,5.0,0.9477421517649416,1.0,10.0,375.0,,,,,,,,,
37,-9.608831944283494,,1.9864639518810396,2.0650416552452597,8.481499832315627,COMPLETE,total,random_forest,,5.0,0.8563735944045224,1.0,3.0,361.0,,,,,,,,,
38,-54.72533017572134,,4.690176937878447,4.732834921734604,18.888960841215884,COMPLETE,total,random_forest,,5.0,0.8018008263211025,9.0,7.0,326.0,,,,,,,,,
39,-52.41519781219498,,4.590115843211161,4.633695085121793,18.5239982836917,COMPLETE,total,random_forest,,3.0,0.9484928297284365,8.0,11.0,200.0,,,,,,,,,
40,-54.481503680815024,,4.679716826909021,4.722469297712711,18.85087739339681,COMPLETE,total,random_forest,,7.0,0.7942542045142661,3.0,17.0,288.0,,,,,,,,,
41,-9.494310090677942,,1.9705231609792087,2.0538653966911764,8.416473082271835,COMPLETE,total,random_forest,,2.0,0.9957681576833849,1.0,3.0,257.0,,,,,,,,,
42,-9.956248884696482,,2.018417992369079,2.0985821582001156,8.611346353782402,COMPLETE,total,random_forest,,2.0,0.9982886717140611,1.0,2.0,245.0,,,,,,,,,
43,-9.158187270625966,,1.9336946770905346,2.0207060377651613,8.266568367451336,COMPLETE,total,random_forest,,3.0,0.9203886173786763,1.0,3.0,262.0,,,,,,,,,
44,-9.158187270625973,,1.933694677090535,2.0207060377651618,8.26656836745134,COMPLETE,total,random_forest,,3.0,0.9229127747659576,1.0,3.0,262.0,,,,,,,,,
45,-8.305250503743135,,1.843663062211404,1.9340115625268905,7.898557750325528,COMPLETE,total,random_forest,,4.0,0.8650724775967706,1.0,2.0,340.0,,,,,,,,,
46,-12.610460588284958,,2.253329946792334,2.3390065758531295,9.56175523798331,COMPLETE,total,random_forest,,4.0,0.8784936924078609,3.0,2.0,350.0,,,,,,,,,
47,-11.106856734904364,,2.119573410939235,2.206026541363884,9.021849695252424,COMPLETE,total,random_forest,,3.0,0.8601070808503792,2.0,5.0,318.0,,,,,,,,,
48,-25.135170294745837,,3.1808603144259275,3.2412139451204474,13.223106239014928,COMPLETE,total,random_forest,,6.0,0.9634111614898899,5.0,2.0,296.0,,,,,,,,,
49,-11.671089402821918,,2.174006442879458,2.2568464364825775,9.241792243947033,COMPLETE,total,random_forest,,4.0,0.9064843339210096,1.0,6.0,346.0,,,,,,,,,
