number,value,params_alpha,user_attrs_mae_valid,user_attrs_rmse_valid,user_attrs_smape_valid,state,nivel,familia,params_l1_ratio,params_max_depth,params_max_features,params_min_samples_leaf,params_min_samples_split,params_n_estimators,params_l2_regularization,params_learning_rate,params_max_iter,params_max_leaf_nodes,params_colsample_bytree,params_min_child_weight,params_reg_alpha,params_reg_lambda,params_subsample
48,-55.647889866091454,,4.729545218266522,4.771851282197662,19.032150460211827,COMPLETE,total,xgboost,,10.0,,,,463.0,,0.14914752156465683,,,0.7914999520529578,15.560097618854918,0.038723929433861264,0.00023337390011029052,0.7228417424227511
49,-1.222243180312883,,0.8833379174445817,0.945128420184473,3.866571530677043,COMPLETE,total,xgboost,,7.0,,,,680.0,,0.10776516300994285,,,0.7353607618726103,4.2111925665583,3.2365863206086914e-08,2.8694552873545705e-05,0.6776338049595811
50,-1.430658281120094,,0.9405704563036311,0.988455187854254,4.1140737388052955,COMPLETE,total,xgboost,,6.0,,,,741.0,,0.05268286924821896,,,0.8278897909844853,4.184169076682762,2.1158740147043694e-07,3.106831757797348e-05,0.6781368375458466
51,-3.49270742696104,,1.2060040856574723,1.3438447542766931,5.250423208828674,COMPLETE,total,xgboost,,6.0,,,,754.0,,0.053425005571345,,,0.8268412898940513,2.810898681776134,2.143504252886935e-07,3.0074461147400445e-05,0.6890889441614355
52,-1.5415346698803636,,0.9448101744229346,1.0107483728106506,4.132638620416858,COMPLETE,total,xgboost,,7.0,,,,682.0,,0.03704588059182026,,,0.8501419076902068,4.047457262094131,7.690476522257401e-07,7.797401073420096e-06,0.6709639315350979
53,-3.4996032436776714,,1.219514471806561,1.3448756865235292,5.300433303650535,COMPLETE,total,xgboost,,6.0,,,,685.0,,0.04222383060986673,,,0.8841849712171763,3.969846129107255,2.1574639606326824e-08,1.144530714172018e-06,0.6695148228552238
54,-21.85496085111143,,2.9675184314623224,3.0309953666656355,12.393491798472974,COMPLETE,total,xgboost,,6.0,,,,726.0,,0.03840343237063881,,,0.8067784949543659,6.765490479652801,8.107299942356385e-07,9.20927582092486e-06,0.6173245283411519
55,-23.705414200696538,,3.0973948861335465,3.1513098096790837,12.899135470271583,COMPLETE,total,xgboost,,7.0,,,,152.0,,0.02289876478910634,,,0.7869941998812768,5.397771760893637,1.471391188413944e-07,4.851524604734414e-05,0.6450582562747963
56,-3.177133868410748,,1.1891008441820492,1.2957888197983471,5.178382036983805,COMPLETE,total,xgboost,,5.0,,,,835.0,,0.03558055560659595,,,0.7577989393913962,2.267907317103398,4.023945680723206e-06,0.0003968304447418859,0.6749685850328584
57,-23.99588197070015,,3.105175914881105,3.169781046696429,12.929560296551362,COMPLETE,total,xgboost,,4.0,,,,752.0,,0.05934180624365127,,,0.8791377306046021,1.6786528496269195,7.81668258028897,0.0007435244232531528,0.7036418576295669
58,-6.994767072950349,,1.6199833639934031,1.7926600458303417,6.9308181207856245,COMPLETE,total,xgboost,,7.0,,,,674.0,,0.08522251287292339,,,0.9312729877881323,6.431890044593528,0.007669073264005684,0.0001601286785982252,0.7479184991517985
59,-2.764802284900903,,1.1406494205370297,1.2301727946196468,4.968367561503904,COMPLETE,total,xgboost,,8.0,,,,197.0,,0.07739428407398133,,,0.8221606106557435,3.9452999376989477,0.8980992068116189,1.6584292190245645e-06,0.58752577017084
60,-64.33375055381607,,5.085275275029217,5.124645481455984,20.315810556163292,COMPLETE,total,xgboost,,6.0,,,,804.0,,0.04979191845547234,,,0.7073174041107684,8.978997981262669,1.0854544610688277e-07,3.868385773199955e-07,0.6547076478858177
61,-1.606773756485961,,0.9313471540982275,1.023638711995725,4.078621114441557,COMPLETE,total,xgboost,,7.0,,,,726.0,,0.11239409626626598,,,0.7733608727808556,4.471450154780551,5.719733713939291e-07,7.484073666266713e-06,0.7188844182800995
62,-2.6011807752405764,,1.0703515435432145,1.20314367734447,4.676287603167539,COMPLETE,total,xgboost,,7.0,,,,528.0,,0.029803892631252993,,,0.849192874005582,2.8826873974939433,2.0528002895795537e-06,3.3972834939997528e-06,0.6828016802634692
63,-6.074370400075414,,1.6484921202237157,1.686315877252456,7.088652558812105,COMPLETE,total,xgboost,,7.0,,,,579.0,,0.007109210967146192,,,0.8368926906738464,4.580638053818539,2.4896282308601622e-08,3.155290813879568e-05,0.7371901292484325
64,-1.112970139870904,,0.8391892203166454,0.9215983987127341,3.67140674419682,COMPLETE,total,xgboost,,8.0,,,,652.0,,0.11935221491726516,,,0.7333574003582233,5.636118359818258,2.9031582594117983e-07,8.035883181081667e-06,0.6994798825578521
65,-1.0009412693864186,,0.7922019387458512,0.896834284862634,3.4753431096850336,COMPLETE,total,xgboost,,8.0,,,,701.0,,0.14701120682687446,,,0.733175439172068,5.6134788132674105,1.3171355782626282e-05,1.6110246888754256e-05,0.6349373974790496
66,-1.34792076209399,,0.852145137903566,0.9714864548297215,3.7256490637031217,COMPLETE,total,xgboost,,8.0,,,,637.0,,0.09009060481714952,,,0.7319164727144132,5.454391861735221,1.291298065825213e-05,1.3611598630074057e-05,0.629700526740663
67,-58.1949501144399,,4.83657227209953,4.877950187427682,19.420285180534705,COMPLETE,total,xgboost,,8.0,,,,632.0,,0.1498976719775455,,,0.728122423959047,7.260922777581808,0.00010738671306465809,1.5776148070030486e-05,0.6260640567418385
68,-0.9404745231825504,,0.7946299935554215,0.8831795495891209,3.4745085714876494,COMPLETE,total,xgboost,,8.0,,,,708.0,,0.19722636918312422,,,0.7494143068850319,5.508007284203052,1.867396789683326e-05,2.5499326930957586e-06,0.6474597023088671
69,-51.16485229826551,,4.535037619389569,4.579141065425082,18.322477666896773,COMPLETE,total,xgboost,,9.0,,,,705.0,,0.20130653708852256,,,0.6981173594185351,7.967726450724459,3.2059662175777636e-05,6.791912285133265e-07,0.6091775622135299
70,-55.647889866091454,,4.729545218266522,4.771851282197662,19.032150460211827,COMPLETE,total,xgboost,,9.0,,,,658.0,,0.141328604162124,,,0.6761468065595935,19.753932073005004,1.025932527406056e-08,2.463052247471923e-06,0.5886516813360215
71,-1.1291134285920132,,0.7911417707974463,0.9251122487606769,3.475703613233045,COMPLETE,total,xgboost,,8.0,,,,775.0,,0.18357517011914606,,,0.7431960696033674,5.490076587736778,1.000041363756168e-05,1.1877931982395419e-05,0.6350554004601915
72,-6.913046168863898,,1.6032193589681754,1.783474406538574,6.858809548542529,COMPLETE,total,xgboost,,8.0,,,,776.0,,0.17531074966890733,,,0.7415253087569116,6.176062619918804,0.00021858020965378504,0.00010770666718333216,0.651964864674917
73,-1.2061380741879852,,0.8394393349860856,0.9416974113137228,3.675791688320452,COMPLETE,total,xgboost,,9.0,,,,700.0,,0.12230161753323532,,,0.7523340298961393,5.605203135299005,1.6432906065177695e-06,4.510615438547937e-05,0.6415310465343009
74,-0.29056889148154985,,0.6549399781698355,0.7202539154114924,2.8799825902787393,COMPLETE,total,xgboost,,9.0,,,,832.0,,0.24981006567928596,,,0.7536073910285901,5.604252103302819,1.6642364090831267e-06,2.296278380408281e-07,0.6386640222440384
75,-51.91307012401649,,4.568076712407147,4.6118642150675075,18.443415033584067,COMPLETE,total,xgboost,,9.0,,,,850.0,,0.2192318143253494,,,0.7623585355967814,7.0166404613647275,3.8030091652927354e-05,5.0994263963805274e-08,0.5688731200546672
76,-2.090444530959829,,1.006922346867596,1.1145652748445598,4.381333670588663,COMPLETE,total,xgboost,,8.0,,,,783.0,,0.20002802266942166,,,0.7838654407139749,5.065330735963881,4.6077086949642195e-06,1.536309339931402e-07,0.6600438457765192
77,-51.204067321577924,,4.536775213994061,4.5808619309137235,18.328842028901605,COMPLETE,total,xgboost,,8.0,,,,806.0,,0.2442400901956702,,,0.7058319207659136,7.545873832917362,9.236875348694199e-06,3.170021265864377e-08,0.6365955365618248
78,-60.56516958370133,,4.934083563603436,4.974650470174295,19.772464026391443,COMPLETE,total,xgboost,,9.0,,,,856.0,,0.16274476302229712,,,0.7478066906464946,9.762660608289092,1.6832038845784226e-05,5.128049380459181e-07,0.6957251116297455
79,-57.889706843109884,,4.8238712375536315,4.865357171295952,19.374311848903073,COMPLETE,total,xgboost,,9.0,,,,866.0,,0.1909013783026107,,,0.8029652216009712,11.739148630158112,2.9305851889686525e-06,7.13644348060711e-07,0.6147660136045013
